<?xml version="1.0" encoding="UTF-8"?>
<coverage generated="1758419194978" clover="3.2.0">
  <project timestamp="1758419194978" name="All files">
    <metrics statements="665" coveredstatements="469" conditionals="335" coveredconditionals="189" methods="70" coveredmethods="37" elements="1070" coveredelements="695" complexity="0" loc="665" ncloc="665" packages="1" files="4" classes="4"/>
    <file name="constants.js" path="C:\Users\behro\repos\timer2\constants.js">
      <metrics statements="4" coveredstatements="4" conditionals="0" coveredconditionals="0" methods="1" coveredmethods="1"/>
      <line num="3" count="9" type="stmt"/>
      <line num="16" count="90" type="stmt"/>
      <line num="18" count="9" type="stmt"/>
      <line num="19" count="9" type="stmt"/>
    </file>
    <file name="runner.js" path="C:\Users\behro\repos\timer2\runner.js">
      <metrics statements="234" coveredstatements="195" conditionals="159" coveredconditionals="109" methods="29" coveredmethods="21"/>
      <line num="10" count="5" type="stmt"/>
      <line num="11" count="5" type="stmt"/>
      <line num="12" count="5" type="stmt"/>
      <line num="14" count="5" type="stmt"/>
      <line num="15" count="4" type="stmt"/>
      <line num="16" count="4" type="stmt"/>
      <line num="19" count="5" type="stmt"/>
      <line num="20" count="0" type="cond" truecount="0" falsecount="2"/>
      <line num="22" count="0" type="stmt"/>
      <line num="25" count="0" type="stmt"/>
      <line num="27" count="0" type="cond" truecount="0" falsecount="2"/>
      <line num="28" count="0" type="stmt"/>
      <line num="33" count="0" type="stmt"/>
      <line num="36" count="5" type="stmt"/>
      <line num="37" count="1" type="cond" truecount="1" falsecount="1"/>
      <line num="38" count="1" type="stmt"/>
      <line num="39" count="0" type="stmt"/>
      <line num="40" count="0" type="stmt"/>
      <line num="41" count="0" type="cond" truecount="0" falsecount="2"/>
      <line num="45" count="5" type="stmt"/>
      <line num="47" count="3" type="stmt"/>
      <line num="48" count="3" type="stmt"/>
      <line num="49" count="3" type="stmt"/>
      <line num="50" count="1" type="stmt"/>
      <line num="51" count="1" type="cond" truecount="2" falsecount="0"/>
      <line num="52" count="1" type="stmt"/>
      <line num="54" count="1" type="stmt"/>
      <line num="55" count="1" type="cond" truecount="2" falsecount="0"/>
      <line num="56" count="1" type="stmt"/>
      <line num="58" count="3" type="stmt"/>
      <line num="59" count="3" type="stmt"/>
      <line num="61" count="3" type="stmt"/>
      <line num="62" count="3" type="cond" truecount="2" falsecount="0"/>
      <line num="67" count="1" type="cond" truecount="1" falsecount="1"/>
      <line num="68" count="1" type="stmt"/>
      <line num="69" count="1" type="stmt"/>
      <line num="70" count="1" type="cond" truecount="2" falsecount="0"/>
      <line num="71" count="1" type="stmt"/>
      <line num="73" count="1" type="stmt"/>
      <line num="75" count="1" type="stmt"/>
      <line num="84" count="2" type="stmt"/>
      <line num="85" count="2" type="stmt"/>
      <line num="86" count="2" type="cond" truecount="1" falsecount="1"/>
      <line num="89" count="2" type="cond" truecount="1" falsecount="1"/>
      <line num="91" count="2" type="stmt"/>
      <line num="92" count="2" type="stmt"/>
      <line num="93" count="2" type="stmt"/>
      <line num="94" count="2" type="stmt"/>
      <line num="95" count="2" type="stmt"/>
      <line num="96" count="2" type="stmt"/>
      <line num="97" count="2" type="stmt"/>
      <line num="99" count="2" type="stmt"/>
      <line num="101" count="2" type="cond" truecount="1" falsecount="1"/>
      <line num="103" count="2" type="cond" truecount="2" falsecount="0"/>
      <line num="105" count="2" type="stmt"/>
      <line num="106" count="2" type="stmt"/>
      <line num="108" count="2" type="stmt"/>
      <line num="109" count="2" type="stmt"/>
      <line num="110" count="2" type="stmt"/>
      <line num="111" count="2" type="stmt"/>
      <line num="114" count="2" type="stmt"/>
      <line num="120" count="2" type="stmt"/>
      <line num="127" count="2" type="stmt"/>
      <line num="128" count="2" type="stmt"/>
      <line num="132" count="2" type="stmt"/>
      <line num="133" count="2" type="stmt"/>
      <line num="136" count="5" type="stmt"/>
      <line num="137" count="8" type="stmt"/>
      <line num="138" count="8" type="stmt"/>
      <line num="139" count="8" type="stmt"/>
      <line num="140" count="30" type="stmt"/>
      <line num="141" count="8" type="stmt"/>
      <line num="142" count="8" type="stmt"/>
      <line num="143" count="8" type="stmt"/>
      <line num="144" count="8" type="stmt"/>
      <line num="145" count="8" type="stmt"/>
      <line num="147" count="8" type="stmt"/>
      <line num="148" count="30" type="stmt"/>
      <line num="149" count="30" type="cond" truecount="3" falsecount="1"/>
      <line num="150" count="30" type="stmt"/>
      <line num="151" count="40" type="stmt"/>
      <line num="152" count="40" type="cond" truecount="2" falsecount="0"/>
      <line num="153" count="38" type="cond" truecount="1" falsecount="1"/>
      <line num="154" count="38" type="cond" truecount="2" falsecount="0"/>
      <line num="155" count="38" type="cond" truecount="2" falsecount="0"/>
      <line num="157" count="38" type="cond" truecount="4" falsecount="0"/>
      <line num="158" count="2" type="stmt"/>
      <line num="161" count="36" type="cond" truecount="2" falsecount="0"/>
      <line num="162" count="36" type="cond" truecount="5" falsecount="0"/>
      <line num="163" count="28" type="stmt"/>
      <line num="164" count="28" type="stmt"/>
      <line num="165" count="28" type="stmt"/>
      <line num="166" count="28" type="stmt"/>
      <line num="167" count="28" type="cond" truecount="2" falsecount="0"/>
      <line num="168" count="16" type="stmt"/>
      <line num="172" count="16" type="stmt"/>
      <line num="178" count="28" type="stmt"/>
      <line num="184" count="28" type="stmt"/>
      <line num="187" count="30" type="cond" truecount="2" falsecount="0"/>
      <line num="188" count="26" type="stmt"/>
      <line num="189" count="26" type="stmt"/>
      <line num="190" count="26" type="stmt"/>
      <line num="191" count="28" type="stmt"/>
      <line num="192" count="28" type="stmt"/>
      <line num="196" count="8" type="stmt"/>
      <line num="197" count="8" type="stmt"/>
      <line num="198" count="8" type="stmt"/>
      <line num="199" count="30" type="stmt"/>
      <line num="200" count="30" type="cond" truecount="2" falsecount="0"/>
      <line num="201" count="26" type="stmt"/>
      <line num="202" count="28" type="stmt"/>
      <line num="203" count="28" type="cond" truecount="2" falsecount="0"/>
      <line num="205" count="28" type="cond" truecount="2" falsecount="0"/>
      <line num="209" count="28" type="stmt"/>
      <line num="216" count="28" type="stmt"/>
      <line num="217" count="28" type="stmt"/>
      <line num="221" count="8" type="stmt"/>
      <line num="233" count="5" type="stmt"/>
      <line num="234" count="1" type="cond" truecount="1" falsecount="1"/>
      <line num="235" count="1" type="stmt"/>
      <line num="236" count="1" type="stmt"/>
      <line num="237" count="1" type="cond" truecount="1" falsecount="1"/>
      <line num="239" count="0" type="stmt"/>
      <line num="240" count="0" type="stmt"/>
      <line num="242" count="1" type="stmt"/>
      <line num="249" count="1" type="stmt"/>
      <line num="250" count="1" type="stmt"/>
      <line num="251" count="1" type="stmt"/>
      <line num="252" count="1" type="stmt"/>
      <line num="253" count="1" type="stmt"/>
      <line num="254" count="1" type="stmt"/>
      <line num="257" count="5" type="stmt"/>
      <line num="258" count="4" type="cond" truecount="2" falsecount="0"/>
      <line num="259" count="2" type="stmt"/>
      <line num="260" count="2" type="stmt"/>
      <line num="261" count="2" type="stmt"/>
      <line num="263" count="2" type="stmt"/>
      <line num="265" count="2" type="cond" truecount="2" falsecount="0"/>
      <line num="266" count="1" type="stmt"/>
      <line num="267" count="1" type="stmt"/>
      <line num="269" count="1" type="cond" truecount="1" falsecount="1"/>
      <line num="270" count="1" type="cond" truecount="1" falsecount="1"/>
      <line num="272" count="1" type="cond" truecount="1" falsecount="1"/>
      <line num="276" count="0" type="stmt"/>
      <line num="277" count="1" type="stmt"/>
      <line num="278" count="1" type="stmt"/>
      <line num="280" count="1" type="stmt"/>
      <line num="283" count="5" type="cond" truecount="0" falsecount="1"/>
      <line num="284" count="1" type="stmt"/>
      <line num="285" count="1" type="stmt"/>
      <line num="286" count="1" type="stmt"/>
      <line num="287" count="1" type="stmt"/>
      <line num="288" count="1" type="stmt"/>
      <line num="289" count="1" type="stmt"/>
      <line num="291" count="1" type="cond" truecount="1" falsecount="1"/>
      <line num="292" count="1" type="cond" truecount="1" falsecount="1"/>
      <line num="294" count="1" type="stmt"/>
      <line num="301" count="0" type="stmt"/>
      <line num="302" count="0" type="stmt"/>
      <line num="307" count="0" type="stmt"/>
      <line num="308" count="0" type="stmt"/>
      <line num="310" count="1" type="stmt"/>
      <line num="311" count="1" type="stmt"/>
      <line num="315" count="1" type="stmt"/>
      <line num="318" count="5" type="stmt"/>
      <line num="319" count="1" type="stmt"/>
      <line num="320" count="1" type="stmt"/>
      <line num="321" count="1" type="stmt"/>
      <line num="322" count="1" type="stmt"/>
      <line num="323" count="1" type="stmt"/>
      <line num="324" count="1" type="stmt"/>
      <line num="328" count="1" type="stmt"/>
      <line num="329" count="1" type="stmt"/>
      <line num="330" count="1" type="stmt"/>
      <line num="331" count="1" type="stmt"/>
      <line num="334" count="5" type="stmt"/>
      <line num="335" count="2" type="cond" truecount="2" falsecount="0"/>
      <line num="339" count="1" type="stmt"/>
      <line num="342" count="1" type="stmt"/>
      <line num="344" count="1" type="stmt"/>
      <line num="346" count="1" type="cond" truecount="1" falsecount="1"/>
      <line num="347" count="1" type="stmt"/>
      <line num="348" count="1" type="stmt"/>
      <line num="349" count="1" type="stmt"/>
      <line num="351" count="0" type="cond" truecount="0" falsecount="2"/>
      <line num="353" count="0" type="stmt"/>
      <line num="354" count="0" type="stmt"/>
      <line num="357" count="0" type="stmt"/>
      <line num="362" count="0" type="stmt"/>
      <line num="363" count="0" type="stmt"/>
      <line num="364" count="0" type="stmt"/>
      <line num="368" count="0" type="cond" truecount="0" falsecount="2"/>
      <line num="369" count="0" type="stmt"/>
      <line num="370" count="0" type="cond" truecount="0" falsecount="2"/>
      <line num="371" count="0" type="stmt"/>
      <line num="372" count="0" type="cond" truecount="0" falsecount="2"/>
      <line num="373" count="0" type="stmt"/>
      <line num="374" count="0" type="cond" truecount="0" falsecount="2"/>
      <line num="375" count="0" type="stmt"/>
      <line num="376" count="0" type="stmt"/>
      <line num="380" count="5" type="stmt"/>
      <line num="381" count="0" type="cond" truecount="0" falsecount="2"/>
      <line num="382" count="0" type="stmt"/>
      <line num="383" count="0" type="stmt"/>
      <line num="387" count="5" type="stmt"/>
      <line num="388" count="0" type="cond" truecount="0" falsecount="4"/>
      <line num="389" count="0" type="stmt"/>
      <line num="390" count="0" type="stmt"/>
      <line num="395" count="0" type="stmt"/>
      <line num="398" count="5" type="stmt"/>
      <line num="399" count="5" type="stmt"/>
      <line num="401" count="5" type="stmt"/>
      <line num="402" count="5" type="stmt"/>
      <line num="404" count="5" type="cond" truecount="2" falsecount="0"/>
      <line num="405" count="5" type="cond" truecount="2" falsecount="0"/>
      <line num="406" count="5" type="cond" truecount="2" falsecount="0"/>
      <line num="407" count="5" type="cond" truecount="2" falsecount="0"/>
      <line num="408" count="5" type="cond" truecount="2" falsecount="0"/>
      <line num="409" count="5" type="cond" truecount="2" falsecount="0"/>
      <line num="410" count="5" type="cond" truecount="2" falsecount="0"/>
      <line num="411" count="5" type="cond" truecount="1" falsecount="1"/>
      <line num="412" count="5" type="cond" truecount="1" falsecount="1"/>
      <line num="413" count="5" type="cond" truecount="1" falsecount="1"/>
      <line num="414" count="5" type="cond" truecount="2" falsecount="0"/>
      <line num="415" count="5" type="cond" truecount="2" falsecount="0"/>
      <line num="416" count="5" type="cond" truecount="2" falsecount="0"/>
      <line num="417" count="5" type="cond" truecount="2" falsecount="0"/>
      <line num="418" count="5" type="cond" truecount="2" falsecount="0"/>
      <line num="419" count="5" type="cond" truecount="2" falsecount="0"/>
      <line num="420" count="5" type="cond" truecount="2" falsecount="0"/>
      <line num="421" count="5" type="cond" truecount="2" falsecount="0"/>
      <line num="422" count="5" type="cond" truecount="2" falsecount="0"/>
      <line num="423" count="5" type="cond" truecount="2" falsecount="0"/>
      <line num="424" count="5" type="cond" truecount="2" falsecount="0"/>
    </file>
    <file name="ui.js" path="C:\Users\behro\repos\timer2\ui.js">
      <metrics statements="416" coveredstatements="259" conditionals="173" coveredconditionals="79" methods="35" coveredmethods="10"/>
      <line num="6" count="9" type="stmt"/>
      <line num="7" count="9" type="stmt"/>
      <line num="9" count="9" type="stmt"/>
      <line num="10" count="52" type="stmt"/>
      <line num="11" count="52" type="cond" truecount="4" falsecount="0"/>
      <line num="12" count="50" type="cond" truecount="2" falsecount="0"/>
      <line num="13" count="35" type="stmt"/>
      <line num="14" count="35" type="stmt"/>
      <line num="15" count="35" type="stmt"/>
      <line num="16" count="35" type="stmt"/>
      <line num="17" count="35" type="stmt"/>
      <line num="18" count="35" type="stmt"/>
      <line num="19" count="35" type="cond" truecount="2" falsecount="0"/>
      <line num="20" count="35" type="cond" truecount="2" falsecount="0"/>
      <line num="21" count="35" type="cond" truecount="4" falsecount="1"/>
      <line num="22" count="35" type="stmt"/>
      <line num="23" count="35" type="cond" truecount="2" falsecount="0"/>
      <line num="27" count="9" type="stmt"/>
      <line num="29" count="0" type="stmt"/>
      <line num="30" count="0" type="stmt"/>
      <line num="31" count="0" type="stmt"/>
      <line num="32" count="0" type="stmt"/>
      <line num="33" count="0" type="stmt"/>
      <line num="34" count="0" type="cond" truecount="0" falsecount="2"/>
      <line num="35" count="0" type="stmt"/>
      <line num="36" count="0" type="cond" truecount="0" falsecount="2"/>
      <line num="38" count="0" type="stmt"/>
      <line num="39" count="0" type="stmt"/>
      <line num="40" count="0" type="stmt"/>
      <line num="41" count="0" type="stmt"/>
      <line num="42" count="0" type="stmt"/>
      <line num="43" count="0" type="stmt"/>
      <line num="44" count="0" type="stmt"/>
      <line num="46" count="0" type="stmt"/>
      <line num="49" count="9" type="stmt"/>
      <line num="50" count="2" type="stmt"/>
      <line num="51" count="2" type="stmt"/>
      <line num="52" count="2" type="stmt"/>
      <line num="53" count="2" type="stmt"/>
      <line num="54" count="2" type="stmt"/>
      <line num="55" count="2" type="stmt"/>
      <line num="56" count="2" type="stmt"/>
      <line num="57" count="2" type="stmt"/>
      <line num="58" count="2" type="stmt"/>
      <line num="59" count="2" type="stmt"/>
      <line num="60" count="2" type="stmt"/>
      <line num="63" count="9" type="stmt"/>
      <line num="64" count="2" type="cond" truecount="1" falsecount="1"/>
      <line num="66" count="2" type="stmt"/>
      <line num="67" count="2" type="stmt"/>
      <line num="68" count="2" type="stmt"/>
      <line num="69" count="1" type="stmt"/>
      <line num="72" count="2" type="stmt"/>
      <line num="74" count="2" type="stmt"/>
      <line num="75" count="2" type="cond" truecount="1" falsecount="1"/>
      <line num="76" count="2" type="stmt"/>
      <line num="78" count="2" type="cond" truecount="2" falsecount="0"/>
      <line num="80" count="1" type="stmt"/>
      <line num="81" count="1" type="cond" truecount="2" falsecount="0"/>
      <line num="82" count="1" type="stmt"/>
      <line num="83" count="1" type="stmt"/>
      <line num="84" count="1" type="stmt"/>
      <line num="85" count="1" type="stmt"/>
      <line num="86" count="1" type="stmt"/>
      <line num="87" count="1" type="stmt"/>
      <line num="88" count="1" type="stmt"/>
      <line num="89" count="1" type="cond" truecount="1" falsecount="1"/>
      <line num="90" count="1" type="cond" truecount="1" falsecount="1"/>
      <line num="91" count="1" type="cond" truecount="2" falsecount="0"/>
      <line num="92" count="1" type="stmt"/>
      <line num="95" count="1" type="stmt"/>
      <line num="96" count="1" type="stmt"/>
      <line num="97" count="1" type="stmt"/>
      <line num="99" count="1" type="stmt"/>
      <line num="100" count="1" type="stmt"/>
      <line num="101" count="1" type="stmt"/>
      <line num="103" count="1" type="stmt"/>
      <line num="104" count="1" type="stmt"/>
      <line num="105" count="1" type="stmt"/>
      <line num="106" count="1" type="stmt"/>
      <line num="107" count="1" type="stmt"/>
      <line num="108" count="1" type="stmt"/>
      <line num="109" count="1" type="stmt"/>
      <line num="110" count="1" type="cond" truecount="1" falsecount="1"/>
      <line num="111" count="1" type="stmt"/>
      <line num="112" count="1" type="stmt"/>
      <line num="114" count="1" type="stmt"/>
      <line num="115" count="1" type="stmt"/>
      <line num="116" count="1" type="stmt"/>
      <line num="117" count="1" type="stmt"/>
      <line num="118" count="1" type="stmt"/>
      <line num="119" count="1" type="stmt"/>
      <line num="120" count="1" type="stmt"/>
      <line num="121" count="1" type="stmt"/>
      <line num="122" count="1" type="stmt"/>
      <line num="124" count="1" type="stmt"/>
      <line num="125" count="1" type="stmt"/>
      <line num="126" count="1" type="stmt"/>
      <line num="128" count="1" type="stmt"/>
      <line num="129" count="1" type="stmt"/>
      <line num="130" count="1" type="cond" truecount="1" falsecount="1"/>
      <line num="132" count="1" type="stmt"/>
      <line num="133" count="1" type="stmt"/>
      <line num="134" count="1" type="cond" truecount="1" falsecount="1"/>
      <line num="136" count="1" type="stmt"/>
      <line num="137" count="1" type="stmt"/>
      <line num="138" count="1" type="cond" truecount="2" falsecount="0"/>
      <line num="140" count="1" type="stmt"/>
      <line num="141" count="1" type="stmt"/>
      <line num="142" count="1" type="stmt"/>
      <line num="143" count="1" type="stmt"/>
      <line num="144" count="1" type="stmt"/>
      <line num="145" count="1" type="stmt"/>
      <line num="146" count="1" type="stmt"/>
      <line num="147" count="1" type="stmt"/>
      <line num="148" count="1" type="stmt"/>
      <line num="149" count="1" type="stmt"/>
      <line num="150" count="1" type="stmt"/>
      <line num="151" count="1" type="stmt"/>
      <line num="152" count="1" type="stmt"/>
      <line num="153" count="1" type="stmt"/>
      <line num="154" count="1" type="stmt"/>
      <line num="155" count="1" type="stmt"/>
      <line num="156" count="1" type="stmt"/>
      <line num="157" count="1" type="stmt"/>
      <line num="158" count="1" type="stmt"/>
      <line num="159" count="1" type="stmt"/>
      <line num="160" count="1" type="stmt"/>
      <line num="161" count="1" type="stmt"/>
      <line num="163" count="1" type="stmt"/>
      <line num="164" count="1" type="stmt"/>
      <line num="165" count="1" type="stmt"/>
      <line num="166" count="1" type="stmt"/>
      <line num="167" count="1" type="stmt"/>
      <line num="168" count="1" type="stmt"/>
      <line num="169" count="1" type="stmt"/>
      <line num="170" count="1" type="stmt"/>
      <line num="172" count="2" type="stmt"/>
      <line num="175" count="2" type="stmt"/>
      <line num="176" count="0" type="stmt"/>
      <line num="179" count="2" type="stmt"/>
      <line num="181" count="2" type="stmt"/>
      <line num="184" count="9" type="stmt"/>
      <line num="185" count="5" type="stmt"/>
      <line num="186" count="4" type="cond" truecount="1" falsecount="1"/>
      <line num="189" count="5" type="stmt"/>
      <line num="190" count="5" type="stmt"/>
      <line num="192" count="5" type="stmt"/>
      <line num="193" count="5" type="stmt"/>
      <line num="194" count="5" type="stmt"/>
      <line num="195" count="0" type="stmt"/>
      <line num="198" count="5" type="stmt"/>
      <line num="200" count="5" type="cond" truecount="2" falsecount="0"/>
      <line num="201" count="1" type="stmt"/>
      <line num="202" count="1" type="stmt"/>
      <line num="203" count="1" type="stmt"/>
      <line num="204" count="1" type="stmt"/>
      <line num="205" count="1" type="stmt"/>
      <line num="207" count="4" type="stmt"/>
      <line num="209" count="4" type="stmt"/>
      <line num="210" count="4" type="stmt"/>
      <line num="211" count="4" type="cond" truecount="1" falsecount="1"/>
      <line num="213" count="4" type="cond" truecount="1" falsecount="1"/>
      <line num="214" count="4" type="stmt"/>
      <line num="215" count="4" type="stmt"/>
      <line num="217" count="4" type="cond" truecount="1" falsecount="1"/>
      <line num="219" count="0" type="cond" truecount="0" falsecount="2"/>
      <line num="220" count="0" type="cond" truecount="0" falsecount="2"/>
      <line num="221" count="0" type="stmt"/>
      <line num="223" count="0" type="cond" truecount="0" falsecount="2"/>
      <line num="224" count="0" type="cond" truecount="0" falsecount="2"/>
      <line num="225" count="0" type="cond" truecount="0" falsecount="4"/>
      <line num="226" count="0" type="stmt"/>
      <line num="228" count="0" type="stmt"/>
      <line num="231" count="0" type="stmt"/>
      <line num="234" count="4" type="stmt"/>
      <line num="235" count="4" type="cond" truecount="2" falsecount="0"/>
      <line num="236" count="4" type="stmt"/>
      <line num="237" count="4" type="cond" truecount="2" falsecount="0"/>
      <line num="239" count="4" type="cond" truecount="2" falsecount="0"/>
      <line num="240" count="2" type="cond" truecount="2" falsecount="0"/>
      <line num="241" count="2" type="cond" truecount="4" falsecount="0"/>
      <line num="242" count="1" type="stmt"/>
      <line num="246" count="4" type="stmt"/>
      <line num="247" count="4" type="stmt"/>
      <line num="248" count="4" type="stmt"/>
      <line num="250" count="4" type="stmt"/>
      <line num="251" count="4" type="stmt"/>
      <line num="252" count="4" type="stmt"/>
      <line num="254" count="4" type="stmt"/>
      <line num="255" count="4" type="stmt"/>
      <line num="256" count="4" type="stmt"/>
      <line num="258" count="4" type="stmt"/>
      <line num="259" count="4" type="stmt"/>
      <line num="260" count="4" type="cond" truecount="2" falsecount="0"/>
      <line num="261" count="2" type="stmt"/>
      <line num="262" count="2" type="stmt"/>
      <line num="263" count="2" type="stmt"/>
      <line num="264" count="2" type="stmt"/>
      <line num="265" count="2" type="stmt"/>
      <line num="266" count="2" type="stmt"/>
      <line num="267" count="2" type="stmt"/>
      <line num="268" count="2" type="stmt"/>
      <line num="269" count="2" type="stmt"/>
      <line num="270" count="2" type="stmt"/>
      <line num="271" count="2" type="stmt"/>
      <line num="272" count="2" type="stmt"/>
      <line num="273" count="2" type="stmt"/>
      <line num="274" count="2" type="stmt"/>
      <line num="275" count="2" type="stmt"/>
      <line num="276" count="2" type="stmt"/>
      <line num="277" count="2" type="stmt"/>
      <line num="279" count="2" type="stmt"/>
      <line num="280" count="2" type="stmt"/>
      <line num="281" count="2" type="stmt"/>
      <line num="282" count="2" type="stmt"/>
      <line num="283" count="2" type="stmt"/>
      <line num="286" count="4" type="stmt"/>
      <line num="287" count="4" type="stmt"/>
      <line num="288" count="4" type="stmt"/>
      <line num="289" count="4" type="stmt"/>
      <line num="291" count="4" type="stmt"/>
      <line num="295" count="5" type="stmt"/>
      <line num="296" count="0" type="stmt"/>
      <line num="299" count="5" type="stmt"/>
      <line num="300" count="5" type="stmt"/>
      <line num="303" count="9" type="stmt"/>
      <line num="304" count="0" type="stmt"/>
      <line num="305" count="0" type="stmt"/>
      <line num="306" count="0" type="stmt"/>
      <line num="308" count="0" type="stmt"/>
      <line num="309" count="0" type="cond" truecount="0" falsecount="2"/>
      <line num="310" count="0" type="stmt"/>
      <line num="311" count="0" type="stmt"/>
      <line num="321" count="9" type="stmt"/>
      <line num="322" count="0" type="stmt"/>
      <line num="323" count="0" type="stmt"/>
      <line num="324" count="0" type="stmt"/>
      <line num="325" count="0" type="stmt"/>
      <line num="326" count="0" type="stmt"/>
      <line num="327" count="0" type="stmt"/>
      <line num="328" count="0" type="stmt"/>
      <line num="329" count="0" type="stmt"/>
      <line num="330" count="0" type="stmt"/>
      <line num="331" count="0" type="stmt"/>
      <line num="332" count="0" type="stmt"/>
      <line num="335" count="9" type="stmt"/>
      <line num="336" count="0" type="stmt"/>
      <line num="337" count="0" type="stmt"/>
      <line num="338" count="0" type="stmt"/>
      <line num="339" count="0" type="stmt"/>
      <line num="340" count="0" type="stmt"/>
      <line num="341" count="0" type="cond" truecount="0" falsecount="2"/>
      <line num="342" count="0" type="cond" truecount="0" falsecount="2"/>
      <line num="343" count="0" type="cond" truecount="0" falsecount="2"/>
      <line num="344" count="0" type="stmt"/>
      <line num="345" count="0" type="stmt"/>
      <line num="348" count="9" type="stmt"/>
      <line num="349" count="0" type="stmt"/>
      <line num="350" count="0" type="stmt"/>
      <line num="351" count="0" type="stmt"/>
      <line num="352" count="0" type="stmt"/>
      <line num="353" count="0" type="stmt"/>
      <line num="354" count="0" type="stmt"/>
      <line num="355" count="0" type="stmt"/>
      <line num="356" count="0" type="stmt"/>
      <line num="357" count="0" type="stmt"/>
      <line num="358" count="0" type="stmt"/>
      <line num="359" count="0" type="stmt"/>
      <line num="360" count="0" type="stmt"/>
      <line num="361" count="0" type="stmt"/>
      <line num="362" count="0" type="stmt"/>
      <line num="363" count="0" type="stmt"/>
      <line num="364" count="0" type="stmt"/>
      <line num="365" count="0" type="stmt"/>
      <line num="366" count="0" type="stmt"/>
      <line num="367" count="0" type="stmt"/>
      <line num="368" count="0" type="stmt"/>
      <line num="371" count="9" type="stmt"/>
      <line num="372" count="2" type="stmt"/>
      <line num="373" count="2" type="stmt"/>
      <line num="374" count="2" type="cond" truecount="3" falsecount="1"/>
      <line num="375" count="2" type="stmt"/>
      <line num="376" count="2" type="stmt"/>
      <line num="377" count="2" type="cond" truecount="1" falsecount="1"/>
      <line num="381" count="0" type="stmt"/>
      <line num="383" count="0" type="stmt"/>
      <line num="384" count="0" type="stmt"/>
      <line num="392" count="9" type="stmt"/>
      <line num="393" count="5" type="cond" truecount="2" falsecount="0"/>
      <line num="396" count="3" type="stmt"/>
      <line num="397" count="3" type="cond" truecount="1" falsecount="1"/>
      <line num="400" count="3" type="stmt"/>
      <line num="401" count="3" type="stmt"/>
      <line num="403" count="3" type="cond" truecount="1" falsecount="1"/>
      <line num="407" count="3" type="cond" truecount="2" falsecount="0"/>
      <line num="409" count="3" type="stmt"/>
      <line num="410" count="3" type="stmt"/>
      <line num="411" count="3" type="stmt"/>
      <line num="412" count="3" type="stmt"/>
      <line num="413" count="3" type="stmt"/>
      <line num="415" count="3" type="stmt"/>
      <line num="416" count="3" type="stmt"/>
      <line num="418" count="3" type="cond" truecount="2" falsecount="0"/>
      <line num="421" count="3" type="stmt"/>
      <line num="422" count="3" type="stmt"/>
      <line num="424" count="3" type="cond" truecount="1" falsecount="1"/>
      <line num="428" count="3" type="stmt"/>
      <line num="429" count="3" type="stmt"/>
      <line num="430" count="3" type="stmt"/>
      <line num="431" count="3" type="stmt"/>
      <line num="432" count="3" type="stmt"/>
      <line num="433" count="3" type="stmt"/>
      <line num="435" count="3" type="stmt"/>
      <line num="437" count="3" type="cond" truecount="2" falsecount="0"/>
      <line num="440" count="3" type="stmt"/>
      <line num="442" count="3" type="cond" truecount="1" falsecount="1"/>
      <line num="446" count="3" type="stmt"/>
      <line num="447" count="3" type="stmt"/>
      <line num="448" count="3" type="stmt"/>
      <line num="449" count="3" type="stmt"/>
      <line num="454" count="9" type="stmt"/>
      <line num="464" count="1" type="stmt"/>
      <line num="465" count="1" type="cond" truecount="2" falsecount="2"/>
      <line num="466" count="1" type="stmt"/>
      <line num="467" count="1" type="cond" truecount="1" falsecount="1"/>
      <line num="468" count="0" type="stmt"/>
      <line num="476" count="0" type="stmt"/>
      <line num="477" count="0" type="stmt"/>
      <line num="478" count="0" type="stmt"/>
      <line num="479" count="0" type="cond" truecount="0" falsecount="2"/>
      <line num="480" count="0" type="stmt"/>
      <line num="481" count="0" type="stmt"/>
      <line num="483" count="0" type="stmt"/>
      <line num="484" count="0" type="stmt"/>
      <line num="486" count="0" type="stmt"/>
      <line num="488" count="0" type="stmt"/>
      <line num="489" count="0" type="stmt"/>
      <line num="490" count="0" type="cond" truecount="0" falsecount="2"/>
      <line num="494" count="9" type="stmt"/>
      <line num="495" count="0" type="stmt"/>
      <line num="496" count="0" type="stmt"/>
      <line num="497" count="0" type="stmt"/>
      <line num="501" count="9" type="stmt"/>
      <line num="502" count="0" type="stmt"/>
      <line num="503" count="0" type="stmt"/>
      <line num="504" count="0" type="stmt"/>
      <line num="505" count="0" type="stmt"/>
      <line num="506" count="0" type="cond" truecount="0" falsecount="4"/>
      <line num="507" count="0" type="stmt"/>
      <line num="508" count="0" type="cond" truecount="0" falsecount="2"/>
      <line num="509" count="0" type="stmt"/>
      <line num="510" count="0" type="cond" truecount="0" falsecount="4"/>
      <line num="511" count="0" type="stmt"/>
      <line num="512" count="0" type="cond" truecount="0" falsecount="2"/>
      <line num="513" count="0" type="stmt"/>
      <line num="516" count="0" type="stmt"/>
      <line num="522" count="9" type="stmt"/>
      <line num="523" count="0" type="stmt"/>
      <line num="524" count="0" type="stmt"/>
      <line num="525" count="0" type="stmt"/>
      <line num="526" count="0" type="stmt"/>
      <line num="527" count="0" type="stmt"/>
      <line num="529" count="0" type="cond" truecount="0" falsecount="2"/>
      <line num="530" count="0" type="cond" truecount="0" falsecount="2"/>
      <line num="531" count="0" type="stmt"/>
      <line num="532" count="0" type="stmt"/>
      <line num="533" count="0" type="cond" truecount="0" falsecount="2"/>
      <line num="534" count="0" type="stmt"/>
      <line num="535" count="0" type="stmt"/>
      <line num="540" count="0" type="stmt"/>
      <line num="541" count="0" type="stmt"/>
      <line num="543" count="0" type="stmt"/>
      <line num="544" count="0" type="stmt"/>
      <line num="548" count="9" type="stmt"/>
      <line num="549" count="0" type="stmt"/>
      <line num="550" count="0" type="stmt"/>
      <line num="553" count="9" type="stmt"/>
      <line num="554" count="0" type="stmt"/>
      <line num="555" count="0" type="stmt"/>
      <line num="556" count="0" type="stmt"/>
      <line num="559" count="0" type="stmt"/>
      <line num="561" count="0" type="stmt"/>
      <line num="562" count="0" type="cond" truecount="0" falsecount="2"/>
      <line num="563" count="0" type="cond" truecount="0" falsecount="2"/>
      <line num="564" count="0" type="cond" truecount="0" falsecount="2"/>
      <line num="565" count="0" type="stmt"/>
      <line num="566" count="0" type="stmt"/>
      <line num="569" count="0" type="stmt"/>
      <line num="570" count="0" type="stmt"/>
      <line num="571" count="0" type="stmt"/>
      <line num="574" count="0" type="stmt"/>
      <line num="575" count="0" type="stmt"/>
      <line num="576" count="0" type="stmt"/>
      <line num="579" count="0" type="stmt"/>
      <line num="580" count="0" type="stmt"/>
      <line num="581" count="0" type="stmt"/>
      <line num="582" count="0" type="stmt"/>
      <line num="586" count="9" type="stmt"/>
      <line num="588" count="1" type="stmt"/>
      <line num="589" count="1" type="cond" truecount="3" falsecount="1"/>
      <line num="590" count="1" type="stmt"/>
      <line num="598" count="1" type="cond" truecount="3" falsecount="1"/>
      <line num="600" count="1" type="cond" truecount="1" falsecount="2"/>
      <line num="601" count="1" type="stmt"/>
      <line num="604" count="0" type="cond" truecount="0" falsecount="4"/>
      <line num="605" count="0" type="cond" truecount="0" falsecount="4"/>
      <line num="606" count="0" type="cond" truecount="0" falsecount="2"/>
      <line num="607" count="0" type="cond" truecount="0" falsecount="2"/>
      <line num="608" count="0" type="stmt"/>
      <line num="609" count="0" type="stmt"/>
      <line num="610" count="0" type="stmt"/>
      <line num="611" count="0" type="stmt"/>
      <line num="612" count="0" type="stmt"/>
      <line num="613" count="0" type="stmt"/>
      <line num="616" count="0" type="cond" truecount="0" falsecount="2"/>
    </file>
    <file name="utils.js" path="C:\Users\behro\repos\timer2\utils.js">
      <metrics statements="11" coveredstatements="11" conditionals="3" coveredconditionals="1" methods="5" coveredmethods="5"/>
      <line num="8" count="19" type="stmt"/>
      <line num="16" count="10" type="cond" truecount="0" falsecount="1"/>
      <line num="17" count="2" type="stmt"/>
      <line num="18" count="2" type="stmt"/>
      <line num="20" count="1" type="stmt"/>
      <line num="29" count="10" type="stmt"/>
      <line num="42" count="10" type="stmt"/>
      <line num="43" count="8" type="stmt"/>
      <line num="44" count="8" type="stmt"/>
      <line num="46" count="8" type="cond" truecount="1" falsecount="1"/>
      <line num="47" count="8" type="stmt"/>
    </file>
  </project>
</coverage>
