{"C:\\Users\\behro\\repos\\timer2\\constants.js": {"path":"C:\\Users\\behro\\repos\\timer2\\constants.js","statementMap":{"0":{"start":{"line":3,"column":26},"end":{"line":14,"column":1}},"1":{"start":{"line":16,"column":27},"end":{"line":16,"column":68}},"2":{"start":{"line":16,"column":57},"end":{"line":16,"column":66}},"3":{"start":{"line":18,"column":36},"end":{"line":18,"column":60}},"4":{"start":{"line":19,"column":36},"end":{"line":19,"column":37}}},"fnMap":{"0":{"name":"(anonymous_0)","decl":{"start":{"line":16,"column":50},"end":{"line":16,"column":51}},"loc":{"start":{"line":16,"column":57},"end":{"line":16,"column":66}},"line":16}},"branchMap":{},"s":{"0":9,"1":9,"2":90,"3":9,"4":9},"f":{"0":90},"b":{},"inputSourceMap":null,"_coverageSchema":"1a1c01bbd47fc00a2c39e90264f33305004495a9","hash":"a70bec0232fbfd9456531facf904edf1de26cc4a"}
,"C:\\Users\\behro\\repos\\timer2\\runner.js": {"path":"C:\\Users\\behro\\repos\\timer2\\runner.js","statementMap":{"0":{"start":{"line":10,"column":12},"end":{"line":10,"column":16}},"1":{"start":{"line":11,"column":16},"end":{"line":11,"column":20}},"2":{"start":{"line":12,"column":15},"end":{"line":12,"column":19}},"3":{"start":{"line":14,"column":26},"end":{"line":17,"column":1}},"4":{"start":{"line":15,"column":4},"end":{"line":15,"column":41}},"5":{"start":{"line":16,"column":4},"end":{"line":16,"column":33}},"6":{"start":{"line":19,"column":29},"end":{"line":34,"column":1}},"7":{"start":{"line":20,"column":4},"end":{"line":32,"column":5}},"8":{"start":{"line":22,"column":12},"end":{"line":24,"column":13}},"9":{"start":{"line":25,"column":47},"end":{"line":25,"column":55}},"10":{"start":{"line":27,"column":12},"end":{"line":27,"column":73}},"11":{"start":{"line":28,"column":8},"end":{"line":31,"column":10}},"12":{"start":{"line":33,"column":4},"end":{"line":33,"column":56}},"13":{"start":{"line":36,"column":27},"end":{"line":43,"column":1}},"14":{"start":{"line":37,"column":4},"end":{"line":37,"column":51}},"15":{"start":{"line":37,"column":31},"end":{"line":37,"column":51}},"16":{"start":{"line":38,"column":4},"end":{"line":42,"column":13}},"17":{"start":{"line":39,"column":8},"end":{"line":39,"column":36}},"18":{"start":{"line":40,"column":8},"end":{"line":40,"column":48}},"19":{"start":{"line":41,"column":8},"end":{"line":41,"column":66}},"20":{"start":{"line":41,"column":43},"end":{"line":41,"column":66}},"21":{"start":{"line":45,"column":25},"end":{"line":134,"column":1}},"22":{"start":{"line":47,"column":39},"end":{"line":47,"column":48}},"23":{"start":{"line":48,"column":41},"end":{"line":48,"column":50}},"24":{"start":{"line":49,"column":4},"end":{"line":57,"column":5}},"25":{"start":{"line":49,"column":17},"end":{"line":49,"column":18}},"26":{"start":{"line":50,"column":21},"end":{"line":50,"column":65}},"27":{"start":{"line":51,"column":22},"end":{"line":51,"column":70}},"28":{"start":{"line":52,"column":8},"end":{"line":52,"column":63}},"29":{"start":{"line":54,"column":47},"end":{"line":54,"column":51}},"30":{"start":{"line":55,"column":29},"end":{"line":55,"column":74}},"31":{"start":{"line":56,"column":8},"end":{"line":56,"column":84}},"32":{"start":{"line":58,"column":4},"end":{"line":58,"column":76}},"33":{"start":{"line":59,"column":4},"end":{"line":59,"column":80}},"34":{"start":{"line":61,"column":4},"end":{"line":61,"column":49}},"35":{"start":{"line":62,"column":4},"end":{"line":76,"column":5}},"36":{"start":{"line":67,"column":8},"end":{"line":74,"column":9}},"37":{"start":{"line":68,"column":38},"end":{"line":68,"column":47}},"38":{"start":{"line":69,"column":12},"end":{"line":72,"column":15}},"39":{"start":{"line":70,"column":30},"end":{"line":70,"column":69}},"40":{"start":{"line":71,"column":16},"end":{"line":71,"column":62}},"41":{"start":{"line":73,"column":12},"end":{"line":73,"column":75}},"42":{"start":{"line":75,"column":8},"end":{"line":75,"column":33}},"43":{"start":{"line":84,"column":8},"end":{"line":84,"column":63}},"44":{"start":{"line":85,"column":17},"end":{"line":85,"column":55}},"45":{"start":{"line":86,"column":4},"end":{"line":86,"column":40}},"46":{"start":{"line":86,"column":15},"end":{"line":86,"column":40}},"47":{"start":{"line":89,"column":8},"end":{"line":89,"column":68}},"48":{"start":{"line":91,"column":4},"end":{"line":91,"column":50}},"49":{"start":{"line":92,"column":20},"end":{"line":92,"column":52}},"50":{"start":{"line":93,"column":4},"end":{"line":93,"column":54}},"51":{"start":{"line":94,"column":4},"end":{"line":94,"column":91}},"52":{"start":{"line":95,"column":4},"end":{"line":95,"column":55}},"53":{"start":{"line":96,"column":4},"end":{"line":96,"column":67}},"54":{"start":{"line":97,"column":4},"end":{"line":97,"column":51}},"55":{"start":{"line":99,"column":24},"end":{"line":99,"column":57}},"56":{"start":{"line":101,"column":8},"end":{"line":101,"column":77}},"57":{"start":{"line":103,"column":8},"end":{"line":103,"column":69}},"58":{"start":{"line":105,"column":4},"end":{"line":105,"column":83}},"59":{"start":{"line":106,"column":4},"end":{"line":107,"column":42}},"60":{"start":{"line":108,"column":4},"end":{"line":108,"column":98}},"61":{"start":{"line":109,"column":4},"end":{"line":109,"column":82}},"62":{"start":{"line":110,"column":4},"end":{"line":110,"column":81}},"63":{"start":{"line":111,"column":4},"end":{"line":112,"column":40}},"64":{"start":{"line":114,"column":4},"end":{"line":119,"column":42}},"65":{"start":{"line":120,"column":4},"end":{"line":125,"column":42}},"66":{"start":{"line":127,"column":4},"end":{"line":127,"column":44}},"67":{"start":{"line":128,"column":27},"end":{"line":131,"column":5}},"68":{"start":{"line":132,"column":4},"end":{"line":132,"column":88}},"69":{"start":{"line":132,"column":75},"end":{"line":132,"column":84}},"70":{"start":{"line":133,"column":4},"end":{"line":133,"column":43}},"71":{"start":{"line":136,"column":36},"end":{"line":231,"column":1}},"72":{"start":{"line":137,"column":35},"end":{"line":137,"column":37}},"73":{"start":{"line":138,"column":25},"end":{"line":138,"column":49}},"74":{"start":{"line":139,"column":40},"end":{"line":139,"column":64}},"75":{"start":{"line":140,"column":23},"end":{"line":140,"column":66}},"76":{"start":{"line":140,"column":63},"end":{"line":140,"column":65}},"77":{"start":{"line":141,"column":36},"end":{"line":141,"column":37}},"78":{"start":{"line":142,"column":25},"end":{"line":142,"column":34}},"79":{"start":{"line":143,"column":27},"end":{"line":143,"column":28}},"80":{"start":{"line":144,"column":23},"end":{"line":144,"column":32}},"81":{"start":{"line":145,"column":36},"end":{"line":145,"column":45}},"82":{"start":{"line":147,"column":4},"end":{"line":195,"column":5}},"83":{"start":{"line":147,"column":19},"end":{"line":147,"column":20}},"84":{"start":{"line":148,"column":8},"end":{"line":148,"column":69}},"85":{"start":{"line":149,"column":26},"end":{"line":149,"column":82}},"86":{"start":{"line":150,"column":8},"end":{"line":186,"column":11}},"87":{"start":{"line":151,"column":25},"end":{"line":151,"column":44}},"88":{"start":{"line":152,"column":12},"end":{"line":152,"column":30}},"89":{"start":{"line":152,"column":23},"end":{"line":152,"column":30}},"90":{"start":{"line":153,"column":29},"end":{"line":153,"column":50}},"91":{"start":{"line":154,"column":35},"end":{"line":154,"column":59}},"92":{"start":{"line":155,"column":37},"end":{"line":155,"column":77}},"93":{"start":{"line":157,"column":20},"end":{"line":159,"column":13}},"94":{"start":{"line":158,"column":24},"end":{"line":158,"column":31}},"95":{"start":{"line":161,"column":28},"end":{"line":161,"column":80}},"96":{"start":{"line":162,"column":12},"end":{"line":185,"column":13}},"97":{"start":{"line":163,"column":36},"end":{"line":163,"column":56}},"98":{"start":{"line":164,"column":16},"end":{"line":164,"column":65}},"99":{"start":{"line":165,"column":37},"end":{"line":165,"column":50}},"100":{"start":{"line":166,"column":41},"end":{"line":166,"column":53}},"101":{"start":{"line":167,"column":16},"end":{"line":177,"column":17}},"102":{"start":{"line":168,"column":20},"end":{"line":171,"column":22}},"103":{"start":{"line":172,"column":20},"end":{"line":176,"column":22}},"104":{"start":{"line":178,"column":16},"end":{"line":183,"column":19}},"105":{"start":{"line":184,"column":16},"end":{"line":184,"column":44}},"106":{"start":{"line":187,"column":8},"end":{"line":194,"column":9}},"107":{"start":{"line":188,"column":12},"end":{"line":188,"column":31}},"108":{"start":{"line":189,"column":12},"end":{"line":189,"column":52}},"109":{"start":{"line":190,"column":12},"end":{"line":193,"column":15}},"110":{"start":{"line":191,"column":16},"end":{"line":191,"column":65}},"111":{"start":{"line":192,"column":16},"end":{"line":192,"column":73}},"112":{"start":{"line":196,"column":39},"end":{"line":196,"column":41}},"113":{"start":{"line":197,"column":4},"end":{"line":197,"column":34}},"114":{"start":{"line":198,"column":4},"end":{"line":219,"column":7}},"115":{"start":{"line":199,"column":32},"end":{"line":199,"column":53}},"116":{"start":{"line":200,"column":8},"end":{"line":200,"column":42}},"117":{"start":{"line":200,"column":35},"end":{"line":200,"column":42}},"118":{"start":{"line":201,"column":8},"end":{"line":218,"column":11}},"119":{"start":{"line":202,"column":25},"end":{"line":202,"column":53}},"120":{"start":{"line":203,"column":35},"end":{"line":203,"column":59}},"121":{"start":{"line":205,"column":16},"end":{"line":207,"column":71}},"122":{"start":{"line":209,"column":12},"end":{"line":215,"column":15}},"123":{"start":{"line":216,"column":12},"end":{"line":216,"column":71}},"124":{"start":{"line":217,"column":12},"end":{"line":217,"column":69}},"125":{"start":{"line":221,"column":4},"end":{"line":230,"column":6}},"126":{"start":{"line":233,"column":21},"end":{"line":255,"column":1}},"127":{"start":{"line":234,"column":22},"end":{"line":234,"column":66}},"128":{"start":{"line":235,"column":20},"end":{"line":235,"column":62}},"129":{"start":{"line":235,"column":51},"end":{"line":235,"column":60}},"130":{"start":{"line":236,"column":25},"end":{"line":236,"column":65}},"131":{"start":{"line":237,"column":4},"end":{"line":241,"column":5}},"132":{"start":{"line":239,"column":8},"end":{"line":239,"column":132}},"133":{"start":{"line":240,"column":8},"end":{"line":240,"column":21}},"134":{"start":{"line":242,"column":4},"end":{"line":248,"column":6}},"135":{"start":{"line":249,"column":4},"end":{"line":249,"column":60}},"136":{"start":{"line":250,"column":4},"end":{"line":250,"column":24}},"137":{"start":{"line":251,"column":4},"end":{"line":251,"column":50}},"138":{"start":{"line":252,"column":4},"end":{"line":252,"column":40}},"139":{"start":{"line":253,"column":4},"end":{"line":253,"column":107}},"140":{"start":{"line":253,"column":87},"end":{"line":253,"column":104}},"141":{"start":{"line":254,"column":4},"end":{"line":254,"column":16}},"142":{"start":{"line":257,"column":32},"end":{"line":281,"column":1}},"143":{"start":{"line":258,"column":4},"end":{"line":264,"column":5}},"144":{"start":{"line":259,"column":8},"end":{"line":259,"column":28}},"145":{"start":{"line":260,"column":8},"end":{"line":260,"column":37}},"146":{"start":{"line":261,"column":8},"end":{"line":262,"column":59}},"147":{"start":{"line":263,"column":8},"end":{"line":263,"column":15}},"148":{"start":{"line":265,"column":4},"end":{"line":268,"column":5}},"149":{"start":{"line":266,"column":8},"end":{"line":266,"column":100}},"150":{"start":{"line":267,"column":8},"end":{"line":267,"column":15}},"151":{"start":{"line":269,"column":4},"end":{"line":271,"column":5}},"152":{"start":{"line":270,"column":8},"end":{"line":270,"column":36}},"153":{"start":{"line":270,"column":29},"end":{"line":270,"column":36}},"154":{"start":{"line":272,"column":4},"end":{"line":276,"column":15}},"155":{"start":{"line":276,"column":8},"end":{"line":276,"column":15}},"156":{"start":{"line":277,"column":4},"end":{"line":277,"column":34}},"157":{"start":{"line":278,"column":4},"end":{"line":279,"column":57}},"158":{"start":{"line":280,"column":4},"end":{"line":280,"column":25}},"159":{"start":{"line":283,"column":27},"end":{"line":316,"column":1}},"160":{"start":{"line":284,"column":4},"end":{"line":284,"column":24}},"161":{"start":{"line":285,"column":4},"end":{"line":285,"column":34}},"162":{"start":{"line":286,"column":4},"end":{"line":286,"column":86}},"163":{"start":{"line":287,"column":4},"end":{"line":287,"column":50}},"164":{"start":{"line":288,"column":4},"end":{"line":288,"column":41}},"165":{"start":{"line":289,"column":4},"end":{"line":289,"column":108}},"166":{"start":{"line":289,"column":87},"end":{"line":289,"column":105}},"167":{"start":{"line":291,"column":4},"end":{"line":309,"column":5}},"168":{"start":{"line":292,"column":8},"end":{"line":293,"column":21}},"169":{"start":{"line":294,"column":8},"end":{"line":305,"column":10}},"170":{"start":{"line":301,"column":16},"end":{"line":301,"column":71}},"171":{"start":{"line":302,"column":16},"end":{"line":302,"column":49}},"172":{"start":{"line":307,"column":8},"end":{"line":307,"column":63}},"173":{"start":{"line":308,"column":8},"end":{"line":308,"column":41}},"174":{"start":{"line":310,"column":4},"end":{"line":310,"column":39}},"175":{"start":{"line":311,"column":31},"end":{"line":314,"column":5}},"176":{"start":{"line":315,"column":4},"end":{"line":315,"column":92}},"177":{"start":{"line":315,"column":79},"end":{"line":315,"column":88}},"178":{"start":{"line":318,"column":30},"end":{"line":332,"column":1}},"179":{"start":{"line":319,"column":4},"end":{"line":319,"column":24}},"180":{"start":{"line":320,"column":4},"end":{"line":320,"column":33}},"181":{"start":{"line":321,"column":4},"end":{"line":321,"column":86}},"182":{"start":{"line":322,"column":4},"end":{"line":322,"column":61}},"183":{"start":{"line":323,"column":4},"end":{"line":323,"column":59}},"184":{"start":{"line":324,"column":25},"end":{"line":327,"column":5}},"185":{"start":{"line":328,"column":4},"end":{"line":328,"column":68}},"186":{"start":{"line":329,"column":4},"end":{"line":329,"column":24}},"187":{"start":{"line":330,"column":4},"end":{"line":330,"column":34}},"188":{"start":{"line":331,"column":4},"end":{"line":331,"column":23}},"189":{"start":{"line":334,"column":25},"end":{"line":378,"column":1}},"190":{"start":{"line":335,"column":4},"end":{"line":339,"column":15}},"191":{"start":{"line":339,"column":8},"end":{"line":339,"column":15}},"192":{"start":{"line":342,"column":8},"end":{"line":343,"column":16}},"193":{"start":{"line":344,"column":20},"end":{"line":344,"column":42}},"194":{"start":{"line":346,"column":4},"end":{"line":350,"column":5}},"195":{"start":{"line":347,"column":8},"end":{"line":347,"column":75}},"196":{"start":{"line":348,"column":8},"end":{"line":348,"column":48}},"197":{"start":{"line":349,"column":8},"end":{"line":349,"column":15}},"198":{"start":{"line":351,"column":4},"end":{"line":351,"column":30}},"199":{"start":{"line":351,"column":23},"end":{"line":351,"column":30}},"200":{"start":{"line":353,"column":15},"end":{"line":355,"column":5}},"201":{"start":{"line":354,"column":15},"end":{"line":354,"column":34}},"202":{"start":{"line":357,"column":4},"end":{"line":366,"column":5}},"203":{"start":{"line":362,"column":8},"end":{"line":362,"column":31}},"204":{"start":{"line":363,"column":8},"end":{"line":365,"column":10}},"205":{"start":{"line":364,"column":19},"end":{"line":364,"column":38}},"206":{"start":{"line":368,"column":4},"end":{"line":377,"column":5}},"207":{"start":{"line":369,"column":27},"end":{"line":369,"column":58}},"208":{"start":{"line":370,"column":8},"end":{"line":370,"column":44}},"209":{"start":{"line":370,"column":24},"end":{"line":370,"column":44}},"210":{"start":{"line":371,"column":8},"end":{"line":371,"column":31}},"211":{"start":{"line":372,"column":8},"end":{"line":372,"column":45}},"212":{"start":{"line":372,"column":24},"end":{"line":372,"column":45}},"213":{"start":{"line":373,"column":8},"end":{"line":373,"column":48}},"214":{"start":{"line":374,"column":11},"end":{"line":377,"column":5}},"215":{"start":{"line":375,"column":8},"end":{"line":375,"column":75}},"216":{"start":{"line":376,"column":8},"end":{"line":376,"column":48}},"217":{"start":{"line":380,"column":24},"end":{"line":385,"column":1}},"218":{"start":{"line":381,"column":4},"end":{"line":384,"column":5}},"219":{"start":{"line":382,"column":8},"end":{"line":382,"column":31}},"220":{"start":{"line":383,"column":8},"end":{"line":383,"column":48}},"221":{"start":{"line":387,"column":24},"end":{"line":392,"column":1}},"222":{"start":{"line":388,"column":4},"end":{"line":391,"column":5}},"223":{"start":{"line":389,"column":8},"end":{"line":389,"column":60}},"224":{"start":{"line":390,"column":8},"end":{"line":390,"column":48}},"225":{"start":{"line":395,"column":4},"end":{"line":395,"column":43}},"226":{"start":{"line":398,"column":26},"end":{"line":432,"column":1}},"227":{"start":{"line":399,"column":4},"end":{"line":399,"column":22}},"228":{"start":{"line":401,"column":4},"end":{"line":401,"column":24}},"229":{"start":{"line":402,"column":4},"end":{"line":402,"column":28}},"230":{"start":{"line":404,"column":4},"end":{"line":404,"column":97}},"231":{"start":{"line":405,"column":4},"end":{"line":405,"column":91}},"232":{"start":{"line":406,"column":4},"end":{"line":406,"column":103}},"233":{"start":{"line":407,"column":4},"end":{"line":407,"column":88}},"234":{"start":{"line":408,"column":4},"end":{"line":408,"column":89}},"235":{"start":{"line":409,"column":4},"end":{"line":409,"column":87}},"236":{"start":{"line":410,"column":4},"end":{"line":410,"column":91}},"237":{"start":{"line":411,"column":4},"end":{"line":411,"column":88}},"238":{"start":{"line":412,"column":4},"end":{"line":412,"column":85}},"239":{"start":{"line":413,"column":4},"end":{"line":413,"column":81}},"240":{"start":{"line":414,"column":4},"end":{"line":414,"column":103}},"241":{"start":{"line":415,"column":4},"end":{"line":415,"column":95}},"242":{"start":{"line":416,"column":4},"end":{"line":416,"column":86}},"243":{"start":{"line":417,"column":4},"end":{"line":417,"column":87}},"244":{"start":{"line":418,"column":4},"end":{"line":418,"column":93}},"245":{"start":{"line":419,"column":4},"end":{"line":419,"column":97}},"246":{"start":{"line":420,"column":4},"end":{"line":420,"column":94}},"247":{"start":{"line":421,"column":4},"end":{"line":421,"column":95}},"248":{"start":{"line":422,"column":4},"end":{"line":422,"column":101}},"249":{"start":{"line":423,"column":4},"end":{"line":423,"column":105}},"250":{"start":{"line":424,"column":4},"end":{"line":431,"column":6}}},"fnMap":{"0":{"name":"(anonymous_0)","decl":{"start":{"line":14,"column":26},"end":{"line":14,"column":27}},"loc":{"start":{"line":14,"column":32},"end":{"line":17,"column":1}},"line":14},"1":{"name":"(anonymous_1)","decl":{"start":{"line":19,"column":29},"end":{"line":19,"column":30}},"loc":{"start":{"line":19,"column":35},"end":{"line":34,"column":1}},"line":19},"2":{"name":"(anonymous_2)","decl":{"start":{"line":36,"column":27},"end":{"line":36,"column":28}},"loc":{"start":{"line":36,"column":33},"end":{"line":43,"column":1}},"line":36},"3":{"name":"(anonymous_3)","decl":{"start":{"line":38,"column":40},"end":{"line":38,"column":41}},"loc":{"start":{"line":38,"column":46},"end":{"line":42,"column":5}},"line":38},"4":{"name":"(anonymous_4)","decl":{"start":{"line":45,"column":25},"end":{"line":45,"column":26}},"loc":{"start":{"line":45,"column":43},"end":{"line":134,"column":1}},"line":45},"5":{"name":"(anonymous_5)","decl":{"start":{"line":69,"column":62},"end":{"line":69,"column":63}},"loc":{"start":{"line":69,"column":72},"end":{"line":72,"column":13}},"line":69},"6":{"name":"(anonymous_6)","decl":{"start":{"line":132,"column":68},"end":{"line":132,"column":69}},"loc":{"start":{"line":132,"column":75},"end":{"line":132,"column":84}},"line":132},"7":{"name":"(anonymous_7)","decl":{"start":{"line":136,"column":36},"end":{"line":136,"column":37}},"loc":{"start":{"line":136,"column":69},"end":{"line":231,"column":1}},"line":136},"8":{"name":"(anonymous_8)","decl":{"start":{"line":140,"column":57},"end":{"line":140,"column":58}},"loc":{"start":{"line":140,"column":63},"end":{"line":140,"column":65}},"line":140},"9":{"name":"(anonymous_9)","decl":{"start":{"line":150,"column":26},"end":{"line":150,"column":27}},"loc":{"start":{"line":150,"column":38},"end":{"line":186,"column":9}},"line":150},"10":{"name":"(anonymous_10)","decl":{"start":{"line":190,"column":36},"end":{"line":190,"column":37}},"loc":{"start":{"line":190,"column":50},"end":{"line":193,"column":13}},"line":190},"11":{"name":"(anonymous_11)","decl":{"start":{"line":198,"column":23},"end":{"line":198,"column":24}},"loc":{"start":{"line":198,"column":48},"end":{"line":219,"column":5}},"line":198},"12":{"name":"(anonymous_12)","decl":{"start":{"line":201,"column":31},"end":{"line":201,"column":32}},"loc":{"start":{"line":201,"column":57},"end":{"line":218,"column":9}},"line":201},"13":{"name":"(anonymous_13)","decl":{"start":{"line":233,"column":21},"end":{"line":233,"column":22}},"loc":{"start":{"line":233,"column":27},"end":{"line":255,"column":1}},"line":233},"14":{"name":"(anonymous_14)","decl":{"start":{"line":235,"column":44},"end":{"line":235,"column":45}},"loc":{"start":{"line":235,"column":51},"end":{"line":235,"column":60}},"line":235},"15":{"name":"(anonymous_15)","decl":{"start":{"line":253,"column":79},"end":{"line":253,"column":80}},"loc":{"start":{"line":253,"column":87},"end":{"line":253,"column":104}},"line":253},"16":{"name":"(anonymous_16)","decl":{"start":{"line":257,"column":32},"end":{"line":257,"column":33}},"loc":{"start":{"line":257,"column":38},"end":{"line":281,"column":1}},"line":257},"17":{"name":"(anonymous_17)","decl":{"start":{"line":283,"column":27},"end":{"line":283,"column":28}},"loc":{"start":{"line":283,"column":49},"end":{"line":316,"column":1}},"line":283},"18":{"name":"(anonymous_18)","decl":{"start":{"line":289,"column":79},"end":{"line":289,"column":80}},"loc":{"start":{"line":289,"column":87},"end":{"line":289,"column":105}},"line":289},"19":{"name":"(anonymous_19)","decl":{"start":{"line":300,"column":12},"end":{"line":300,"column":13}},"loc":{"start":{"line":300,"column":18},"end":{"line":303,"column":13}},"line":300},"20":{"name":"(anonymous_20)","decl":{"start":{"line":315,"column":72},"end":{"line":315,"column":73}},"loc":{"start":{"line":315,"column":79},"end":{"line":315,"column":88}},"line":315},"21":{"name":"(anonymous_21)","decl":{"start":{"line":318,"column":30},"end":{"line":318,"column":31}},"loc":{"start":{"line":318,"column":36},"end":{"line":332,"column":1}},"line":318},"22":{"name":"(anonymous_22)","decl":{"start":{"line":334,"column":25},"end":{"line":334,"column":26}},"loc":{"start":{"line":334,"column":40},"end":{"line":378,"column":1}},"line":334},"23":{"name":"(anonymous_23)","decl":{"start":{"line":354,"column":8},"end":{"line":354,"column":9}},"loc":{"start":{"line":354,"column":15},"end":{"line":354,"column":34}},"line":354},"24":{"name":"(anonymous_24)","decl":{"start":{"line":364,"column":12},"end":{"line":364,"column":13}},"loc":{"start":{"line":364,"column":19},"end":{"line":364,"column":38}},"line":364},"25":{"name":"(anonymous_25)","decl":{"start":{"line":380,"column":24},"end":{"line":380,"column":25}},"loc":{"start":{"line":380,"column":30},"end":{"line":385,"column":1}},"line":380},"26":{"name":"(anonymous_26)","decl":{"start":{"line":387,"column":24},"end":{"line":387,"column":25}},"loc":{"start":{"line":387,"column":30},"end":{"line":392,"column":1}},"line":387},"27":{"name":"isSessionActive","decl":{"start":{"line":394,"column":16},"end":{"line":394,"column":31}},"loc":{"start":{"line":394,"column":34},"end":{"line":396,"column":1}},"line":394},"28":{"name":"(anonymous_28)","decl":{"start":{"line":398,"column":26},"end":{"line":398,"column":27}},"loc":{"start":{"line":398,"column":64},"end":{"line":432,"column":1}},"line":398}},"branchMap":{"0":{"loc":{"start":{"line":20,"column":4},"end":{"line":32,"column":5}},"type":"if","locations":[{"start":{"line":20,"column":4},"end":{"line":32,"column":5}},{"start":{},"end":{}}],"line":20},"1":{"loc":{"start":{"line":27,"column":12},"end":{"line":27,"column":73}},"type":"binary-expr","locations":[{"start":{"line":27,"column":12},"end":{"line":27,"column":68}},{"start":{"line":27,"column":72},"end":{"line":27,"column":73}}],"line":27},"2":{"loc":{"start":{"line":37,"column":4},"end":{"line":37,"column":51}},"type":"if","locations":[{"start":{"line":37,"column":4},"end":{"line":37,"column":51}},{"start":{},"end":{}}],"line":37},"3":{"loc":{"start":{"line":41,"column":8},"end":{"line":41,"column":66}},"type":"if","locations":[{"start":{"line":41,"column":8},"end":{"line":41,"column":66}},{"start":{},"end":{}}],"line":41},"4":{"loc":{"start":{"line":51,"column":22},"end":{"line":51,"column":70}},"type":"binary-expr","locations":[{"start":{"line":51,"column":22},"end":{"line":51,"column":65}},{"start":{"line":51,"column":69},"end":{"line":51,"column":70}}],"line":51},"5":{"loc":{"start":{"line":55,"column":29},"end":{"line":55,"column":74}},"type":"binary-expr","locations":[{"start":{"line":55,"column":29},"end":{"line":55,"column":69}},{"start":{"line":55,"column":73},"end":{"line":55,"column":74}}],"line":55},"6":{"loc":{"start":{"line":62,"column":4},"end":{"line":76,"column":5}},"type":"if","locations":[{"start":{"line":62,"column":4},"end":{"line":76,"column":5}},{"start":{},"end":{}}],"line":62},"7":{"loc":{"start":{"line":63,"column":8},"end":{"line":64,"column":72}},"type":"binary-expr","locations":[{"start":{"line":63,"column":8},"end":{"line":63,"column":24}},{"start":{"line":64,"column":8},"end":{"line":64,"column":72}}],"line":63},"8":{"loc":{"start":{"line":67,"column":8},"end":{"line":74,"column":9}},"type":"if","locations":[{"start":{"line":67,"column":8},"end":{"line":74,"column":9}},{"start":{},"end":{}}],"line":67},"9":{"loc":{"start":{"line":70,"column":30},"end":{"line":70,"column":69}},"type":"binary-expr","locations":[{"start":{"line":70,"column":30},"end":{"line":70,"column":64}},{"start":{"line":70,"column":68},"end":{"line":70,"column":69}}],"line":70},"10":{"loc":{"start":{"line":86,"column":4},"end":{"line":86,"column":40}},"type":"if","locations":[{"start":{"line":86,"column":4},"end":{"line":86,"column":40}},{"start":{},"end":{}}],"line":86},"11":{"loc":{"start":{"line":89,"column":8},"end":{"line":89,"column":68}},"type":"binary-expr","locations":[{"start":{"line":89,"column":8},"end":{"line":89,"column":40}},{"start":{"line":89,"column":44},"end":{"line":89,"column":68}}],"line":89},"12":{"loc":{"start":{"line":101,"column":8},"end":{"line":101,"column":77}},"type":"cond-expr","locations":[{"start":{"line":101,"column":27},"end":{"line":101,"column":73}},{"start":{"line":101,"column":76},"end":{"line":101,"column":77}}],"line":101},"13":{"loc":{"start":{"line":103,"column":8},"end":{"line":103,"column":69}},"type":"binary-expr","locations":[{"start":{"line":103,"column":8},"end":{"line":103,"column":64}},{"start":{"line":103,"column":68},"end":{"line":103,"column":69}}],"line":103},"14":{"loc":{"start":{"line":115,"column":8},"end":{"line":119,"column":41}},"type":"cond-expr","locations":[{"start":{"line":116,"column":14},"end":{"line":116,"column":35}},{"start":{"line":117,"column":14},"end":{"line":119,"column":41}}],"line":115},"15":{"loc":{"start":{"line":117,"column":14},"end":{"line":119,"column":41}},"type":"cond-expr","locations":[{"start":{"line":118,"column":18},"end":{"line":118,"column":37}},{"start":{"line":119,"column":18},"end":{"line":119,"column":41}}],"line":117},"16":{"loc":{"start":{"line":121,"column":8},"end":{"line":125,"column":41}},"type":"cond-expr","locations":[{"start":{"line":122,"column":14},"end":{"line":122,"column":35}},{"start":{"line":123,"column":14},"end":{"line":125,"column":41}}],"line":121},"17":{"loc":{"start":{"line":123,"column":14},"end":{"line":125,"column":41}},"type":"cond-expr","locations":[{"start":{"line":124,"column":18},"end":{"line":124,"column":37}},{"start":{"line":125,"column":18},"end":{"line":125,"column":41}}],"line":123},"18":{"loc":{"start":{"line":149,"column":26},"end":{"line":149,"column":82}},"type":"cond-expr","locations":[{"start":{"line":149,"column":51},"end":{"line":149,"column":58}},{"start":{"line":149,"column":62},"end":{"line":149,"column":81}}],"line":149},"19":{"loc":{"start":{"line":149,"column":62},"end":{"line":149,"column":81}},"type":"binary-expr","locations":[{"start":{"line":149,"column":62},"end":{"line":149,"column":75}},{"start":{"line":149,"column":79},"end":{"line":149,"column":81}}],"line":149},"20":{"loc":{"start":{"line":152,"column":12},"end":{"line":152,"column":30}},"type":"if","locations":[{"start":{"line":152,"column":12},"end":{"line":152,"column":30}},{"start":{},"end":{}}],"line":152},"21":{"loc":{"start":{"line":153,"column":29},"end":{"line":153,"column":50}},"type":"binary-expr","locations":[{"start":{"line":153,"column":29},"end":{"line":153,"column":45}},{"start":{"line":153,"column":49},"end":{"line":153,"column":50}}],"line":153},"22":{"loc":{"start":{"line":154,"column":35},"end":{"line":154,"column":59}},"type":"binary-expr","locations":[{"start":{"line":154,"column":35},"end":{"line":154,"column":54}},{"start":{"line":154,"column":58},"end":{"line":154,"column":59}}],"line":154},"23":{"loc":{"start":{"line":155,"column":37},"end":{"line":155,"column":77}},"type":"binary-expr","locations":[{"start":{"line":155,"column":37},"end":{"line":155,"column":72}},{"start":{"line":155,"column":76},"end":{"line":155,"column":77}}],"line":155},"24":{"loc":{"start":{"line":157,"column":20},"end":{"line":159,"column":13}},"type":"if","locations":[{"start":{"line":157,"column":20},"end":{"line":159,"column":13}},{"start":{},"end":{}}],"line":157},"25":{"loc":{"start":{"line":157,"column":24},"end":{"line":157,"column":80}},"type":"binary-expr","locations":[{"start":{"line":157,"column":24},"end":{"line":157,"column":42}},{"start":{"line":157,"column":46},"end":{"line":157,"column":80}}],"line":157},"26":{"loc":{"start":{"line":161,"column":28},"end":{"line":161,"column":80}},"type":"cond-expr","locations":[{"start":{"line":161,"column":53},"end":{"line":161,"column":75}},{"start":{"line":161,"column":78},"end":{"line":161,"column":80}}],"line":161},"27":{"loc":{"start":{"line":162,"column":12},"end":{"line":185,"column":13}},"type":"if","locations":[{"start":{"line":162,"column":12},"end":{"line":185,"column":13}},{"start":{},"end":{}}],"line":162},"28":{"loc":{"start":{"line":162,"column":16},"end":{"line":162,"column":80}},"type":"binary-expr","locations":[{"start":{"line":162,"column":16},"end":{"line":162,"column":25}},{"start":{"line":162,"column":30},"end":{"line":162,"column":43}},{"start":{"line":162,"column":47},"end":{"line":162,"column":79}}],"line":162},"29":{"loc":{"start":{"line":167,"column":16},"end":{"line":177,"column":17}},"type":"if","locations":[{"start":{"line":167,"column":16},"end":{"line":177,"column":17}},{"start":{},"end":{}}],"line":167},"30":{"loc":{"start":{"line":187,"column":8},"end":{"line":194,"column":9}},"type":"if","locations":[{"start":{"line":187,"column":8},"end":{"line":194,"column":9}},{"start":{},"end":{}}],"line":187},"31":{"loc":{"start":{"line":200,"column":8},"end":{"line":200,"column":42}},"type":"if","locations":[{"start":{"line":200,"column":8},"end":{"line":200,"column":42}},{"start":{},"end":{}}],"line":200},"32":{"loc":{"start":{"line":203,"column":35},"end":{"line":203,"column":59}},"type":"binary-expr","locations":[{"start":{"line":203,"column":35},"end":{"line":203,"column":54}},{"start":{"line":203,"column":58},"end":{"line":203,"column":59}}],"line":203},"33":{"loc":{"start":{"line":205,"column":16},"end":{"line":207,"column":71}},"type":"cond-expr","locations":[{"start":{"line":206,"column":22},"end":{"line":206,"column":36}},{"start":{"line":207,"column":22},"end":{"line":207,"column":71}}],"line":205},"34":{"loc":{"start":{"line":207,"column":22},"end":{"line":207,"column":71}},"type":"binary-expr","locations":[{"start":{"line":207,"column":22},"end":{"line":207,"column":66}},{"start":{"line":207,"column":70},"end":{"line":207,"column":71}}],"line":207},"35":{"loc":{"start":{"line":234,"column":22},"end":{"line":234,"column":66}},"type":"binary-expr","locations":[{"start":{"line":234,"column":22},"end":{"line":234,"column":61}},{"start":{"line":234,"column":65},"end":{"line":234,"column":66}}],"line":234},"36":{"loc":{"start":{"line":237,"column":4},"end":{"line":241,"column":5}},"type":"if","locations":[{"start":{"line":237,"column":4},"end":{"line":241,"column":5}},{"start":{},"end":{}}],"line":237},"37":{"loc":{"start":{"line":258,"column":4},"end":{"line":264,"column":5}},"type":"if","locations":[{"start":{"line":258,"column":4},"end":{"line":264,"column":5}},{"start":{},"end":{}}],"line":258},"38":{"loc":{"start":{"line":265,"column":4},"end":{"line":268,"column":5}},"type":"if","locations":[{"start":{"line":265,"column":4},"end":{"line":268,"column":5}},{"start":{},"end":{}}],"line":265},"39":{"loc":{"start":{"line":269,"column":4},"end":{"line":271,"column":5}},"type":"if","locations":[{"start":{"line":269,"column":4},"end":{"line":271,"column":5}},{"start":{},"end":{}}],"line":269},"40":{"loc":{"start":{"line":270,"column":8},"end":{"line":270,"column":36}},"type":"if","locations":[{"start":{"line":270,"column":8},"end":{"line":270,"column":36}},{"start":{},"end":{}}],"line":270},"41":{"loc":{"start":{"line":272,"column":4},"end":{"line":276,"column":15}},"type":"if","locations":[{"start":{"line":272,"column":4},"end":{"line":276,"column":15}},{"start":{},"end":{}}],"line":272},"42":{"loc":{"start":{"line":283,"column":28},"end":{"line":283,"column":44}},"type":"default-arg","locations":[{"start":{"line":283,"column":39},"end":{"line":283,"column":44}}],"line":283},"43":{"loc":{"start":{"line":291,"column":4},"end":{"line":309,"column":5}},"type":"if","locations":[{"start":{"line":291,"column":4},"end":{"line":309,"column":5}},{"start":{"line":306,"column":11},"end":{"line":309,"column":5}}],"line":291},"44":{"loc":{"start":{"line":292,"column":72},"end":{"line":292,"column":105}},"type":"binary-expr","locations":[{"start":{"line":292,"column":72},"end":{"line":292,"column":100}},{"start":{"line":292,"column":104},"end":{"line":292,"column":105}}],"line":292},"45":{"loc":{"start":{"line":298,"column":46},"end":{"line":298,"column":79}},"type":"binary-expr","locations":[{"start":{"line":298,"column":46},"end":{"line":298,"column":74}},{"start":{"line":298,"column":78},"end":{"line":298,"column":79}}],"line":298},"46":{"loc":{"start":{"line":335,"column":4},"end":{"line":339,"column":15}},"type":"if","locations":[{"start":{"line":335,"column":4},"end":{"line":339,"column":15}},{"start":{},"end":{}}],"line":335},"47":{"loc":{"start":{"line":336,"column":8},"end":{"line":337,"column":62}},"type":"binary-expr","locations":[{"start":{"line":336,"column":8},"end":{"line":336,"column":39}},{"start":{"line":337,"column":8},"end":{"line":337,"column":62}}],"line":336},"48":{"loc":{"start":{"line":346,"column":4},"end":{"line":350,"column":5}},"type":"if","locations":[{"start":{"line":346,"column":4},"end":{"line":350,"column":5}},{"start":{},"end":{}}],"line":346},"49":{"loc":{"start":{"line":351,"column":4},"end":{"line":351,"column":30}},"type":"if","locations":[{"start":{"line":351,"column":4},"end":{"line":351,"column":30}},{"start":{},"end":{}}],"line":351},"50":{"loc":{"start":{"line":358,"column":8},"end":{"line":360,"column":22}},"type":"binary-expr","locations":[{"start":{"line":358,"column":8},"end":{"line":358,"column":19}},{"start":{"line":359,"column":8},"end":{"line":359,"column":48}},{"start":{"line":360,"column":8},"end":{"line":360,"column":22}}],"line":358},"51":{"loc":{"start":{"line":368,"column":4},"end":{"line":377,"column":5}},"type":"if","locations":[{"start":{"line":368,"column":4},"end":{"line":377,"column":5}},{"start":{"line":374,"column":11},"end":{"line":377,"column":5}}],"line":368},"52":{"loc":{"start":{"line":370,"column":8},"end":{"line":370,"column":44}},"type":"if","locations":[{"start":{"line":370,"column":8},"end":{"line":370,"column":44}},{"start":{},"end":{}}],"line":370},"53":{"loc":{"start":{"line":372,"column":8},"end":{"line":372,"column":45}},"type":"if","locations":[{"start":{"line":372,"column":8},"end":{"line":372,"column":45}},{"start":{},"end":{}}],"line":372},"54":{"loc":{"start":{"line":374,"column":11},"end":{"line":377,"column":5}},"type":"if","locations":[{"start":{"line":374,"column":11},"end":{"line":377,"column":5}},{"start":{},"end":{}}],"line":374},"55":{"loc":{"start":{"line":381,"column":4},"end":{"line":384,"column":5}},"type":"if","locations":[{"start":{"line":381,"column":4},"end":{"line":384,"column":5}},{"start":{},"end":{}}],"line":381},"56":{"loc":{"start":{"line":388,"column":4},"end":{"line":391,"column":5}},"type":"if","locations":[{"start":{"line":388,"column":4},"end":{"line":391,"column":5}},{"start":{},"end":{}}],"line":388},"57":{"loc":{"start":{"line":388,"column":8},"end":{"line":388,"column":76}},"type":"binary-expr","locations":[{"start":{"line":388,"column":8},"end":{"line":388,"column":39}},{"start":{"line":388,"column":43},"end":{"line":388,"column":76}}],"line":388},"58":{"loc":{"start":{"line":404,"column":35},"end":{"line":404,"column":96}},"type":"binary-expr","locations":[{"start":{"line":404,"column":35},"end":{"line":404,"column":63}},{"start":{"line":404,"column":67},"end":{"line":404,"column":96}}],"line":404},"59":{"loc":{"start":{"line":405,"column":32},"end":{"line":405,"column":90}},"type":"binary-expr","locations":[{"start":{"line":405,"column":32},"end":{"line":405,"column":57}},{"start":{"line":405,"column":61},"end":{"line":405,"column":90}}],"line":405},"60":{"loc":{"start":{"line":406,"column":38},"end":{"line":406,"column":102}},"type":"binary-expr","locations":[{"start":{"line":406,"column":38},"end":{"line":406,"column":69}},{"start":{"line":406,"column":73},"end":{"line":406,"column":102}}],"line":406},"61":{"loc":{"start":{"line":407,"column":32},"end":{"line":407,"column":87}},"type":"binary-expr","locations":[{"start":{"line":407,"column":32},"end":{"line":407,"column":57}},{"start":{"line":407,"column":61},"end":{"line":407,"column":87}}],"line":407},"62":{"loc":{"start":{"line":408,"column":31},"end":{"line":408,"column":88}},"type":"binary-expr","locations":[{"start":{"line":408,"column":31},"end":{"line":408,"column":55}},{"start":{"line":408,"column":59},"end":{"line":408,"column":88}}],"line":408},"63":{"loc":{"start":{"line":409,"column":30},"end":{"line":409,"column":86}},"type":"binary-expr","locations":[{"start":{"line":409,"column":30},"end":{"line":409,"column":53}},{"start":{"line":409,"column":57},"end":{"line":409,"column":86}}],"line":409},"64":{"loc":{"start":{"line":410,"column":32},"end":{"line":410,"column":90}},"type":"binary-expr","locations":[{"start":{"line":410,"column":32},"end":{"line":410,"column":57}},{"start":{"line":410,"column":61},"end":{"line":410,"column":90}}],"line":410},"65":{"loc":{"start":{"line":411,"column":29},"end":{"line":411,"column":87}},"type":"binary-expr","locations":[{"start":{"line":411,"column":29},"end":{"line":411,"column":51}},{"start":{"line":411,"column":55},"end":{"line":411,"column":87}}],"line":411},"66":{"loc":{"start":{"line":412,"column":29},"end":{"line":412,"column":84}},"type":"binary-expr","locations":[{"start":{"line":412,"column":29},"end":{"line":412,"column":51}},{"start":{"line":412,"column":55},"end":{"line":412,"column":84}}],"line":412},"67":{"loc":{"start":{"line":413,"column":26},"end":{"line":413,"column":80}},"type":"binary-expr","locations":[{"start":{"line":413,"column":26},"end":{"line":413,"column":45}},{"start":{"line":413,"column":49},"end":{"line":413,"column":80}}],"line":413},"68":{"loc":{"start":{"line":414,"column":38},"end":{"line":414,"column":102}},"type":"binary-expr","locations":[{"start":{"line":414,"column":38},"end":{"line":414,"column":69}},{"start":{"line":414,"column":73},"end":{"line":414,"column":102}}],"line":414},"69":{"loc":{"start":{"line":415,"column":34},"end":{"line":415,"column":94}},"type":"binary-expr","locations":[{"start":{"line":415,"column":34},"end":{"line":415,"column":61}},{"start":{"line":415,"column":65},"end":{"line":415,"column":94}}],"line":415},"70":{"loc":{"start":{"line":416,"column":31},"end":{"line":416,"column":85}},"type":"binary-expr","locations":[{"start":{"line":416,"column":31},"end":{"line":416,"column":55}},{"start":{"line":416,"column":59},"end":{"line":416,"column":85}}],"line":416},"71":{"loc":{"start":{"line":417,"column":30},"end":{"line":417,"column":86}},"type":"binary-expr","locations":[{"start":{"line":417,"column":30},"end":{"line":417,"column":53}},{"start":{"line":417,"column":57},"end":{"line":417,"column":86}}],"line":417},"72":{"loc":{"start":{"line":418,"column":33},"end":{"line":418,"column":92}},"type":"binary-expr","locations":[{"start":{"line":418,"column":33},"end":{"line":418,"column":59}},{"start":{"line":418,"column":63},"end":{"line":418,"column":92}}],"line":418},"73":{"loc":{"start":{"line":419,"column":35},"end":{"line":419,"column":96}},"type":"binary-expr","locations":[{"start":{"line":419,"column":35},"end":{"line":419,"column":63}},{"start":{"line":419,"column":67},"end":{"line":419,"column":96}}],"line":419},"74":{"loc":{"start":{"line":420,"column":35},"end":{"line":420,"column":93}},"type":"binary-expr","locations":[{"start":{"line":420,"column":35},"end":{"line":420,"column":63}},{"start":{"line":420,"column":67},"end":{"line":420,"column":93}}],"line":420},"75":{"loc":{"start":{"line":421,"column":34},"end":{"line":421,"column":94}},"type":"binary-expr","locations":[{"start":{"line":421,"column":34},"end":{"line":421,"column":61}},{"start":{"line":421,"column":65},"end":{"line":421,"column":94}}],"line":421},"76":{"loc":{"start":{"line":422,"column":37},"end":{"line":422,"column":100}},"type":"binary-expr","locations":[{"start":{"line":422,"column":37},"end":{"line":422,"column":67}},{"start":{"line":422,"column":71},"end":{"line":422,"column":100}}],"line":422},"77":{"loc":{"start":{"line":423,"column":39},"end":{"line":423,"column":104}},"type":"binary-expr","locations":[{"start":{"line":423,"column":39},"end":{"line":423,"column":71}},{"start":{"line":423,"column":75},"end":{"line":423,"column":104}}],"line":423},"78":{"loc":{"start":{"line":424,"column":30},"end":{"line":431,"column":5}},"type":"binary-expr","locations":[{"start":{"line":424,"column":30},"end":{"line":424,"column":53}},{"start":{"line":424,"column":57},"end":{"line":431,"column":5}}],"line":424}},"s":{"0":5,"1":5,"2":5,"3":5,"4":4,"5":4,"6":5,"7":0,"8":0,"9":0,"10":0,"11":0,"12":0,"13":5,"14":1,"15":0,"16":1,"17":0,"18":0,"19":0,"20":0,"21":5,"22":3,"23":3,"24":3,"25":3,"26":1,"27":1,"28":1,"29":1,"30":1,"31":1,"32":3,"33":3,"34":3,"35":3,"36":1,"37":1,"38":1,"39":1,"40":1,"41":1,"42":1,"43":2,"44":2,"45":2,"46":0,"47":2,"48":2,"49":2,"50":2,"51":2,"52":2,"53":2,"54":2,"55":2,"56":2,"57":2,"58":2,"59":2,"60":2,"61":2,"62":2,"63":2,"64":2,"65":2,"66":2,"67":2,"68":2,"69":2,"70":2,"71":5,"72":8,"73":8,"74":8,"75":8,"76":30,"77":8,"78":8,"79":8,"80":8,"81":8,"82":8,"83":8,"84":30,"85":30,"86":30,"87":40,"88":40,"89":2,"90":38,"91":38,"92":38,"93":38,"94":2,"95":36,"96":36,"97":28,"98":28,"99":28,"100":28,"101":28,"102":16,"103":16,"104":28,"105":28,"106":30,"107":26,"108":26,"109":26,"110":28,"111":28,"112":8,"113":8,"114":8,"115":30,"116":30,"117":4,"118":26,"119":28,"120":28,"121":28,"122":28,"123":28,"124":28,"125":8,"126":5,"127":1,"128":1,"129":1,"130":1,"131":1,"132":0,"133":0,"134":1,"135":1,"136":1,"137":1,"138":1,"139":1,"140":1,"141":1,"142":5,"143":4,"144":2,"145":2,"146":2,"147":2,"148":2,"149":1,"150":1,"151":1,"152":1,"153":0,"154":1,"155":0,"156":1,"157":1,"158":1,"159":5,"160":1,"161":1,"162":1,"163":1,"164":1,"165":1,"166":1,"167":1,"168":1,"169":1,"170":0,"171":0,"172":0,"173":0,"174":1,"175":1,"176":1,"177":1,"178":5,"179":1,"180":1,"181":1,"182":1,"183":1,"184":1,"185":1,"186":1,"187":1,"188":1,"189":5,"190":2,"191":1,"192":1,"193":1,"194":1,"195":1,"196":1,"197":1,"198":0,"199":0,"200":0,"201":0,"202":0,"203":0,"204":0,"205":0,"206":0,"207":0,"208":0,"209":0,"210":0,"211":0,"212":0,"213":0,"214":0,"215":0,"216":0,"217":5,"218":0,"219":0,"220":0,"221":5,"222":0,"223":0,"224":0,"225":0,"226":5,"227":5,"228":5,"229":5,"230":5,"231":5,"232":5,"233":5,"234":5,"235":5,"236":5,"237":5,"238":5,"239":5,"240":5,"241":5,"242":5,"243":5,"244":5,"245":5,"246":5,"247":5,"248":5,"249":5,"250":5},"f":{"0":4,"1":0,"2":1,"3":0,"4":3,"5":1,"6":2,"7":8,"8":30,"9":40,"10":28,"11":30,"12":28,"13":1,"14":1,"15":1,"16":4,"17":1,"18":1,"19":0,"20":1,"21":1,"22":2,"23":0,"24":0,"25":0,"26":0,"27":0,"28":5},"b":{"0":[0,0],"1":[0,0],"2":[0,1],"3":[0,0],"4":[1,1],"5":[1,1],"6":[1,2],"7":[3,3],"8":[1,0],"9":[1,1],"10":[0,2],"11":[2,0],"12":[2,0],"13":[2,2],"14":[0,2],"15":[0,2],"16":[0,2],"17":[0,2],"18":[28,2],"19":[2,0],"20":[2,38],"21":[38,0],"22":[38,20],"23":[38,10],"24":[2,36],"25":[38,18],"26":[26,10],"27":[28,8],"28":[36,26,26],"29":[16,12],"30":[26,4],"31":[4,26],"32":[28,12],"33":[16,12],"34":[12,0],"35":[1,0],"36":[0,1],"37":[2,2],"38":[1,1],"39":[1,0],"40":[0,1],"41":[0,1],"42":[0],"43":[1,0],"44":[1,0],"45":[1,0],"46":[1,1],"47":[2,1],"48":[1,0],"49":[0,0],"50":[0,0,0],"51":[0,0],"52":[0,0],"53":[0,0],"54":[0,0],"55":[0,0],"56":[0,0],"57":[0,0],"58":[5,4],"59":[5,4],"60":[5,4],"61":[5,4],"62":[5,4],"63":[5,4],"64":[5,4],"65":[5,0],"66":[5,0],"67":[5,0],"68":[5,4],"69":[5,4],"70":[5,4],"71":[5,4],"72":[5,4],"73":[5,4],"74":[5,4],"75":[5,4],"76":[5,4],"77":[5,4],"78":[5,4]},"inputSourceMap":null,"_coverageSchema":"1a1c01bbd47fc00a2c39e90264f33305004495a9","hash":"5566ddd57829713dca6664a712108b96bf38fc3e"}
,"C:\\Users\\behro\\repos\\timer2\\ui.js": {"path":"C:\\Users\\behro\\repos\\timer2\\ui.js","statementMap":{"0":{"start":{"line":6,"column":17},"end":{"line":6,"column":53}},"1":{"start":{"line":6,"column":26},"end":{"line":6,"column":53}},"2":{"start":{"line":7,"column":18},"end":{"line":7,"column":62}},"3":{"start":{"line":7,"column":27},"end":{"line":7,"column":62}},"4":{"start":{"line":9,"column":26},"end":{"line":24,"column":1}},"5":{"start":{"line":10,"column":12},"end":{"line":10,"column":32}},"6":{"start":{"line":11,"column":2},"end":{"line":11,"column":58}},"7":{"start":{"line":11,"column":46},"end":{"line":11,"column":58}},"8":{"start":{"line":12,"column":2},"end":{"line":12,"column":27}},"9":{"start":{"line":12,"column":15},"end":{"line":12,"column":27}},"10":{"start":{"line":13,"column":21},"end":{"line":13,"column":26}},"11":{"start":{"line":14,"column":21},"end":{"line":14,"column":44}},"12":{"start":{"line":15,"column":16},"end":{"line":15,"column":45}},"13":{"start":{"line":16,"column":18},"end":{"line":16,"column":54}},"14":{"start":{"line":17,"column":18},"end":{"line":17,"column":33}},"15":{"start":{"line":18,"column":16},"end":{"line":18,"column":18}},"16":{"start":{"line":19,"column":2},"end":{"line":19,"column":41}},"17":{"start":{"line":19,"column":17},"end":{"line":19,"column":41}},"18":{"start":{"line":20,"column":2},"end":{"line":20,"column":45}},"19":{"start":{"line":20,"column":19},"end":{"line":20,"column":45}},"20":{"start":{"line":21,"column":2},"end":{"line":21,"column":79}},"21":{"start":{"line":21,"column":53},"end":{"line":21,"column":79}},"22":{"start":{"line":22,"column":20},"end":{"line":22,"column":35}},"23":{"start":{"line":23,"column":2},"end":{"line":23,"column":50}},"24":{"start":{"line":27,"column":37},"end":{"line":47,"column":1}},"25":{"start":{"line":29,"column":2},"end":{"line":29,"column":38}},"26":{"start":{"line":30,"column":15},"end":{"line":30,"column":48}},"27":{"start":{"line":31,"column":2},"end":{"line":45,"column":5}},"28":{"start":{"line":32,"column":21},"end":{"line":32,"column":50}},"29":{"start":{"line":33,"column":16},"end":{"line":33,"column":48}},"30":{"start":{"line":34,"column":4},"end":{"line":34,"column":63}},"31":{"start":{"line":35,"column":4},"end":{"line":35,"column":28}},"32":{"start":{"line":36,"column":4},"end":{"line":36,"column":66}},"33":{"start":{"line":38,"column":17},"end":{"line":38,"column":44}},"34":{"start":{"line":39,"column":15},"end":{"line":39,"column":45}},"35":{"start":{"line":40,"column":2},"end":{"line":40,"column":26}},"36":{"start":{"line":41,"column":2},"end":{"line":41,"column":30}},"37":{"start":{"line":42,"column":2},"end":{"line":42,"column":26}},"38":{"start":{"line":43,"column":2},"end":{"line":43,"column":24}},"39":{"start":{"line":44,"column":4},"end":{"line":44,"column":26}},"40":{"start":{"line":46,"column":2},"end":{"line":46,"column":41}},"41":{"start":{"line":49,"column":33},"end":{"line":61,"column":1}},"42":{"start":{"line":50,"column":21},"end":{"line":50,"column":33}},"43":{"start":{"line":51,"column":33},"end":{"line":51,"column":74}},"44":{"start":{"line":51,"column":56},"end":{"line":51,"column":70}},"45":{"start":{"line":52,"column":2},"end":{"line":52,"column":39}},"46":{"start":{"line":53,"column":15},"end":{"line":53,"column":45}},"47":{"start":{"line":54,"column":2},"end":{"line":54,"column":52}},"48":{"start":{"line":55,"column":2},"end":{"line":55,"column":64}},"49":{"start":{"line":56,"column":16},"end":{"line":56,"column":46}},"50":{"start":{"line":57,"column":2},"end":{"line":57,"column":56}},"51":{"start":{"line":58,"column":2},"end":{"line":58,"column":81}},"52":{"start":{"line":59,"column":2},"end":{"line":59,"column":42}},"53":{"start":{"line":60,"column":2},"end":{"line":60,"column":43}},"54":{"start":{"line":63,"column":27},"end":{"line":182,"column":1}},"55":{"start":{"line":64,"column":2},"end":{"line":64,"column":79}},"56":{"start":{"line":66,"column":21},"end":{"line":66,"column":39}},"57":{"start":{"line":67,"column":31},"end":{"line":67,"column":40}},"58":{"start":{"line":68,"column":2},"end":{"line":70,"column":3}},"59":{"start":{"line":69,"column":4},"end":{"line":69,"column":54}},"60":{"start":{"line":72,"column":22},"end":{"line":72,"column":55}},"61":{"start":{"line":74,"column":2},"end":{"line":173,"column":3}},"62":{"start":{"line":75,"column":21},"end":{"line":75,"column":81}},"63":{"start":{"line":76,"column":15},"end":{"line":76,"column":56}},"64":{"start":{"line":78,"column":4},"end":{"line":171,"column":5}},"65":{"start":{"line":80,"column":6},"end":{"line":80,"column":65}},"66":{"start":{"line":81,"column":6},"end":{"line":81,"column":83}},"67":{"start":{"line":82,"column":20},"end":{"line":82,"column":62}},"68":{"start":{"line":83,"column":6},"end":{"line":83,"column":51}},"69":{"start":{"line":84,"column":6},"end":{"line":84,"column":27}},"70":{"start":{"line":85,"column":24},"end":{"line":85,"column":56}},"71":{"start":{"line":86,"column":6},"end":{"line":86,"column":35}},"72":{"start":{"line":87,"column":6},"end":{"line":87,"column":70}},"73":{"start":{"line":88,"column":6},"end":{"line":88,"column":87}},"74":{"start":{"line":89,"column":6},"end":{"line":89,"column":151}},"75":{"start":{"line":90,"column":6},"end":{"line":90,"column":120}},"76":{"start":{"line":91,"column":6},"end":{"line":91,"column":88}},"77":{"start":{"line":92,"column":6},"end":{"line":92,"column":51}},"78":{"start":{"line":95,"column":6},"end":{"line":95,"column":43}},"79":{"start":{"line":96,"column":6},"end":{"line":96,"column":35}},"80":{"start":{"line":97,"column":6},"end":{"line":97,"column":32}},"81":{"start":{"line":99,"column":20},"end":{"line":99,"column":49}},"82":{"start":{"line":100,"column":6},"end":{"line":100,"column":48}},"83":{"start":{"line":101,"column":6},"end":{"line":101,"column":40}},"84":{"start":{"line":103,"column":23},"end":{"line":103,"column":52}},"85":{"start":{"line":104,"column":6},"end":{"line":104,"column":54}},"86":{"start":{"line":105,"column":24},"end":{"line":105,"column":54}},"87":{"start":{"line":106,"column":6},"end":{"line":106,"column":41}},"88":{"start":{"line":107,"column":6},"end":{"line":107,"column":41}},"89":{"start":{"line":108,"column":23},"end":{"line":108,"column":53}},"90":{"start":{"line":109,"column":6},"end":{"line":109,"column":46}},"91":{"start":{"line":110,"column":6},"end":{"line":110,"column":52}},"92":{"start":{"line":111,"column":6},"end":{"line":111,"column":38}},"93":{"start":{"line":112,"column":6},"end":{"line":112,"column":37}},"94":{"start":{"line":114,"column":26},"end":{"line":114,"column":55}},"95":{"start":{"line":115,"column":6},"end":{"line":115,"column":60}},"96":{"start":{"line":116,"column":20},"end":{"line":116,"column":50}},"97":{"start":{"line":117,"column":6},"end":{"line":117,"column":46}},"98":{"start":{"line":118,"column":6},"end":{"line":118,"column":51}},"99":{"start":{"line":119,"column":24},"end":{"line":119,"column":56}},"100":{"start":{"line":120,"column":6},"end":{"line":120,"column":35}},"101":{"start":{"line":121,"column":6},"end":{"line":121,"column":70}},"102":{"start":{"line":122,"column":6},"end":{"line":122,"column":37}},"103":{"start":{"line":124,"column":26},"end":{"line":124,"column":55}},"104":{"start":{"line":125,"column":6},"end":{"line":125,"column":60}},"105":{"start":{"line":126,"column":6},"end":{"line":126,"column":58}},"106":{"start":{"line":128,"column":26},"end":{"line":128,"column":55}},"107":{"start":{"line":129,"column":6},"end":{"line":129,"column":60}},"108":{"start":{"line":130,"column":6},"end":{"line":130,"column":122}},"109":{"start":{"line":132,"column":23},"end":{"line":132,"column":52}},"110":{"start":{"line":133,"column":6},"end":{"line":133,"column":54}},"111":{"start":{"line":134,"column":6},"end":{"line":134,"column":91}},"112":{"start":{"line":136,"column":24},"end":{"line":136,"column":53}},"113":{"start":{"line":137,"column":6},"end":{"line":137,"column":56}},"114":{"start":{"line":138,"column":6},"end":{"line":138,"column":59}},"115":{"start":{"line":140,"column":25},"end":{"line":140,"column":54}},"116":{"start":{"line":141,"column":6},"end":{"line":141,"column":58}},"117":{"start":{"line":142,"column":21},"end":{"line":142,"column":53}},"118":{"start":{"line":143,"column":6},"end":{"line":143,"column":42}},"119":{"start":{"line":144,"column":6},"end":{"line":144,"column":34}},"120":{"start":{"line":145,"column":6},"end":{"line":145,"column":62}},"121":{"start":{"line":146,"column":22},"end":{"line":146,"column":54}},"122":{"start":{"line":147,"column":6},"end":{"line":147,"column":37}},"123":{"start":{"line":148,"column":6},"end":{"line":148,"column":34}},"124":{"start":{"line":149,"column":6},"end":{"line":149,"column":56}},"125":{"start":{"line":150,"column":22},"end":{"line":150,"column":54}},"126":{"start":{"line":151,"column":6},"end":{"line":151,"column":37}},"127":{"start":{"line":152,"column":6},"end":{"line":152,"column":34}},"128":{"start":{"line":153,"column":6},"end":{"line":153,"column":56}},"129":{"start":{"line":154,"column":24},"end":{"line":154,"column":56}},"130":{"start":{"line":155,"column":6},"end":{"line":155,"column":41}},"131":{"start":{"line":156,"column":6},"end":{"line":156,"column":33}},"132":{"start":{"line":157,"column":6},"end":{"line":157,"column":63}},"133":{"start":{"line":158,"column":6},"end":{"line":158,"column":37}},"134":{"start":{"line":159,"column":6},"end":{"line":159,"column":38}},"135":{"start":{"line":160,"column":6},"end":{"line":160,"column":38}},"136":{"start":{"line":161,"column":6},"end":{"line":161,"column":40}},"137":{"start":{"line":163,"column":6},"end":{"line":163,"column":30}},"138":{"start":{"line":164,"column":6},"end":{"line":164,"column":33}},"139":{"start":{"line":165,"column":6},"end":{"line":165,"column":36}},"140":{"start":{"line":166,"column":6},"end":{"line":166,"column":36}},"141":{"start":{"line":167,"column":6},"end":{"line":167,"column":36}},"142":{"start":{"line":168,"column":6},"end":{"line":168,"column":33}},"143":{"start":{"line":169,"column":6},"end":{"line":169,"column":34}},"144":{"start":{"line":170,"column":6},"end":{"line":170,"column":35}},"145":{"start":{"line":172,"column":4},"end":{"line":172,"column":34}},"146":{"start":{"line":175,"column":2},"end":{"line":177,"column":3}},"147":{"start":{"line":176,"column":4},"end":{"line":176,"column":19}},"148":{"start":{"line":179,"column":2},"end":{"line":179,"column":38}},"149":{"start":{"line":181,"column":2},"end":{"line":181,"column":36}},"150":{"start":{"line":184,"column":29},"end":{"line":301,"column":1}},"151":{"start":{"line":185,"column":22},"end":{"line":188,"column":3}},"152":{"start":{"line":186,"column":15},"end":{"line":186,"column":51}},"153":{"start":{"line":189,"column":2},"end":{"line":189,"column":82}},"154":{"start":{"line":190,"column":26},"end":{"line":190,"column":57}},"155":{"start":{"line":192,"column":20},"end":{"line":192,"column":41}},"156":{"start":{"line":193,"column":30},"end":{"line":193,"column":39}},"157":{"start":{"line":194,"column":2},"end":{"line":196,"column":3}},"158":{"start":{"line":195,"column":4},"end":{"line":195,"column":53}},"159":{"start":{"line":198,"column":22},"end":{"line":198,"column":55}},"160":{"start":{"line":200,"column":2},"end":{"line":293,"column":3}},"161":{"start":{"line":201,"column":4},"end":{"line":201,"column":29}},"162":{"start":{"line":202,"column":18},"end":{"line":202,"column":47}},"163":{"start":{"line":203,"column":4},"end":{"line":203,"column":38}},"164":{"start":{"line":204,"column":4},"end":{"line":204,"column":78}},"165":{"start":{"line":205,"column":4},"end":{"line":205,"column":35}},"166":{"start":{"line":207,"column":26},"end":{"line":207,"column":109}},"167":{"start":{"line":209,"column":4},"end":{"line":292,"column":5}},"168":{"start":{"line":210,"column":19},"end":{"line":210,"column":34}},"169":{"start":{"line":211,"column":6},"end":{"line":211,"column":26}},"170":{"start":{"line":211,"column":17},"end":{"line":211,"column":26}},"171":{"start":{"line":213,"column":23},"end":{"line":213,"column":83}},"172":{"start":{"line":214,"column":24},"end":{"line":214,"column":49}},"173":{"start":{"line":215,"column":17},"end":{"line":215,"column":57}},"174":{"start":{"line":217,"column":6},"end":{"line":290,"column":7}},"175":{"start":{"line":219,"column":8},"end":{"line":219,"column":73}},"176":{"start":{"line":220,"column":8},"end":{"line":221,"column":47}},"177":{"start":{"line":220,"column":29},"end":{"line":220,"column":68}},"178":{"start":{"line":221,"column":13},"end":{"line":221,"column":47}},"179":{"start":{"line":223,"column":8},"end":{"line":230,"column":9}},"180":{"start":{"line":224,"column":39},"end":{"line":224,"column":100}},"181":{"start":{"line":225,"column":10},"end":{"line":229,"column":11}},"182":{"start":{"line":226,"column":12},"end":{"line":226,"column":44}},"183":{"start":{"line":228,"column":12},"end":{"line":228,"column":47}},"184":{"start":{"line":231,"column":8},"end":{"line":231,"column":52}},"185":{"start":{"line":234,"column":8},"end":{"line":234,"column":45}},"186":{"start":{"line":235,"column":8},"end":{"line":235,"column":73}},"187":{"start":{"line":236,"column":8},"end":{"line":236,"column":34}},"188":{"start":{"line":237,"column":8},"end":{"line":237,"column":68}},"189":{"start":{"line":237,"column":29},"end":{"line":237,"column":68}},"190":{"start":{"line":239,"column":8},"end":{"line":244,"column":9}},"191":{"start":{"line":240,"column":39},"end":{"line":240,"column":100}},"192":{"start":{"line":241,"column":10},"end":{"line":243,"column":11}},"193":{"start":{"line":242,"column":12},"end":{"line":242,"column":44}},"194":{"start":{"line":246,"column":21},"end":{"line":246,"column":53}},"195":{"start":{"line":247,"column":8},"end":{"line":247,"column":48}},"196":{"start":{"line":248,"column":8},"end":{"line":248,"column":35}},"197":{"start":{"line":250,"column":22},"end":{"line":250,"column":51}},"198":{"start":{"line":251,"column":8},"end":{"line":251,"column":34}},"199":{"start":{"line":252,"column":8},"end":{"line":252,"column":39}},"200":{"start":{"line":254,"column":25},"end":{"line":254,"column":55}},"201":{"start":{"line":255,"column":8},"end":{"line":255,"column":40}},"202":{"start":{"line":256,"column":8},"end":{"line":256,"column":92}},"203":{"start":{"line":258,"column":24},"end":{"line":258,"column":53}},"204":{"start":{"line":259,"column":8},"end":{"line":259,"column":47}},"205":{"start":{"line":260,"column":8},"end":{"line":284,"column":9}},"206":{"start":{"line":261,"column":25},"end":{"line":261,"column":57}},"207":{"start":{"line":262,"column":10},"end":{"line":262,"column":40}},"208":{"start":{"line":263,"column":10},"end":{"line":263,"column":40}},"209":{"start":{"line":264,"column":10},"end":{"line":264,"column":39}},"210":{"start":{"line":265,"column":10},"end":{"line":265,"column":70}},"211":{"start":{"line":266,"column":28},"end":{"line":266,"column":60}},"212":{"start":{"line":267,"column":10},"end":{"line":267,"column":43}},"213":{"start":{"line":268,"column":10},"end":{"line":268,"column":46}},"214":{"start":{"line":269,"column":10},"end":{"line":269,"column":45}},"215":{"start":{"line":270,"column":10},"end":{"line":270,"column":75}},"216":{"start":{"line":271,"column":28},"end":{"line":271,"column":60}},"217":{"start":{"line":272,"column":10},"end":{"line":272,"column":45}},"218":{"start":{"line":273,"column":10},"end":{"line":273,"column":46}},"219":{"start":{"line":274,"column":10},"end":{"line":274,"column":67}},"220":{"start":{"line":275,"column":10},"end":{"line":275,"column":38}},"221":{"start":{"line":276,"column":10},"end":{"line":276,"column":41}},"222":{"start":{"line":277,"column":10},"end":{"line":277,"column":41}},"223":{"start":{"line":279,"column":28},"end":{"line":279,"column":60}},"224":{"start":{"line":280,"column":10},"end":{"line":280,"column":45}},"225":{"start":{"line":281,"column":10},"end":{"line":281,"column":46}},"226":{"start":{"line":282,"column":10},"end":{"line":282,"column":67}},"227":{"start":{"line":283,"column":10},"end":{"line":283,"column":41}},"228":{"start":{"line":286,"column":8},"end":{"line":286,"column":31}},"229":{"start":{"line":287,"column":8},"end":{"line":287,"column":32}},"230":{"start":{"line":288,"column":8},"end":{"line":288,"column":35}},"231":{"start":{"line":289,"column":8},"end":{"line":289,"column":34}},"232":{"start":{"line":291,"column":6},"end":{"line":291,"column":36}},"233":{"start":{"line":295,"column":2},"end":{"line":297,"column":3}},"234":{"start":{"line":296,"column":4},"end":{"line":296,"column":19}},"235":{"start":{"line":299,"column":2},"end":{"line":299,"column":27}},"236":{"start":{"line":300,"column":2},"end":{"line":300,"column":37}},"237":{"start":{"line":303,"column":33},"end":{"line":317,"column":1}},"238":{"start":{"line":304,"column":2},"end":{"line":307,"column":5}},"239":{"start":{"line":305,"column":4},"end":{"line":305,"column":33}},"240":{"start":{"line":306,"column":4},"end":{"line":306,"column":43}},"241":{"start":{"line":308,"column":17},"end":{"line":308,"column":58}},"242":{"start":{"line":309,"column":2},"end":{"line":316,"column":3}},"243":{"start":{"line":310,"column":4},"end":{"line":310,"column":35}},"244":{"start":{"line":311,"column":4},"end":{"line":315,"column":8}},"245":{"start":{"line":321,"column":31},"end":{"line":333,"column":1}},"246":{"start":{"line":322,"column":2},"end":{"line":322,"column":52}},"247":{"start":{"line":323,"column":2},"end":{"line":323,"column":31}},"248":{"start":{"line":324,"column":2},"end":{"line":324,"column":42}},"249":{"start":{"line":325,"column":2},"end":{"line":325,"column":41}},"250":{"start":{"line":326,"column":2},"end":{"line":326,"column":42}},"251":{"start":{"line":327,"column":2},"end":{"line":327,"column":37}},"252":{"start":{"line":328,"column":2},"end":{"line":328,"column":38}},"253":{"start":{"line":329,"column":2},"end":{"line":329,"column":40}},"254":{"start":{"line":330,"column":2},"end":{"line":330,"column":72}},"255":{"start":{"line":331,"column":2},"end":{"line":331,"column":47}},"256":{"start":{"line":332,"column":2},"end":{"line":332,"column":28}},"257":{"start":{"line":335,"column":34},"end":{"line":346,"column":1}},"258":{"start":{"line":336,"column":2},"end":{"line":336,"column":61}},"259":{"start":{"line":337,"column":2},"end":{"line":337,"column":39}},"260":{"start":{"line":338,"column":2},"end":{"line":338,"column":56}},"261":{"start":{"line":339,"column":2},"end":{"line":339,"column":70}},"262":{"start":{"line":340,"column":2},"end":{"line":340,"column":58}},"263":{"start":{"line":341,"column":2},"end":{"line":341,"column":57}},"264":{"start":{"line":342,"column":2},"end":{"line":342,"column":59}},"265":{"start":{"line":343,"column":2},"end":{"line":343,"column":63}},"266":{"start":{"line":344,"column":2},"end":{"line":344,"column":76}},"267":{"start":{"line":345,"column":2},"end":{"line":345,"column":55}},"268":{"start":{"line":348,"column":34},"end":{"line":369,"column":1}},"269":{"start":{"line":349,"column":2},"end":{"line":349,"column":48}},"270":{"start":{"line":350,"column":2},"end":{"line":350,"column":61}},"271":{"start":{"line":351,"column":2},"end":{"line":351,"column":47}},"272":{"start":{"line":352,"column":2},"end":{"line":352,"column":46}},"273":{"start":{"line":353,"column":2},"end":{"line":353,"column":45}},"274":{"start":{"line":354,"column":2},"end":{"line":354,"column":47}},"275":{"start":{"line":355,"column":2},"end":{"line":355,"column":46}},"276":{"start":{"line":356,"column":2},"end":{"line":356,"column":45}},"277":{"start":{"line":357,"column":2},"end":{"line":357,"column":48}},"278":{"start":{"line":358,"column":2},"end":{"line":358,"column":50}},"279":{"start":{"line":359,"column":2},"end":{"line":359,"column":50}},"280":{"start":{"line":360,"column":2},"end":{"line":360,"column":49}},"281":{"start":{"line":361,"column":2},"end":{"line":361,"column":52}},"282":{"start":{"line":362,"column":2},"end":{"line":362,"column":54}},"283":{"start":{"line":363,"column":2},"end":{"line":363,"column":58}},"284":{"start":{"line":364,"column":2},"end":{"line":364,"column":61}},"285":{"start":{"line":365,"column":2},"end":{"line":365,"column":60}},"286":{"start":{"line":366,"column":2},"end":{"line":366,"column":62}},"287":{"start":{"line":367,"column":2},"end":{"line":367,"column":57}},"288":{"start":{"line":368,"column":2},"end":{"line":368,"column":58}},"289":{"start":{"line":371,"column":35},"end":{"line":390,"column":1}},"290":{"start":{"line":372,"column":20},"end":{"line":372,"column":41}},"291":{"start":{"line":373,"column":24},"end":{"line":373,"column":73}},"292":{"start":{"line":374,"column":2},"end":{"line":389,"column":3}},"293":{"start":{"line":375,"column":26},"end":{"line":375,"column":59}},"294":{"start":{"line":376,"column":24},"end":{"line":376,"column":61}},"295":{"start":{"line":377,"column":4},"end":{"line":388,"column":5}},"296":{"start":{"line":381,"column":21},"end":{"line":381,"column":66}},"297":{"start":{"line":383,"column":8},"end":{"line":383,"column":76}},"298":{"start":{"line":384,"column":6},"end":{"line":387,"column":9}},"299":{"start":{"line":392,"column":34},"end":{"line":452,"column":1}},"300":{"start":{"line":393,"column":2},"end":{"line":393,"column":51}},"301":{"start":{"line":393,"column":44},"end":{"line":393,"column":51}},"302":{"start":{"line":396,"column":4},"end":{"line":396,"column":76}},"303":{"start":{"line":397,"column":2},"end":{"line":397,"column":34}},"304":{"start":{"line":397,"column":27},"end":{"line":397,"column":34}},"305":{"start":{"line":400,"column":4},"end":{"line":400,"column":22}},"306":{"start":{"line":401,"column":18},"end":{"line":401,"column":64}},"307":{"start":{"line":403,"column":4},"end":{"line":405,"column":9}},"308":{"start":{"line":407,"column":4},"end":{"line":407,"column":77}},"309":{"start":{"line":409,"column":2},"end":{"line":409,"column":82}},"310":{"start":{"line":410,"column":2},"end":{"line":410,"column":60}},"311":{"start":{"line":411,"column":2},"end":{"line":411,"column":86}},"312":{"start":{"line":412,"column":2},"end":{"line":412,"column":60}},"313":{"start":{"line":413,"column":2},"end":{"line":413,"column":59}},"314":{"start":{"line":415,"column":29},"end":{"line":415,"column":65}},"315":{"start":{"line":416,"column":23},"end":{"line":416,"column":74}},"316":{"start":{"line":418,"column":4},"end":{"line":420,"column":26}},"317":{"start":{"line":421,"column":25},"end":{"line":421,"column":57}},"318":{"start":{"line":422,"column":27},"end":{"line":422,"column":62}},"319":{"start":{"line":424,"column":4},"end":{"line":426,"column":9}},"320":{"start":{"line":428,"column":2},"end":{"line":428,"column":58}},"321":{"start":{"line":429,"column":2},"end":{"line":429,"column":57}},"322":{"start":{"line":430,"column":2},"end":{"line":430,"column":70}},"323":{"start":{"line":431,"column":2},"end":{"line":431,"column":80}},"324":{"start":{"line":432,"column":26},"end":{"line":432,"column":66}},"325":{"start":{"line":433,"column":2},"end":{"line":433,"column":157}},"326":{"start":{"line":435,"column":31},"end":{"line":435,"column":70}},"327":{"start":{"line":437,"column":4},"end":{"line":439,"column":21}},"328":{"start":{"line":440,"column":31},"end":{"line":440,"column":72}},"329":{"start":{"line":442,"column":4},"end":{"line":444,"column":9}},"330":{"start":{"line":446,"column":2},"end":{"line":446,"column":66}},"331":{"start":{"line":447,"column":2},"end":{"line":447,"column":65}},"332":{"start":{"line":448,"column":2},"end":{"line":448,"column":78}},"333":{"start":{"line":449,"column":2},"end":{"line":451,"column":6}},"334":{"start":{"line":454,"column":37},"end":{"line":492,"column":1}},"335":{"start":{"line":464,"column":10},"end":{"line":464,"column":18}},"336":{"start":{"line":465,"column":2},"end":{"line":475,"column":3}},"337":{"start":{"line":466,"column":17},"end":{"line":466,"column":57}},"338":{"start":{"line":467,"column":4},"end":{"line":467,"column":22}},"339":{"start":{"line":467,"column":15},"end":{"line":467,"column":22}},"340":{"start":{"line":468,"column":4},"end":{"line":474,"column":6}},"341":{"start":{"line":476,"column":2},"end":{"line":476,"column":35}},"342":{"start":{"line":477,"column":2},"end":{"line":477,"column":33}},"343":{"start":{"line":478,"column":2},"end":{"line":478,"column":36}},"344":{"start":{"line":479,"column":2},"end":{"line":485,"column":3}},"345":{"start":{"line":480,"column":4},"end":{"line":480,"column":51}},"346":{"start":{"line":481,"column":4},"end":{"line":481,"column":48}},"347":{"start":{"line":483,"column":4},"end":{"line":483,"column":59}},"348":{"start":{"line":484,"column":4},"end":{"line":484,"column":53}},"349":{"start":{"line":486,"column":2},"end":{"line":486,"column":40}},"350":{"start":{"line":488,"column":2},"end":{"line":488,"column":39}},"351":{"start":{"line":489,"column":2},"end":{"line":491,"column":10}},"352":{"start":{"line":490,"column":4},"end":{"line":490,"column":53}},"353":{"start":{"line":490,"column":27},"end":{"line":490,"column":53}},"354":{"start":{"line":494,"column":37},"end":{"line":499,"column":1}},"355":{"start":{"line":495,"column":2},"end":{"line":495,"column":49}},"356":{"start":{"line":496,"column":2},"end":{"line":498,"column":10}},"357":{"start":{"line":497,"column":4},"end":{"line":497,"column":49}},"358":{"start":{"line":501,"column":31},"end":{"line":520,"column":1}},"359":{"start":{"line":502,"column":17},"end":{"line":502,"column":33}},"360":{"start":{"line":503,"column":2},"end":{"line":515,"column":5}},"361":{"start":{"line":504,"column":33},"end":{"line":504,"column":70}},"362":{"start":{"line":505,"column":24},"end":{"line":505,"column":60}},"363":{"start":{"line":506,"column":4},"end":{"line":514,"column":5}},"364":{"start":{"line":507,"column":6},"end":{"line":507,"column":39}},"365":{"start":{"line":508,"column":6},"end":{"line":508,"column":74}},"366":{"start":{"line":508,"column":23},"end":{"line":508,"column":74}},"367":{"start":{"line":509,"column":6},"end":{"line":509,"column":48}},"368":{"start":{"line":510,"column":11},"end":{"line":514,"column":5}},"369":{"start":{"line":511,"column":6},"end":{"line":511,"column":42}},"370":{"start":{"line":512,"column":6},"end":{"line":512,"column":73}},"371":{"start":{"line":512,"column":23},"end":{"line":512,"column":73}},"372":{"start":{"line":513,"column":6},"end":{"line":513,"column":49}},"373":{"start":{"line":516,"column":2},"end":{"line":519,"column":4}},"374":{"start":{"line":522,"column":34},"end":{"line":546,"column":1}},"375":{"start":{"line":523,"column":16},"end":{"line":523,"column":39}},"376":{"start":{"line":524,"column":15},"end":{"line":524,"column":28}},"377":{"start":{"line":525,"column":15},"end":{"line":525,"column":59}},"378":{"start":{"line":526,"column":2},"end":{"line":526,"column":47}},"379":{"start":{"line":527,"column":2},"end":{"line":527,"column":45}},"380":{"start":{"line":529,"column":2},"end":{"line":545,"column":3}},"381":{"start":{"line":530,"column":4},"end":{"line":539,"column":5}},"382":{"start":{"line":531,"column":6},"end":{"line":531,"column":42}},"383":{"start":{"line":532,"column":26},"end":{"line":532,"column":62}},"384":{"start":{"line":533,"column":6},"end":{"line":533,"column":73}},"385":{"start":{"line":533,"column":23},"end":{"line":533,"column":73}},"386":{"start":{"line":534,"column":6},"end":{"line":534,"column":49}},"387":{"start":{"line":535,"column":6},"end":{"line":538,"column":8}},"388":{"start":{"line":540,"column":4},"end":{"line":540,"column":50}},"389":{"start":{"line":541,"column":4},"end":{"line":541,"column":56}},"390":{"start":{"line":543,"column":4},"end":{"line":543,"column":48}},"391":{"start":{"line":544,"column":4},"end":{"line":544,"column":51}},"392":{"start":{"line":548,"column":26},"end":{"line":551,"column":1}},"393":{"start":{"line":549,"column":2},"end":{"line":549,"column":45}},"394":{"start":{"line":550,"column":2},"end":{"line":550,"column":39}},"395":{"start":{"line":553,"column":33},"end":{"line":583,"column":1}},"396":{"start":{"line":554,"column":16},"end":{"line":554,"column":48}},"397":{"start":{"line":555,"column":22},"end":{"line":555,"column":65}},"398":{"start":{"line":556,"column":20},"end":{"line":556,"column":69}},"399":{"start":{"line":559,"column":23},"end":{"line":559,"column":52}},"400":{"start":{"line":559,"column":29},"end":{"line":559,"column":52}},"401":{"start":{"line":561,"column":17},"end":{"line":567,"column":3}},"402":{"start":{"line":562,"column":14},"end":{"line":562,"column":44}},"403":{"start":{"line":563,"column":16},"end":{"line":563,"column":44}},"404":{"start":{"line":564,"column":16},"end":{"line":564,"column":51}},"405":{"start":{"line":565,"column":4},"end":{"line":565,"column":51}},"406":{"start":{"line":566,"column":4},"end":{"line":566,"column":22}},"407":{"start":{"line":569,"column":2},"end":{"line":572,"column":5}},"408":{"start":{"line":570,"column":4},"end":{"line":570,"column":51}},"409":{"start":{"line":571,"column":4},"end":{"line":571,"column":86}},"410":{"start":{"line":571,"column":33},"end":{"line":571,"column":79}},"411":{"start":{"line":574,"column":2},"end":{"line":577,"column":5}},"412":{"start":{"line":575,"column":4},"end":{"line":575,"column":49}},"413":{"start":{"line":576,"column":4},"end":{"line":576,"column":84}},"414":{"start":{"line":576,"column":33},"end":{"line":576,"column":77}},"415":{"start":{"line":579,"column":2},"end":{"line":579,"column":56}},"416":{"start":{"line":580,"column":2},"end":{"line":580,"column":59}},"417":{"start":{"line":581,"column":2},"end":{"line":581,"column":54}},"418":{"start":{"line":582,"column":2},"end":{"line":582,"column":57}},"419":{"start":{"line":586,"column":25},"end":{"line":617,"column":1}},"420":{"start":{"line":588,"column":10},"end":{"line":588,"column":18}},"421":{"start":{"line":589,"column":2},"end":{"line":597,"column":3}},"422":{"start":{"line":590,"column":4},"end":{"line":596,"column":6}},"423":{"start":{"line":598,"column":2},"end":{"line":602,"column":3}},"424":{"start":{"line":600,"column":4},"end":{"line":600,"column":71}},"425":{"start":{"line":600,"column":10},"end":{"line":600,"column":44}},"426":{"start":{"line":601,"column":4},"end":{"line":601,"column":11}},"427":{"start":{"line":604,"column":2},"end":{"line":604,"column":64}},"428":{"start":{"line":604,"column":20},"end":{"line":604,"column":64}},"429":{"start":{"line":605,"column":2},"end":{"line":605,"column":56}},"430":{"start":{"line":605,"column":19},"end":{"line":605,"column":56}},"431":{"start":{"line":606,"column":2},"end":{"line":606,"column":64}},"432":{"start":{"line":606,"column":24},"end":{"line":606,"column":64}},"433":{"start":{"line":607,"column":2},"end":{"line":607,"column":62}},"434":{"start":{"line":607,"column":25},"end":{"line":607,"column":62}},"435":{"start":{"line":608,"column":2},"end":{"line":608,"column":40}},"436":{"start":{"line":609,"column":2},"end":{"line":609,"column":39}},"437":{"start":{"line":610,"column":15},"end":{"line":615,"column":3}},"438":{"start":{"line":611,"column":4},"end":{"line":611,"column":44}},"439":{"start":{"line":612,"column":4},"end":{"line":614,"column":12}},"440":{"start":{"line":613,"column":6},"end":{"line":613,"column":44}},"441":{"start":{"line":616,"column":2},"end":{"line":616,"column":91}},"442":{"start":{"line":616,"column":25},"end":{"line":616,"column":91}}},"fnMap":{"0":{"name":"(anonymous_0)","decl":{"start":{"line":6,"column":17},"end":{"line":6,"column":18}},"loc":{"start":{"line":6,"column":26},"end":{"line":6,"column":53}},"line":6},"1":{"name":"(anonymous_1)","decl":{"start":{"line":7,"column":18},"end":{"line":7,"column":19}},"loc":{"start":{"line":7,"column":27},"end":{"line":7,"column":62}},"line":7},"2":{"name":"(anonymous_2)","decl":{"start":{"line":9,"column":26},"end":{"line":9,"column":27}},"loc":{"start":{"line":9,"column":44},"end":{"line":24,"column":1}},"line":9},"3":{"name":"(anonymous_3)","decl":{"start":{"line":27,"column":37},"end":{"line":27,"column":38}},"loc":{"start":{"line":27,"column":70},"end":{"line":47,"column":1}},"line":27},"4":{"name":"(anonymous_4)","decl":{"start":{"line":31,"column":21},"end":{"line":31,"column":22}},"loc":{"start":{"line":31,"column":30},"end":{"line":45,"column":3}},"line":31},"5":{"name":"(anonymous_5)","decl":{"start":{"line":49,"column":33},"end":{"line":49,"column":34}},"loc":{"start":{"line":49,"column":53},"end":{"line":61,"column":1}},"line":49},"6":{"name":"(anonymous_6)","decl":{"start":{"line":51,"column":46},"end":{"line":51,"column":47}},"loc":{"start":{"line":51,"column":56},"end":{"line":51,"column":70}},"line":51},"7":{"name":"(anonymous_7)","decl":{"start":{"line":63,"column":27},"end":{"line":63,"column":28}},"loc":{"start":{"line":63,"column":59},"end":{"line":182,"column":1}},"line":63},"8":{"name":"(anonymous_8)","decl":{"start":{"line":184,"column":29},"end":{"line":184,"column":30}},"loc":{"start":{"line":184,"column":62},"end":{"line":301,"column":1}},"line":184},"9":{"name":"(anonymous_9)","decl":{"start":{"line":186,"column":4},"end":{"line":186,"column":5}},"loc":{"start":{"line":186,"column":15},"end":{"line":186,"column":51}},"line":186},"10":{"name":"(anonymous_10)","decl":{"start":{"line":303,"column":33},"end":{"line":303,"column":34}},"loc":{"start":{"line":303,"column":48},"end":{"line":317,"column":1}},"line":303},"11":{"name":"(anonymous_11)","decl":{"start":{"line":304,"column":29},"end":{"line":304,"column":30}},"loc":{"start":{"line":304,"column":36},"end":{"line":307,"column":3}},"line":304},"12":{"name":"(anonymous_12)","decl":{"start":{"line":321,"column":31},"end":{"line":321,"column":32}},"loc":{"start":{"line":321,"column":44},"end":{"line":333,"column":1}},"line":321},"13":{"name":"(anonymous_13)","decl":{"start":{"line":335,"column":34},"end":{"line":335,"column":35}},"loc":{"start":{"line":335,"column":53},"end":{"line":346,"column":1}},"line":335},"14":{"name":"(anonymous_14)","decl":{"start":{"line":348,"column":34
[...]
column":84}}],"line":225},"32":{"loc":{"start":{"line":235,"column":44},"end":{"line":235,"column":71}},"type":"cond-expr","locations":[{"start":{"line":235,"column":56},"end":{"line":235,"column":66}},{"start":{"line":235,"column":69},"end":{"line":235,"column":71}}],"line":235},"33":{"loc":{"start":{"line":237,"column":8},"end":{"line":237,"column":68}},"type":"if","locations":[{"start":{"line":237,"column":8},"end":{"line":237,"column":68}},{"start":{},"end":{}}],"line":237},"34":{"loc":{"start":{"line":239,"column":8},"end":{"line":244,"column":9}},"type":"if","locations":[{"start":{"line":239,"column":8},"end":{"line":244,"column":9}},{"start":{},"end":{}}],"line":239},"35":{"loc":{"start":{"line":240,"column":39},"end":{"line":240,"column":100}},"type":"binary-expr","locations":[{"start":{"line":240,"column":39},"end":{"line":240,"column":95}},{"start":{"line":240,"column":99},"end":{"line":240,"column":100}}],"line":240},"36":{"loc":{"start":{"line":241,"column":10},"end":{"line":243,"column":11}},"type":"if","locations":[{"start":{"line":241,"column":10},"end":{"line":243,"column":11}},{"start":{},"end":{}}],"line":241},"37":{"loc":{"start":{"line":241,"column":14},"end":{"line":241,"column":84}},"type":"binary-expr","locations":[{"start":{"line":241,"column":14},"end":{"line":241,"column":37}},{"start":{"line":241,"column":41},"end":{"line":241,"column":84}}],"line":241},"38":{"loc":{"start":{"line":260,"column":8},"end":{"line":284,"column":9}},"type":"if","locations":[{"start":{"line":260,"column":8},"end":{"line":284,"column":9}},{"start":{"line":278,"column":15},"end":{"line":284,"column":9}}],"line":260},"39":{"loc":{"start":{"line":309,"column":2},"end":{"line":316,"column":3}},"type":"if","locations":[{"start":{"line":309,"column":2},"end":{"line":316,"column":3}},{"start":{},"end":{}}],"line":309},"40":{"loc":{"start":{"line":314,"column":8},"end":{"line":314,"column":67}},"type":"cond-expr","locations":[{"start":{"line":314,"column":36},"end":{"line":314,"column":49}},{"start":{"line":314,"column":52},"end":{"line":314,"column":67}}],"line":314},"41":{"loc":{"start":{"line":341,"column":35},"end":{"line":341,"column":56}},"type":"binary-expr","locations":[{"start":{"line":341,"column":35},"end":{"line":341,"column":51}},{"start":{"line":341,"column":55},"end":{"line":341,"column":56}}],"line":341},"42":{"loc":{"start":{"line":342,"column":36},"end":{"line":342,"column":58}},"type":"binary-expr","locations":[{"start":{"line":342,"column":36},"end":{"line":342,"column":53}},{"start":{"line":342,"column":57},"end":{"line":342,"column":58}}],"line":342},"43":{"loc":{"start":{"line":343,"column":38},"end":{"line":343,"column":62}},"type":"binary-expr","locations":[{"start":{"line":343,"column":38},"end":{"line":343,"column":57}},{"start":{"line":343,"column":61},"end":{"line":343,"column":62}}],"line":343},"44":{"loc":{"start":{"line":374,"column":2},"end":{"line":389,"column":3}},"type":"if","locations":[{"start":{"line":374,"column":2},"end":{"line":389,"column":3}},{"start":{},"end":{}}],"line":374},"45":{"loc":{"start":{"line":374,"column":6},"end":{"line":374,"column":32}},"type":"binary-expr","locations":[{"start":{"line":374,"column":6},"end":{"line":374,"column":19}},{"start":{"line":374,"column":23},"end":{"line":374,"column":32}}],"line":374},"46":{"loc":{"start":{"line":377,"column":4},"end":{"line":388,"column":5}},"type":"if","locations":[{"start":{"line":377,"column":4},"end":{"line":388,"column":5}},{"start":{},"end":{}}],"line":377},"47":{"loc":{"start":{"line":378,"column":6},"end":{"line":379,"column":47}},"type":"binary-expr","locations":[{"start":{"line":378,"column":6},"end":{"line":378,"column":41}},{"start":{"line":379,"column":6},"end":{"line":379,"column":47}}],"line":378},"48":{"loc":{"start":{"line":393,"column":2},"end":{"line":393,"column":51}},"type":"if","locations":[{"start":{"line":393,"column":2},"end":{"line":393,"column":51}},{"start":{},"end":{}}],"line":393},"49":{"loc":{"start":{"line":397,"column":2},"end":{"line":397,"column":34}},"type":"if","locations":[{"start":{"line":397,"column":2},"end":{"line":397,"column":34}},{"start":{},"end":{}}],"line":397},"50":{"loc":{"start":{"line":403,"column":4},"end":{"line":405,"column":9}},"type":"cond-expr","locations":[{"start":{"line":404,"column":8},"end":{"line":404,"column":56}},{"start":{"line":405,"column":8},"end":{"line":405,"column":9}}],"line":403},"51":{"loc":{"start":{"line":407,"column":5},"end":{"line":407,"column":66}},"type":"binary-expr","locations":[{"start":{"line":407,"column":5},"end":{"line":407,"column":61}},{"start":{"line":407,"column":65},"end":{"line":407,"column":66}}],"line":407},"52":{"loc":{"start":{"line":418,"column":5},"end":{"line":420,"column":10}},"type":"binary-expr","locations":[{"start":{"line":418,"column":5},"end":{"line":420,"column":5}},{"start":{"line":420,"column":9},"end":{"line":420,"column":10}}],"line":418},"53":{"loc":{"start":{"line":424,"column":4},"end":{"line":426,"column":9}},"type":"cond-expr","locations":[{"start":{"line":425,"column":8},"end":{"line":425,"column":63}},{"start":{"line":426,"column":8},"end":{"line":426,"column":9}}],"line":424},"54":{"loc":{"start":{"line":437,"column":5},"end":{"line":439,"column":10}},"type":"binary-expr","locations":[{"start":{"line":437,"column":5},"end":{"line":439,"column":5}},{"start":{"line":439,"column":9},"end":{"line":439,"column":10}}],"line":437},"55":{"loc":{"start":{"line":442,"column":4},"end":{"line":444,"column":9}},"type":"cond-expr","locations":[{"start":{"line":443,"column":8},"end":{"line":443,"column":69}},{"start":{"line":444,"column":8},"end":{"line":444,"column":9}}],"line":442},"56":{"loc":{"start":{"line":460,"column":2},"end":{"line":460,"column":18}},"type":"default-arg","locations":[{"start":{"line":460,"column":9},"end":{"line":460,"column":18}}],"line":460},"57":{"loc":{"start":{"line":465,"column":2},"end":{"line":475,"column":3}},"type":"if","locations":[{"start":{"line":465,"column":2},"end":{"line":475,"column":3}},{"start":{},"end":{}}],"line":465},"58":{"loc":{"start":{"line":465,"column":6},"end":{"line":465,"column":25}},"type":"binary-expr","locations":[{"start":{"line":465,"column":6},"end":{"line":465,"column":8}},{"start":{"line":465,"column":12},"end":{"line":465,"column":25}}],"line":465},"59":{"loc":{"start":{"line":467,"column":4},"end":{"line":467,"column":22}},"type":"if","locations":[{"start":{"line":467,"column":4},"end":{"line":467,"column":22}},{"start":{},"end":{}}],"line":467},"60":{"loc":{"start":{"line":479,"column":2},"end":{"line":485,"column":3}},"type":"if","locations":[{"start":{"line":479,"column":2},"end":{"line":485,"column":3}},{"start":{"line":482,"column":9},"end":{"line":485,"column":3}}],"line":479},"61":{"loc":{"start":{"line":490,"column":4},"end":{"line":490,"column":53}},"type":"if","locations":[{"start":{"line":490,"column":4},"end":{"line":490,"column":53}},{"start":{},"end":{}}],"line":490},"62":{"loc":{"start":{"line":506,"column":4},"end":{"line":514,"column":5}},"type":"if","locations":[{"start":{"line":506,"column":4},"end":{"line":514,"column":5}},{"start":{"line":510,"column":11},"end":{"line":514,"column":5}}],"line":506},"63":{"loc":{"start":{"line":506,"column":8},"end":{"line":506,"column":41}},"type":"binary-expr","locations":[{"start":{"line":506,"column":8},"end":{"line":506,"column":16}},{"start":{"line":506,"column":20},"end":{"line":506,"column":41}}],"line":506},"64":{"loc":{"start":{"line":508,"column":6},"end":{"line":508,"column":74}},"type":"if","locations":[{"start":{"line":508,"column":6},"end":{"line":508,"column":74}},{"start":{},"end":{}}],"line":508},"65":{"loc":{"start":{"line":510,"column":11},"end":{"line":514,"column":5}},"type":"if","locations":[{"start":{"line":510,"column":11},"end":{"line":514,"column":5}},{"start":{},"end":{}}],"line":510},"66":{"loc":{"start":{"line":510,"column":15},"end":{"line":510,"column":48}},"type":"binary-expr","locations":[{"start":{"line":510,"column":15},"end":{"line":510,"column":24}},{"start":{"line":510,"column":28},"end":{"line":510,"column":48}}],"line":510},"67":{"loc":{"start":{"line":512,"column":6},"end":{"line":512,"column":73}},"type":"if","locations":[{"start":{"line":512,"column":6},"end":{"line":512,"column":73}},{"start":{},"end":{}}],"line":512},"68":{"loc":{"start":{"line":529,"column":2},"end":{"line":545,"column":3}},"type":"if","locations":[{"start":{"line":529,"column":2},"end":{"line":545,"column":3}},{"start":{"line":542,"column":9},"end":{"line":545,"column":3}}],"line":529},"69":{"loc":{"start":{"line":530,"column":4},"end":{"line":539,"column":5}},"type":"if","locations":[{"start":{"line":530,"column":4},"end":{"line":539,"column":5}},{"start":{},"end":{}}],"line":530},"70":{"loc":{"start":{"line":533,"column":6},"end":{"line":533,"column":73}},"type":"if","locations":[{"start":{"line":533,"column":6},"end":{"line":533,"column":73}},{"start":{},"end":{}}],"line":533},"71":{"loc":{"start":{"line":562,"column":14},"end":{"line":562,"column":44}},"type":"binary-expr","locations":[{"start":{"line":562,"column":14},"end":{"line":562,"column":39}},{"start":{"line":562,"column":43},"end":{"line":562,"column":44}}],"line":562},"72":{"loc":{"start":{"line":563,"column":16},"end":{"line":563,"column":44}},"type":"binary-expr","locations":[{"start":{"line":563,"column":16},"end":{"line":563,"column":39}},{"start":{"line":563,"column":43},"end":{"line":563,"column":44}}],"line":563},"73":{"loc":{"start":{"line":564,"column":16},"end":{"line":564,"column":51}},"type":"binary-expr","locations":[{"start":{"line":564,"column":16},"end":{"line":564,"column":39}},{"start":{"line":564,"column":43},"end":{"line":564,"column":51}}],"line":564},"74":{"loc":{"start":{"line":589,"column":2},"end":{"line":597,"column":3}},"type":"if","locations":[{"start":{"line":589,"column":2},"end":{"line":597,"column":3}},{"start":{},"end":{}}],"line":589},"75":{"loc":{"start":{"line":589,"column":6},"end":{"line":589,"column":27}},"type":"binary-expr","locations":[{"start":{"line":589,"column":6},"end":{"line":589,"column":8}},{"start":{"line":589,"column":12},"end":{"line":589,"column":27}}],"line":589},"76":{"loc":{"start":{"line":598,"column":2},"end":{"line":602,"column":3}},"type":"if","locations":[{"start":{"line":598,"column":2},"end":{"line":602,"column":3}},{"start":{},"end":{}}],"line":598},"77":{"loc":{"start":{"line":598,"column":6},"end":{"line":598,"column":27}},"type":"binary-expr","locations":[{"start":{"line":598,"column":6},"end":{"line":598,"column":8}},{"start":{"line":598,"column":12},"end":{"line":598,"column":27}}],"line":598},"78":{"loc":{"start":{"line":600,"column":23},"end":{"line":600,"column":42}},"type":"binary-expr","locations":[{"start":{"line":600,"column":23},"end":{"line":600,"column":27}},{"start":{"line":600,"column":31},"end":{"line":600,"column":36}},{"start":{"line":600,"column":40},"end":{"line":600,"column":42}}],"line":600},"79":{"loc":{"start":{"line":604,"column":2},"end":{"line":604,"column":64}},"type":"if","locations":[{"start":{"line":604,"column":2},"end":{"line":604,"column":64}},{"start":{},"end":{}}],"line":604},"80":{"loc":{"start":{"line":604,"column":47},"end":{"line":604,"column":63}},"type":"binary-expr","locations":[{"start":{"line":604,"column":47},"end":{"line":604,"column":52}},{"start":{"line":604,"column":56},"end":{"line":604,"column":63}}],"line":604},"81":{"loc":{"start":{"line":605,"column":2},"end":{"line":605,"column":56}},"type":"if","locations":[{"start":{"line":605,"column":2},"end":{"line":605,"column":56}},{"start":{},"end":{}}],"line":605},"82":{"loc":{"start":{"line":605,"column":45},"end":{"line":605,"column":55}},"type":"binary-expr","locations":[{"start":{"line":605,"column":45},"end":{"line":605,"column":49}},{"start":{"line":605,"column":53},"end":{"line":605,"column":55}}],"line":605},"83":{"loc":{"start":{"line":606,"column":2},"end":{"line":606,"column":64}},"type":"if","locations":[{"start":{"line":606,"column":2},"end":{"line":606,"column":64}},{"start":{},"end":{}}],"line":606},"84":{"loc":{"start":{"line":607,"column":2},"end":{"line":607,"column":62}},"type":"if","locations":[{"start":{"line":607,"column":2},"end":{"line":607,"column":62}},{"start":{},"end":{}}],"line":607},"85":{"loc":{"start":{"line":616,"column":2},"end":{"line":616,"column":91}},"type":"if","locations":[{"start":{"line":616,"column":2},"end":{"line":616,"column":91}},{"start":{},"end":{}}],"line":616}},"s":{"0":9,"1":0,"2":9,"3":0,"4":9,"5":52,"6":52,"7":2,"8":50,"9":15,"10":35,"11":35,"12":35,"13":35,"14":35,"15":35,"16":35,"17":3,"18":35,"19":3,"20":35,"21":34,"22":35,"23":35,"24":9,"25":0,"26":0,"27":0,"28":0,"29":0,"30":0,"31":0,"32":0,"33":0,"34":0,"35":0,"36":0,"37":0,"38":0,"39":0,"40":0,"41":9,"42":2,"43":2,"44":2,"45":2,"46":2,"47":2,"48":2,"49":2,"50":2,"51":2,"52":2,"53":2,"54":9,"55":2,"56":2,"57":2,"58":2,"59":1,"60":2,"61":2,"62":2,"63":2,"64":2,"65":1,"66":1,"67":1,"68":1,"69":1,"70":1,"71":1,"72":1,"73":1,"74":1,"75":1,"76":1,"77":1,"78":1,"79":1,"80":1,"81":1,"82":1,"83":1,"84":1,"85":1,"86":1,"87":1,"88":1,"89":1,"90":1,"91":1,"92":1,"93":1,"94":1,"95":1,"96":1,"97":1,"98":1,"99":1,"100":1,"101":1,"102":1,"103":1,"104":1,"105":1,"106":1,"107":1,"108":1,"109":1,"110":1,"111":1,"112":1,"113":1,"114":1,"115":1,"116":1,"117":1,"118":1,"119":1,"120":1,"121":1,"122":1,"123":1,"124":1,"125":1,"126":1,"127":1,"128":1,"129":1,"130":1,"131":1,"132":1,"133":1,"134":1,"135":1,"136":1,"137":1,"138":1,"139":1,"140":1,"141":1,"142":1,"143":1,"144":1,"145":2,"146":2,"147":0,"148":2,"149":2,"150":9,"151":5,"152":4,"153":5,"154":5,"155":5,"156":5,"157":5,"158":0,"159":5,"160":5,"161":1,"162":1,"163":1,"164":1,"165":1,"166":4,"167":4,"168":4,"169":4,"170":0,"171":4,"172":4,"173":4,"174":4,"175":0,"176":0,"177":0,"178":0,"179":0,"180":0,"181":0,"182":0,"183":0,"184":0,"185":4,"186":4,"187":4,"188":4,"189":2,"190":4,"191":2,"192":2,"193":1,"194":4,"195":4,"196":4,"197":4,"198":4,"199":4,"200":4,"201":4,"202":4,"203":4,"204":4,"205":4,"206":2,"207":2,"208":2,"209":2,"210":2,"211":2,"212":2,"213":2,"214":2,"215":2,"216":2,"217":2,"218":2,"219":2,"220":2,"221":2,"222":2,"223":2,"224":2,"225":2,"226":2,"227":2,"228":4,"229":4,"230":4,"231":4,"232":4,"233":5,"234":0,"235":5,"236":5,"237":9,"238":0,"239":0,"240":0,"241":0,"242":0,"243":0,"244":0,"245":9,"246":0,"247":0,"248":0,"249":0,"250":0,"251":0,"252":0,"253":0,"254":0,"255":0,"256":0,"257":9,"258":0,"259":0,"260":0,"261":0,"262":0,"263":0,"264":0,"265":0,"266":0,"267":0,"268":9,"269":0,"270":0,"271":0,"272":0,"273":0,"274":0,"275":0,"276":0,"277":0,"278":0,"279":0,"280":0,"281":0,"282":0,"283":0,"284":0,"285":0,"286":0,"287":0,"288":0,"289":9,"290":2,"291":2,"292":2,"293":2,"294":2,"295":2,"296":0,"297":0,"298":0,"299":9,"300":5,"301":2,"302":3,"303":3,"304":0,"305":3,"306":3,"307":3,"308":3,"309":3,"310":3,"311":3,"312":3,"313":3,"314":3,"315":3,"316":3,"317":3,"318":3,"319":3,"320":3,"321":3,"322":3,"323":3,"324":3,"325":3,"326":3,"327":3,"328":3,"329":3,"330":3,"331":3,"332":3,"333":3,"334":9,"335":1,"336":1,"337":1,"338":1,"339":1,"340":0,"341":0,"342":0,"343":0,"344":0,"345":0,"346":0,"347":0,"348":0,"349":0,"350":0,"351":0,"352":0,"353":0,"354":9,"355":0,"356":0,"357":0,"358":9,"359":0,"360":0,"361":0,"362":0,"363":0,"364":0,"365":0,"366":0,"367":0,"368":0,"369":0,"370":0,"371":0,"372":0,"373":0,"374":9,"375":0,"376":0,"377":0,"378":0,"379":0,"380":0,"381":0,"382":0,"383":0,"384":0,"385":0,"386":0,"387":0,"388":0,"389":0,"390":0,"391":0,"392":9,"393":0,"394":0,"395":9,"396":0,"397":0,"398":0,"399":0,"400":0,"401":0,"402":0,"403":0,"404":0,"405":0,"406":0,"407":0,"408":0,"409":0,"410":0,"411":0,"412":0,"413":0,"414":0,"415":0,"416":0,"417":0,"418":0,"419":9,"420":1,"421":1,"422":1,"423":1,"424":1,"425":1,"426":1,"427":0,"428":0,"429":0,"430":0,"431":0,"432":0,"433":0,"434":0,"435":0,"436":0,"437":0,"438":0,"439":0,"440":0,"441":0,"442":0},"f":{"0":0,"1":0,"2":52,"3":0,"4":0,"5":2,"6":2,"7":2,"8":5,"9":4,"10":0,"11":0,"12":0,"13":0,"14":0,"15":2,"16":5,"17":1,"18":0,"19":0,"20":0,"21":0,"22":0,"23":0,"24":0,"25":0,"26":0,"27":0,"28":0,"29":0,"30":0,"31":0,"32":1,"33":0,"34":0},"b":{"0":[2,50],"1":[52,50],"2":[15,35],"3":[3,32],"4":[3,32],"5":[34,1],"6":[35,1,0],"7":[2,33],"8":[0,0],"9":[0,0],"10":[0,2],"11":[2,0],"12":[1,1],"13":[1,1],"14":[1,0],"15":[1,0],"16":[1,1],"17":[1,0],"18":[1,0],"19":[1,0],"20":[1,1],"21":[4,0],"22":[1,4],"23":[0,4],"24":[4,0],"25":[0,4],"26":[0,0],"27":[0,0],"28":[0,0],"29":[0,0],"30":[0,0],"31":[0,0],"32":[2,2],"33":[2,2],"34":[2,2],"35":[2,1],"36":[1,1],"37":[2,1],"38":[2,2],"39":[0,0],"40":[0,0],"41":[0,0],"42":[0,0],"43":[0,0],"44":[2,0],"45":[2,2],"46":[0,2],"47":[2,2],"48":[2,3],"49":[0,3],"50":[3,0],"51":[3,3],"52":[3,3],"53":[3,0],"54":[3,3],"55":[3,0],"56":[0],"57":[1,0],"58":[1,0],"59":[1,0],"60":[0,0],"61":[0,0],"62":[0,0],"63":[0,0],"64":[0,0],"65":[0,0],"66":[0,0],"67":[0,0],"68":[0,0],"69":[0,0],"70":[0,0],"71":[0,0],"72":[0,0],"73":[0,0],"74":[1,0],"75":[1,1],"76":[1,0],"77":[1,1],"78":[1,0,0],"79":[0,0],"80":[0,0],"81":[0,0],"82":[0,0],"83":[0,0],"84":[0,0],"85":[0,0]},"inputSourceMap":null,"_coverageSchema":"1a1c01bbd47fc00a2c39e90264f33305004495a9","hash":"f664a24c13c168910dfb7e37b5ff8878e264f7e0"}
,"C:\\Users\\behro\\repos\\timer2\\utils.js": {"path":"C:\\Users\\behro\\repos\\timer2\\utils.js","statementMap":{"0":{"start":{"line":8,"column":21},"end":{"line":8,"column":61}},"1":{"start":{"line":8,"column":34},"end":{"line":8,"column":61}},"2":{"start":{"line":16,"column":29},"end":{"line":22,"column":1}},"3":{"start":{"line":17,"column":1},"end":{"line":21,"column":2}},"4":{"start":{"line":18,"column":2},"end":{"line":18,"column":25}},"5":{"start":{"line":20,"column":2},"end":{"line":20,"column":18}},"6":{"start":{"line":29,"column":26},"end":{"line":35,"column":6}},"7":{"start":{"line":29,"column":33},"end":{"line":35,"column":6}},"8":{"start":{"line":29,"column":71},"end":{"line":35,"column":4}},"9":{"start":{"line":42,"column":33},"end":{"line":48,"column":1}},"10":{"start":{"line":43,"column":14},"end":{"line":43,"column":44}},"11":{"start":{"line":44,"column":1},"end":{"line":44,"column":25}},"12":{"start":{"line":46,"column":1},"end":{"line":46,"column":53}},"13":{"start":{"line":47,"column":1},"end":{"line":47,"column":13}}},"fnMap":{"0":{"name":"(anonymous_0)","decl":{"start":{"line":8,"column":21},"end":{"line":8,"column":22}},"loc":{"start":{"line":8,"column":34},"end":{"line":8,"column":61}},"line":8},"1":{"name":"(anonymous_1)","decl":{"start":{"line":16,"column":29},"end":{"line":16,"column":30}},"loc":{"start":{"line":16,"column":55},"end":{"line":22,"column":1}},"line":16},"2":{"name":"(anonymous_2)","decl":{"start":{"line":29,"column":26},"end":{"line":29,"column":27}},"loc":{"start":{"line":29,"column":33},"end":{"line":35,"column":6}},"line":29},"3":{"name":"(anonymous_3)","decl":{"start":{"line":29,"column":63},"end":{"line":29,"column":64}},"loc":{"start":{"line":29,"column":71},"end":{"line":35,"column":4}},"line":29},"4":{"name":"(anonymous_4)","decl":{"start":{"line":42,"column":33},"end":{"line":42,"column":34}},"loc":{"start":{"line":42,"column":43},"end":{"line":48,"column":1}},"line":42}},"branchMap":{"0":{"loc":{"start":{"line":16,"column":35},"end":{"line":16,"column":50}},"type":"default-arg","locations":[{"start":{"line":16,"column":46},"end":{"line":16,"column":50}}],"line":16},"1":{"loc":{"start":{"line":46,"column":20},"end":{"line":46,"column":52}},"type":"cond-expr","locations":[{"start":{"line":46,"column":35},"end":{"line":46,"column":37}},{"start":{"line":46,"column":40},"end":{"line":46,"column":52}}],"line":46}},"s":{"0":10,"1":19,"2":10,"3":2,"4":2,"5":1,"6":10,"7":1,"8":7,"9":10,"10":8,"11":8,"12":8,"13":8},"f":{"0":19,"1":2,"2":1,"3":7,"4":8},"b":{"0":[0],"1":[0,8]},"inputSourceMap":null,"_coverageSchema":"1a1c01bbd47fc00a2c39e90264f33305004495a9","hash":"f29af49d2f4105af40694f112fb0020aeb64788c"}
}
