{"C:\\Users\\behro\\repos\\timer\\constants.js": {"path":"C:\\Users\\behro\\repos\\timer\\constants.js","statementMap":{"0":{"start":{"line":3,"column":26},"end":{"line":14,"column":1}},"1":{"start":{"line":16,"column":27},"end":{"line":16,"column":68}},"2":{"start":{"line":16,"column":57},"end":{"line":16,"column":66}},"3":{"start":{"line":18,"column":36},"end":{"line":18,"column":60}},"4":{"start":{"line":19,"column":36},"end":{"line":19,"column":37}}},"fnMap":{"0":{"name":"(anonymous_0)","decl":{"start":{"line":16,"column":50},"end":{"line":16,"column":51}},"loc":{"start":{"line":16,"column":57},"end":{"line":16,"column":66}},"line":16}},"branchMap":{},"s":{"0":2,"1":2,"2":20,"3":2,"4":2},"f":{"0":20},"b":{},"inputSourceMap":null,"_coverageSchema":"1a1c01bbd47fc00a2c39e90264f33305004495a9","hash":"dd4f1fa4eb0a47564cf518f3d8d841d86f01ab8b"}
,"C:\\Users\\behro\\repos\\timer\\runner.js": {"path":"C:\\Users\\behro\\repos\\timer\\runner.js","statementMap":{"0":{"start":{"line":9,"column":12},"end":{"line":9,"column":16}},"1":{"start":{"line":10,"column":16},"end":{"line":10,"column":20}},"2":{"start":{"line":12,"column":14},"end":{"line":12,"column":54}},"3":{"start":{"line":12,"column":27},"end":{"line":12,"column":54}},"4":{"start":{"line":14,"column":26},"end":{"line":17,"column":1}},"5":{"start":{"line":15,"column":4},"end":{"line":15,"column":41}},"6":{"start":{"line":16,"column":4},"end":{"line":16,"column":33}},"7":{"start":{"line":19,"column":29},"end":{"line":34,"column":1}},"8":{"start":{"line":20,"column":4},"end":{"line":32,"column":5}},"9":{"start":{"line":22,"column":12},"end":{"line":24,"column":13}},"10":{"start":{"line":25,"column":47},"end":{"line":25,"column":55}},"11":{"start":{"line":27,"column":12},"end":{"line":27,"column":73}},"12":{"start":{"line":28,"column":8},"end":{"line":31,"column":10}},"13":{"start":{"line":33,"column":4},"end":{"line":33,"column":56}},"14":{"start":{"line":36,"column":27},"end":{"line":43,"column":1}},"15":{"start":{"line":37,"column":4},"end":{"line":37,"column":51}},"16":{"start":{"line":37,"column":31},"end":{"line":37,"column":51}},"17":{"start":{"line":38,"column":4},"end":{"line":42,"column":13}},"18":{"start":{"line":39,"column":8},"end":{"line":39,"column":36}},"19":{"start":{"line":40,"column":8},"end":{"line":40,"column":48}},"20":{"start":{"line":41,"column":8},"end":{"line":41,"column":66}},"21":{"start":{"line":41,"column":43},"end":{"line":41,"column":66}},"22":{"start":{"line":45,"column":25},"end":{"line":121,"column":1}},"23":{"start":{"line":48,"column":39},"end":{"line":48,"column":48}},"24":{"start":{"line":49,"column":4},"end":{"line":53,"column":5}},"25":{"start":{"line":49,"column":17},"end":{"line":49,"column":18}},"26":{"start":{"line":50,"column":21},"end":{"line":50,"column":65}},"27":{"start":{"line":51,"column":22},"end":{"line":51,"column":70}},"28":{"start":{"line":52,"column":8},"end":{"line":52,"column":63}},"29":{"start":{"line":54,"column":4},"end":{"line":54,"column":76}},"30":{"start":{"line":56,"column":4},"end":{"line":56,"column":49}},"31":{"start":{"line":57,"column":4},"end":{"line":71,"column":5}},"32":{"start":{"line":62,"column":8},"end":{"line":69,"column":9}},"33":{"start":{"line":63,"column":38},"end":{"line":63,"column":47}},"34":{"start":{"line":64,"column":12},"end":{"line":67,"column":15}},"35":{"start":{"line":65,"column":30},"end":{"line":65,"column":69}},"36":{"start":{"line":66,"column":16},"end":{"line":66,"column":62}},"37":{"start":{"line":68,"column":12},"end":{"line":68,"column":75}},"38":{"start":{"line":70,"column":8},"end":{"line":70,"column":33}},"39":{"start":{"line":79,"column":8},"end":{"line":79,"column":63}},"40":{"start":{"line":80,"column":17},"end":{"line":80,"column":55}},"41":{"start":{"line":81,"column":4},"end":{"line":81,"column":40}},"42":{"start":{"line":81,"column":15},"end":{"line":81,"column":40}},"43":{"start":{"line":84,"column":8},"end":{"line":84,"column":68}},"44":{"start":{"line":85,"column":4},"end":{"line":85,"column":107}},"45":{"start":{"line":86,"column":4},"end":{"line":86,"column":55}},"46":{"start":{"line":87,"column":4},"end":{"line":87,"column":67}},"47":{"start":{"line":88,"column":4},"end":{"line":88,"column":51}},"48":{"start":{"line":90,"column":24},"end":{"line":90,"column":57}},"49":{"start":{"line":92,"column":8},"end":{"line":92,"column":77}},"50":{"start":{"line":94,"column":8},"end":{"line":94,"column":69}},"51":{"start":{"line":96,"column":4},"end":{"line":96,"column":83}},"52":{"start":{"line":97,"column":4},"end":{"line":98,"column":42}},"53":{"start":{"line":99,"column":4},"end":{"line":99,"column":98}},"54":{"start":{"line":100,"column":4},"end":{"line":100,"column":82}},"55":{"start":{"line":101,"column":4},"end":{"line":101,"column":81}},"56":{"start":{"line":102,"column":4},"end":{"line":103,"column":40}},"57":{"start":{"line":105,"column":4},"end":{"line":110,"column":42}},"58":{"start":{"line":111,"column":4},"end":{"line":116,"column":42}},"59":{"start":{"line":118,"column":4},"end":{"line":118,"column":44}},"60":{"start":{"line":119,"column":4},"end":{"line":119,"column":83}},"61":{"start":{"line":119,"column":70},"end":{"line":119,"column":79}},"62":{"start":{"line":120,"column":4},"end":{"line":120,"column":38}},"63":{"start":{"line":123,"column":36},"end":{"line":218,"column":1}},"64":{"start":{"line":124,"column":35},"end":{"line":124,"column":37}},"65":{"start":{"line":125,"column":25},"end":{"line":125,"column":49}},"66":{"start":{"line":126,"column":40},"end":{"line":126,"column":64}},"67":{"start":{"line":127,"column":23},"end":{"line":127,"column":66}},"68":{"start":{"line":127,"column":63},"end":{"line":127,"column":65}},"69":{"start":{"line":128,"column":36},"end":{"line":128,"column":37}},"70":{"start":{"line":129,"column":25},"end":{"line":129,"column":34}},"71":{"start":{"line":130,"column":27},"end":{"line":130,"column":28}},"72":{"start":{"line":131,"column":23},"end":{"line":131,"column":32}},"73":{"start":{"line":132,"column":36},"end":{"line":132,"column":45}},"74":{"start":{"line":134,"column":4},"end":{"line":182,"column":5}},"75":{"start":{"line":134,"column":19},"end":{"line":134,"column":20}},"76":{"start":{"line":135,"column":8},"end":{"line":135,"column":69}},"77":{"start":{"line":136,"column":26},"end":{"line":136,"column":82}},"78":{"start":{"line":137,"column":8},"end":{"line":173,"column":11}},"79":{"start":{"line":138,"column":25},"end":{"line":138,"column":44}},"80":{"start":{"line":139,"column":12},"end":{"line":139,"column":30}},"81":{"start":{"line":139,"column":23},"end":{"line":139,"column":30}},"82":{"start":{"line":140,"column":29},"end":{"line":140,"column":50}},"83":{"start":{"line":141,"column":35},"end":{"line":141,"column":59}},"84":{"start":{"line":142,"column":37},"end":{"line":142,"column":77}},"85":{"start":{"line":144,"column":12},"end":{"line":146,"column":13}},"86":{"start":{"line":145,"column":16},"end":{"line":145,"column":23}},"87":{"start":{"line":148,"column":28},"end":{"line":148,"column":80}},"88":{"start":{"line":149,"column":12},"end":{"line":172,"column":13}},"89":{"start":{"line":150,"column":36},"end":{"line":150,"column":56}},"90":{"start":{"line":151,"column":16},"end":{"line":151,"column":65}},"91":{"start":{"line":152,"column":37},"end":{"line":152,"column":50}},"92":{"start":{"line":153,"column":41},"end":{"line":153,"column":53}},"93":{"start":{"line":154,"column":16},"end":{"line":164,"column":17}},"94":{"start":{"line":155,"column":20},"end":{"line":158,"column":22}},"95":{"start":{"line":159,"column":20},"end":{"line":163,"column":22}},"96":{"start":{"line":165,"column":16},"end":{"line":170,"column":19}},"97":{"start":{"line":171,"column":16},"end":{"line":171,"column":44}},"98":{"start":{"line":174,"column":8},"end":{"line":181,"column":9}},"99":{"start":{"line":175,"column":12},"end":{"line":175,"column":31}},"100":{"start":{"line":176,"column":12},"end":{"line":176,"column":52}},"101":{"start":{"line":177,"column":12},"end":{"line":180,"column":15}},"102":{"start":{"line":178,"column":16},"end":{"line":178,"column":65}},"103":{"start":{"line":179,"column":16},"end":{"line":179,"column":73}},"104":{"start":{"line":183,"column":39},"end":{"line":183,"column":41}},"105":{"start":{"line":184,"column":4},"end":{"line":184,"column":34}},"106":{"start":{"line":185,"column":4},"end":{"line":206,"column":7}},"107":{"start":{"line":186,"column":32},"end":{"line":186,"column":53}},"108":{"start":{"line":187,"column":8},"end":{"line":187,"column":42}},"109":{"start":{"line":187,"column":35},"end":{"line":187,"column":42}},"110":{"start":{"line":188,"column":8},"end":{"line":205,"column":11}},"111":{"start":{"line":189,"column":25},"end":{"line":189,"column":53}},"112":{"start":{"line":190,"column":35},"end":{"line":190,"column":59}},"113":{"start":{"line":192,"column":16},"end":{"line":194,"column":71}},"114":{"start":{"line":196,"column":12},"end":{"line":202,"column":15}},"115":{"start":{"line":203,"column":12},"end":{"line":203,"column":71}},"116":{"start":{"line":204,"column":12},"end":{"line":204,"column":69}},"117":{"start":{"line":208,"column":4},"end":{"line":217,"column":6}},"118":{"start":{"line":220,"column":21},"end":{"line":243,"column":1}},"119":{"start":{"line":221,"column":22},"end":{"line":221,"column":66}},"120":{"start":{"line":222,"column":20},"end":{"line":222,"column":62}},"121":{"start":{"line":222,"column":51},"end":{"line":222,"column":60}},"122":{"start":{"line":223,"column":25},"end":{"line":223,"column":65}},"123":{"start":{"line":224,"column":4},"end":{"line":229,"column":5}},"124":{"start":{"line":225,"column":8},"end":{"line":227,"column":10}},"125":{"start":{"line":228,"column":8},"end":{"line":228,"column":21}},"126":{"start":{"line":230,"column":4},"end":{"line":236,"column":6}},"127":{"start":{"line":237,"column":4},"end":{"line":237,"column":60}},"128":{"start":{"line":238,"column":4},"end":{"line":238,"column":24}},"129":{"start":{"line":239,"column":4},"end":{"line":239,"column":50}},"130":{"start":{"line":240,"column":4},"end":{"line":240,"column":40}},"131":{"start":{"line":241,"column":4},"end":{"line":241,"column":107}},"132":{"start":{"line":241,"column":87},"end":{"line":241,"column":104}},"133":{"start":{"line":242,"column":4},"end":{"line":242,"column":16}},"134":{"start":{"line":245,"column":32},"end":{"line":269,"column":1}},"135":{"start":{"line":246,"column":4},"end":{"line":252,"column":5}},"136":{"start":{"line":247,"column":8},"end":{"line":247,"column":28}},"137":{"start":{"line":248,"column":8},"end":{"line":248,"column":37}},"138":{"start":{"line":249,"column":8},"end":{"line":250,"column":59}},"139":{"start":{"line":251,"column":8},"end":{"line":251,"column":15}},"140":{"start":{"line":253,"column":4},"end":{"line":256,"column":5}},"141":{"start":{"line":254,"column":8},"end":{"line":254,"column":64}},"142":{"start":{"line":255,"column":8},"end":{"line":255,"column":15}},"143":{"start":{"line":257,"column":4},"end":{"line":259,"column":5}},"144":{"start":{"line":258,"column":8},"end":{"line":258,"column":36}},"145":{"start":{"line":258,"column":29},"end":{"line":258,"column":36}},"146":{"start":{"line":260,"column":4},"end":{"line":264,"column":15}},"147":{"start":{"line":264,"column":8},"end":{"line":264,"column":15}},"148":{"start":{"line":265,"column":4},"end":{"line":265,"column":34}},"149":{"start":{"line":266,"column":4},"end":{"line":267,"column":57}},"150":{"start":{"line":268,"column":4},"end":{"line":268,"column":25}},"151":{"start":{"line":271,"column":27},"end":{"line":300,"column":1}},"152":{"start":{"line":272,"column":4},"end":{"line":272,"column":24}},"153":{"start":{"line":273,"column":4},"end":{"line":273,"column":34}},"154":{"start":{"line":274,"column":4},"end":{"line":274,"column":86}},"155":{"start":{"line":275,"column":4},"end":{"line":275,"column":50}},"156":{"start":{"line":276,"column":4},"end":{"line":276,"column":41}},"157":{"start":{"line":277,"column":4},"end":{"line":277,"column":108}},"158":{"start":{"line":277,"column":87},"end":{"line":277,"column":105}},"159":{"start":{"line":279,"column":4},"end":{"line":297,"column":5}},"160":{"start":{"line":280,"column":8},"end":{"line":281,"column":21}},"161":{"start":{"line":282,"column":8},"end":{"line":293,"column":10}},"162":{"start":{"line":289,"column":16},"end":{"line":289,"column":71}},"163":{"start":{"line":290,"column":16},"end":{"line":290,"column":49}},"164":{"start":{"line":295,"column":8},"end":{"line":295,"column":63}},"165":{"start":{"line":296,"column":8},"end":{"line":296,"column":41}},"166":{"start":{"line":298,"column":4},"end":{"line":298,"column":39}},"167":{"start":{"line":299,"column":4},"end":{"line":299,"column":83}},"168":{"start":{"line":299,"column":70},"end":{"line":299,"column":79}},"169":{"start":{"line":302,"column":30},"end":{"line":316,"column":1}},"170":{"start":{"line":303,"column":4},"end":{"line":303,"column":24}},"171":{"start":{"line":304,"column":4},"end":{"line":304,"column":33}},"172":{"start":{"line":305,"column":4},"end":{"line":305,"column":86}},"173":{"start":{"line":306,"column":4},"end":{"line":306,"column":61}},"174":{"start":{"line":307,"column":4},"end":{"line":307,"column":59}},"175":{"start":{"line":308,"column":25},"end":{"line":311,"column":5}},"176":{"start":{"line":312,"column":4},"end":{"line":312,"column":68}},"177":{"start":{"line":313,"column":4},"end":{"line":313,"column":24}},"178":{"start":{"line":314,"column":4},"end":{"line":314,"column":34}},"179":{"start":{"line":315,"column":4},"end":{"line":315,"column":23}},"180":{"start":{"line":318,"column":25},"end":{"line":359,"column":1}},"181":{"start":{"line":319,"column":4},"end":{"line":323,"column":15}},"182":{"start":{"line":323,"column":8},"end":{"line":323,"column":15}},"183":{"start":{"line":326,"column":8},"end":{"line":327,"column":16}},"184":{"start":{"line":328,"column":20},"end":{"line":328,"column":42}},"185":{"start":{"line":330,"column":4},"end":{"line":333,"column":5}},"186":{"start":{"line":331,"column":8},"end":{"line":331,"column":75}},"187":{"start":{"line":332,"column":8},"end":{"line":332,"column":15}},"188":{"start":{"line":334,"column":4},"end":{"line":334,"column":30}},"189":{"start":{"line":334,"column":23},"end":{"line":334,"column":30}},"190":{"start":{"line":336,"column":15},"end":{"line":338,"column":5}},"191":{"start":{"line":337,"column":15},"end":{"line":337,"column":34}},"192":{"start":{"line":340,"column":4},"end":{"line":349,"column":5}},"193":{"start":{"line":345,"column":8},"end":{"line":345,"column":31}},"194":{"start":{"line":346,"column":8},"end":{"line":348,"column":10}},"195":{"start":{"line":347,"column":19},"end":{"line":347,"column":38}},"196":{"start":{"line":351,"column":4},"end":{"line":358,"column":5}},"197":{"start":{"line":352,"column":27},"end":{"line":352,"column":58}},"198":{"start":{"line":353,"column":8},"end":{"line":353,"column":44}},"199":{"start":{"line":353,"column":24},"end":{"line":353,"column":44}},"200":{"start":{"line":354,"column":8},"end":{"line":354,"column":31}},"201":{"start":{"line":355,"column":8},"end":{"line":355,"column":45}},"202":{"start":{"line":355,"column":24},"end":{"line":355,"column":45}},"203":{"start":{"line":356,"column":11},"end":{"line":358,"column":5}},"204":{"start":{"line":357,"column":8},"end":{"line":357,"column":75}},"205":{"start":{"line":361,"column":24},"end":{"line":363,"column":1}},"206":{"start":{"line":362,"column":4},"end":{"line":362,"column":64}},"207":{"start":{"line":362,"column":41},"end":{"line":362,"column":64}},"208":{"start":{"line":365,"column":24},"end":{"line":368,"column":1}},"209":{"start":{"line":366,"column":4},"end":{"line":367,"column":60}},"210":{"start":{"line":367,"column":8},"end":{"line":367,"column":60}},"211":{"start":{"line":371,"column":4},"end":{"line":371,"column":43}},"212":{"start":{"line":374,"column":26},"end":{"line":407,"column":1}},"213":{"start":{"line":375,"column":4},"end":{"line":375,"column":22}},"214":{"start":{"line":377,"column":4},"end":{"line":377,"column":24}},"215":{"start":{"line":379,"column":4},"end":{"line":379,"column":97}},"216":{"start":{"line":380,"column":4},"end":{"line":380,"column":91}},"217":{"start":{"line":381,"column":4},"end":{"line":381,"column":103}},"218":{"start":{"line":382,"column":4},"end":{"line":382,"column":88}},"219":{"start":{"line":383,"column":4},"end":{"line":383,"column":89}},"220":{"start":{"line":384,"column":4},"end":{"line":384,"column":87}},"221":{"start":{"line":385,"column":4},"end":{"line":385,"column":91}},"222":{"start":{"line":386,"column":4},"end":{"line":386,"column":88}},"223":{"start":{"line":387,"column":4},"end":{"line":387,"column":85}},"224":{"start":{"line":388,"column":4},"end":{"line":388,"column":81}},"225":{"start":{"line":389,"column":4},"end":{"line":389,"column":103}},"226":{"start":{"line":390,"column":4},"end":{"line":390,"column":95}},"227":{"start":{"line":391,"column":4},"end":{"line":391,"column":86}},"228":{"start":{"line":392,"column":4},"end":{"line":392,"column":87}},"229":{"start":{"line":393,"column":4},"end":{"line":393,"column":93}},"230":{"start":{"line":394,"column":4},"end":{"line":394,"column":97}},"231":{"start":{"line":395,"column":4},"end":{"line":395,"column":94}},"232":{"start":{"line":396,"column":4},"end":{"line":396,"column":95}},"233":{"start":{"line":397,"column":4},"end":{"line":397,"column":101}},"234":{"start":{"line":398,"column":4},"end":{"line":398,"column":105}},"235":{"start":{"line":399,"column":4},"end":{"line":406,"column":6}}},"fnMap":{"0":{"name":"(anonymous_0)","decl":{"start":{"line":12,"column":14},"end":{"line":12,"column":15}},"loc":{"start":{"line":12,"column":27},"end":{"line":12,"column":54}},"line":12},"1":{"name":"(anonymous_1)","decl":{"start":{"line":14,"column":26},"end":{"line":14,"column":27}},"loc":{"start":{"line":14,"column":32},"end":{"line":17,"column":1}},"line":14},"2":{"name":"(anonymous_2)","decl":{"start":{"line":19,"column":29},"end":{"line":19,"column":30}},"loc":{"start":{"line":19,"column":35},"end":{"line":34,"column":1}},"line":19},"3":{"name":"(anonymous_3)","decl":{"start":{"line":36,"column":27},"end":{"line":36,"column":28}},"loc":{"start":{"line":36,"column":33},"end":{"line":43,"column":1}},"line":36},"4":{"name":"(anonymous_4)","decl":{"start":{"line":38,"column":40},"end":{"line":38,"column":41}},"loc":{"start":{"line":38,"column":46},"end":{"line":42,"column":5}},"line":38},"5":{"name":"(anonymous_5)","decl":{"start":{"line":45,"column":25},"end":{"line":45,"column":26}},"loc":{"start":{"line":45,"column":43},"end":{"line":121,"column":1}},"line":45},"6":{"name":"(anonymous_6)","decl":{"start":{"line":64,"column":62},"end":{"line":64,"column":63}},"loc":{"start":{"line":64,"column":72},"end":{"line":67,"column":13}},"line":64},"7":{"name":"(anonymous_7)","decl":{"start":{"line":119,"column":63},"end":{"line":119,"column":64}},"loc":{"start":{"line":119,"column":70},"end":{"line":119,"column":79}},"line":119},"8":{"name":"(anonymous_8)","decl":{"start":{"line":123,"column":36},"end":{"line":123,"column":37}},"loc":{"start":{"line":123,"column":69},"end":{"line":218,"column":1}},"line":123},"9":{"name":"(anonymous_9)","decl":{"start":{"line":127,"column":57},"end":{"line":127,"column":58}},"loc":{"start":{"line":127,"column":63},"end":{"line":127,"column":65}},"line":127},"10":{"name":"(anonymous_10)","decl":{"start":{"line":137,"column":26},"end":{"line":137,"column":27}},"loc":{"start":{"line":137,"column":38},"end":{"line":173,"column":9}},"line":137},"11":{"name":"(anonymous_11)","decl":{"start":{"line":177,"column":36},"end":{"line":177,"column":37}},"loc":{"start":{"line":177,"column":50},"end":{"line":180,"column":13}},"line":177},"12":{"name":"(anonymous_12)","decl":{"start":{"line":185,"column":23},"end":{"line":185,"column":24}},"loc":{"start":{"line":185,"column":48},"end":{"line":206,"column":5}},"line":185},"13":{"name":"(anonymous_13)","decl":{"start":{"line":188,"column":31},"end":{"line":188,"column":32}},"loc":{"start":{"line":188,"column":57},"end":{"line":205,"column":9}},"line":188},"14":{"name":"(anonymous_14)","decl":{"start":{"line":220,"column":21},"end":{"line":220,"column":22}},"loc":{"start":{"line":220,"column":27},"end":{"line":243,"column":1}},"line":220},"15":{"name":"(anonymous_15)","decl":{"start":{"line":222,"column":44},"end":{"line":222,"column":45}},"loc":{"start":{"line":222,"column":51},"end":{"line":222,"column":60}},"line":222},"16":{"name":"(anonymous_16)","decl":{"start":{"line":241,"column":79},"end":{"line":241,"column":80}},"loc":{"start":{"line":241,"column":87},"end":{"line":241,"column":104}},"line":241},"17":{"name":"(anonymous_17)","decl":{"start":{"line":245,"column":32},"end":{"line":245,"column":33}},"loc":{"start":{"line":245,"column":38},"end":{"line":269,"column":1}},"line":245},"18":{"name":"(anonymous_18)","decl":{"start":{"line":271,"column":27},"end":{"line":271,"column":28}},"loc":{"start":{"line":271,"column":49},"end":{"line":300,"column":1}},"line":271},"19":{"name":"(anonymous_19)","decl":{"start":{"line":277,"column":79},"end":{"line":277,"column":80}},"loc":{"start":{"line":277,"column":87},"end":{"line":277,"column":105}},"line":277},"20":{"name":"(anonymous_20)","decl":{"start":{"line":288,"column":12},"end":{"line":288,"column":13}},"loc":{"start":{"line":288,"column":18},"end":{"line":291,"column":13}},"line":288},"21":{"name":"(anonymous_21)","decl":{"start":{"line":299,"column":63},"end":{"line":299,"column":64}},"loc":{"start":{"line":299,"column":70},"end":{"line":299,"column":79}},"line":299},"22":{"name":"(anonymous_22)","decl":{"start":{"line":302,"column":30},"end":{"line":302,"column":31}},"loc":{"start":{"line":302,"column":36},"end":{"line":316,"column":1}},"line":302},"23":{"name":"(anonymous_23)","decl":{"start":{"line":318,"column":25},"end":{"line":318,"column":26}},"loc":{"start":{"line":318,"column":40},"end":{"line":359,"column":1}},"line":318},"24":{"name":"(anonymous_24)","decl":{"start":{"line":337,"column":8},"end":{"line":337,"column":9}},"loc":{"start":{"line":337,"column":15},"end":{"line":337,"column":34}},"line":337},"25":{"name":"(anonymous_25)","decl":{"start":{"line":347,"column":12},"end":{"line":347,"column":13}},"loc":{"start":{"line":347,"column":19},"end":{"line":347,"column":38}},"line":347},"26":{"name":"(anonymous_26)","decl":{"start":{"line":361,"column":24},"end":{"line":361,"column":25}},"loc":{"start":{"line":361,"column":30},"end":{"line":363,"column":1}},"line":361},"27":{"name":"(anonymous_27)","decl":{"start":{"line":365,"column":24},"end":{"line":365,"column":25}},"loc":{"start":{"line":365,"column":30},"end":{"line":368,"column":1}},"line":365},"28":{"name":"isSessionActive","decl":{"start":{"line":370,"column":16},"end":{"line":370,"column":31}},"loc":{"start":{"line":370,"column":34},"end":{"line":372,"column":1}},"line":370},"29":{"name":"(anonymous_29)","decl":{"start":{"line":374,"column":26},"end":{"line":374,"column":27}},"loc":{"start":{"line":374,"column":50},"end":{"line":407,"column":1}},"line":374}},"branchMap":{"0":{"loc":{"start":{"line":20,"column":4},"end":{"line":32,"column":5}},"type":"if","locations":[{"start":{"line":20,"column":4},"end":{"line":32,"column":5}},{"start":{},"end":{}}],"line":20},"1":{"loc":{"start":{"line":27,"column":12},"end":{"line":27,"column":73}},"type":"binary-expr","locations":[{"start":{"line":27,"column":12},"end":{"line":27,"column":68}},{"start":{"line":27,"column":72},"end":{"line":27,"column":73}}],"line":27},"2":{"loc":{"start":{"line":37,"column":4},"end":{"line":37,"column":51}},"type":"if","locations":[{"start":{"line":37,"column":4},"end":{"line":37,"column":51}},{"start":{},"end":{}}],"line":37},"3":{"loc":{"start":{"line":41,"column":8},"end":{"line":41,"column":66}},"type":"if","locations":[{"start":{"line":41,"column":8},"end":{"line":41,"column":66}},{"start":{},"end":{}}],"line":41},"4":{"loc":{"start":{"line":51,"column":22},"end":{"line":51,"column":70}},"type":"binary-expr","locations":[{"start":{"line":51,"column":22},"end":{"line":51,"column":65}},{"start":{"line":51,"column":69},"end":{"line":51,"column":70}}],"line":51},"5":{"loc":{"start":{"line":57,"column":4},"end":{"line":71,"column":5}},"type":"if","locations":[{"start":{"line":57,"column":4},"end":{"line":71,"column":5}},{"start":{},"end":{}}],"line":57},"6":{"loc":{"start":{"line":58,"column":8},"end":{"line":59,"column":72}},"type":"binary-expr","locations":[{"start":{"line":58,"column":8},"end":{"line":58,"column":24}},{"start":{"line":59,"column":8},"end":{"line":59,"column":72}}],"line":58},"7":{"loc":{"start":{"line":62,"column":8},"end":{"line":69,"column":9}},"type":"if","locations":[{"start":{"line":62,"column":8},"end":{"line":69,"column":9}},{"start":{},"end":{}}],"line":62},"8":{"loc":{"start":{"line":65,"column":30},"end":{"line":65,"column":69}},"type":"binary-expr","locations":[{"start":{"line":65,"column":30},"end":{"line":65,"column":64}},{"start":{"line":65,"column":68},"end":{"line":65,"column":69}}],"line":65},"9":{"loc":{"start":{"line":81,"column":4},"end":{"line":81,"column":40}},"type":"if","locations":[{"start":{"line":81,"column":4},"end":{"line":81,"column":40}},{"start":{},"end":{}}],"line":81},"10":{"loc":{"start":{"line":84,"column":8},"end":{"line":84,"column":68}},"type":"binary-expr","locations":[{"start":{"line":84,"column":8},"end":{"line":84,"column":40}},{"start":{"line":84,"column":44},"end":{"line":84,"column":68}}],"line":84},"11":{"loc":{"start":{"line":92,"column":8},"end":{"line":92,"column":77}},"type":"cond-expr","locations":[{"start":{"line":92,"column":27},"end":{"line":92,"column":73}},{"start":{"line":92,"column":76},"end":{"line":92,"column":77}}],"line":92},"12":{"loc":{"start":{"line":94,"column":8},"end":{"line":94,"column":69}},"type":"binary-expr","locations":[{"start":{"line":94,"column":8},"end":{"line":94,"column":64}},{"start":{"line":94,"column":68},"end":{"line":94,"column":69}}],"line":94},"13":{"loc":{"start":{"line":106,"column":8},"end":{"line":110,"column":41}},"type":"cond-expr","locations":[{"start":{"line":107,"column":14},"end":{"line":107,"column":35}},{"start":{"line":108,"column":14},"end":{"line":110,"column":41}}],"line":106},"14":{"loc":{"start":{"line":108,"column":14},"end":{"line":110,"column":41}},"type":"cond-expr","locations":[{"start":{"line":109,"column":18},"end":{"line":109,"column":37}},{"start":{"line":110,"column":18},"end":{"line":110,"column":41}}],"line":108},"15":{"loc":{"start":{"line":112,"column":8},"end":{"line":116,"column":41}},"type":"cond-expr","locations":[{"start":{"line":113,"column":14},"end":{"line":113,"column":35}},{"start":{"line":114,"column":14},"end":{"line":116,"column":41}}],"line":112},"16":{"loc":{"start":{"line":114,"column":14},"end":{"line":116,"column":41}},"type":"cond-expr","locations":[{"start":{"line":115,"column":18},"end":{"line":115,"column":37}},{"start":{"line":116,"column":18},"end":{"line":116,"column":41}}],"line":114},"17":{"loc":{"start":{"line":136,"column":26},"end":{"line":136,"column":82}},"type":"cond-expr","locations":[{"start":{"line":136,"column":51},"end":{"line":136,"column":58}},{"start":{"line":136,"column":62},"end":{"line":136,"column":81}}],"line":136},"18":{"loc":{"start":{"line":136,"column":62},"end":{"line":136,"column":81}},"type":"binary-expr","locations":[{"start":{"line":136,"column":62},"end":{"line":136,"column":75}},{"start":{"line":136,"column":79},"end":{"line":136,"column":81}}],"line":136},"19":{"loc":{"start":{"line":139,"column":12},"end":{"line":139,"column":30}},"type":"if","locations":[{"start":{"line":139,"column":12},"end":{"line":139,"column":30}},{"start":{},"end":{}}],"line":139},"20":{"loc":{"start":{"line":140,"column":29},"end":{"line":140,"column":50}},"type":"binary-expr","locations":[{"start":{"line":140,"column":29},"end":{"line":140,"column":45}},{"start":{"line":140,"column":49},"end":{"line":140,"column":50}}],"line":140},"21":{"loc":{"start":{"line":141,"column":35},"end":{"line":141,"column":59}},"type":"binary-expr","locations":[{"start":{"line":141,"column":35},"end":{"line":141,"column":54}},{"start":{"line":141,"column":58},"end":{"line":141,"column":59}}],"line":141},"22":{"loc":{"start":{"line":142,"column":37},"end":{"line":142,"column":77}},"type":"binary-expr","locations":[{"start":{"line":142,"column":37},"end":{"line":142,"column":72}},{"start":{"line":142,"column":76},"end":{"line":142,"column":77}}],"line":142},"23":{"loc":{"start":{"line":144,"column":12},"end":{"line":146,"column":13}},"type":"if","locations":[{"start":{"line":144,"column":12},"end":{"line":146,"column":13}},{"start":{},"end":{}}],"line":144},"24":{"loc":{"start":{"line":144,"column":16},"end":{"line":144,"column":72}},"type":"binary-expr","locations":[{"start":{"line":144,"column":16},"end":{"line":144,"column":34}},{"start":{"line":144,"column":38},"end":{"line":144,"column":72}}],"line":144},"25":{"loc":{"start":{"line":148,"column":28},"end":{"line":148,"column":80}},"type":"cond-expr","locations":[{"start":{"line":148,"column":53},"end":{"line":148,"column":75}},{"start":{"line":148,"column":78},"end":{"line":148,"column":80}}],"line":148},"26":{"loc":{"start":{"line":149,"column":12},"end":{"line":172,"column":13}},"type":"if","locations":[{"start":{"line":149,"column":12},"end":{"line":172,"column":13}},{"start":{},"end":{}}],"line":149},"27":{"loc":{"start":{"line":149,"column":16},"end":{"line":149,"column":80}},"type":"binary-expr","locations":[{"start":{"line":149,"column":16},"end":{"line":149,"column":25}},{"start":{"line":149,"column":30},"end":{"line":149,"column":43}},{"start":{"line":149,"column":47},"end":{"line":149,"column":79}}],"line":149},"28":{"loc":{"start":{"line":154,"column":16},"end":{"line":164,"column":17}},"type":"if","locations":[{"start":{"line":154,"column":16},"end":{"line":164,"column":17}},{"start":{},"end":{}}],"line":154},"29":{"loc":{"start":{"line":174,"column":8},"end":{"line":181,"column":9}},"type":"if","locations":[{"start":{"line":174,"column":8},"end":{"line":181,"column":9}},{"start":{},"end":{}}],"line":174},"30":{"loc":{"start":{"line":187,"column":8},"end":{"line":187,"column":42}},"type":"if","locations":[{"start":{"line":187,"column":8},"end":{"line":187,"column":42}},{"start":{},"end":{}}],"line":187},"31":{"loc":{"start":{"line":190,"column":35},"end":{"line":190,"column":59}},"type":"binary-expr","locations":[{"start":{"line":190,"column":35},"end":{"line":190,"column":54}},{"start":{"line":190,"column":58},"end":{"line":190,"column":59}}],"line":190},"32":{"loc":{"start":{"line":192,"column":16},"end":{"line":194,"column":71}},"type":"cond-expr","locations":[{"start":{"line":193,"column":22},"end":{"line":193,"column":36}},{"start":{"line":194,"column":22},"end":{"line":194,"column":71}}],"line":192},"33":{"loc":{"start":{"line":194,"column":22},"end":{"line":194,"column":71}},"type":"binary-expr","locations":[{"start":{"line":194,"column":22},"end":{"line":194,"column":66}},{"start":{"line":194,"column":70},"end":{"line":194,"column":71}}],"line":194},"34":{"loc":{"start":{"line":221,"column":22},"end":{"line":221,"column":66}},"type":"binary-expr","locations":[{"start":{"line":221,"column":22},"end":{"line":221,"column":61}},{"start":{"line":221,"column":65},"end":{"line":221,"column":66}}],"line":221},"35":{"loc":{"start":{"line":224,"column":4},"end":{"line":229,"column":5}},"type":"if","locations":[{"start":{"line":224,"column":4},"end":{"line":229,"column":5}},{"start":{},"end":{}}],"line":224},"36":{"loc":{"start":{"line":246,"column":4},"end":{"line":252,"column":5}},"type":"if","locations":[{"start":{"line":246,"column":4},"end":{"line":252,"column":5}},{"start":{},"end":{}}],"line":246},"37":{"loc":{"start":{"line":253,"column":4},"end":{"line":256,"column":5}},"type":"if","locations":[{"start":{"line":253,"column":4},"end":{"line":256,"column":5}},{"start":{},"end":{}}],"line":253},"38":{"loc":{"start":{"line":257,"column":4},"end":{"line":259,"column":5}},"type":"if","locations":[{"start":{"line":257,"column":4},"end":{"line":259,"column":5}},{"start":{},"end":{}}],"line":257},"39":{"loc":{"start":{"line":258,"column":8},"end":{"line":258,"column":36}},"type":"if","locations":[{"start":{"line":258,"column":8},"end":{"line":258,"column":36}},{"start":{},"end":{}}],"line":258},"40":{"loc":{"start":{"line":260,"column":4},"end":{"line":264,"column":15}},"type":"if","locations":[{"start":{"line":260,"column":4},"end":{"line":264,"column":15}},{"start":{},"end":{}}],"line":260},"41":{"loc":{"start":{"line":271,"column":28},"end":{"line":271,"column":44}},"type":"default-arg","locations":[{"start":{"line":271,"column":39},"end":{"line":271,"column":44}}],"line":271},"42":{"loc":{"start":{"line":279,"column":4},"end":{"line":297,"column":5}},"type":"if","locations":[{"start":{"line":279,"column":4},"end":{"line":297,"column":5}},{"start":{"line":294,"column":11},"end":{"line":297,"column":5}}],"line":279},"43":{"loc":{"start":{"line":280,"column":72},"end":{"line":280,"column":105}},"type":"binary-expr","locations":[{"start":{"line":280,"column":72},"end":{"line":280,"column":100}},{"start":{"line":280,"column":104},"end":{"line":280,"column":105}}],"line":280},"44":{"loc":{"start":{"line":286,"column":46},"end":{"line":286,"column":79}},"type":"binary-expr","locations":[{"start":{"line":286,"column":46},"end":{"line":286,"column":74}},{"start":{"line":286,"column":78},"end":{"line":286,"column":79}}],"line":286},"45":{"loc":{"start":{"line":319,"column":4},"end":{"line":323,"column":15}},"type":"if","locations":[{"start":{"line":319,"column":4},"end":{"line":323,"column":15}},{"start":{},"end":{}}],"line":319},"46":{"loc":{"start":{"line":320,"column":8},"end":{"line":321,"column":62}},"type":"binary-expr","locations":[{"start":{"line":320,"column":8},"end":{"line":320,"column":39}},{"start":{"line":321,"column":8},"end":{"line":321,"column":62}}],"line":320},"47":{"loc":{"start":{"line":330,"column":4},"end":{"line":333,"column":5}},"type":"if","locations":[{"start":{"line":330,"column":4},"end":{"line":333,"column":5}},{"start":{},"end":{}}],"line":330},"48":{"loc":{"start":{"line":334,"column":4},"end":{"line":334,"column":30}},"type":"if","locations":[{"start":{"line":334,"column":4},"end":{"line":334,"column":30}},{"start":{},"end":{}}],"line":334},"49":{"loc":{"start":{"line":341,"column":8},"end":{"line":343,"column":22}},"type":"binary-expr","locations":[{"start":{"line":341,"column":8},"end":{"line":341,"column":19}},{"start":{"line":342,"column":8},"end":{"line":342,"column":48}},{"start":{"line":343,"column":8},"end":{"line":343,"column":22}}],"line":341},"50":{"loc":{"start":{"line":351,"column":4},"end":{"line":358,"column":5}},"type":"if","locations":[{"start":{"line":351,"column":4},"end":{"line":358,"column":5}},{"start":{"line":356,"column":11},"end":{"line":358,"column":5}}],"line":351},"51":{"loc":{"start":{"line":353,"column":8},"end":{"line":353,"column":44}},"type":"if","locations":[{"start":{"line":353,"column":8},"end":{"line":353,"column":44}},{"start":{},"end":{}}],"line":353},"52":{"loc":{"start":{"line":355,"column":8},"end":{"line":355,"column":45}},"type":"if","locations":[{"start":{"line":355,"column":8},"end":{"line":355,"column":45}},{"start":{},"end":{}}],"line":355},"53":{"loc":{"start":{"line":356,"column":11},"end":{"line":358,"column":5}},"type":"if","locations":[{"start":{"line":356,"column":11},"end":{"line":358,"column":5}},{"start":{},"end":{}}],"line":356},"54":{"loc":{"start":{"line":362,"column":4},"end":{"line":362,"column":64}},"type":"if","locations":[{"start":{"line":362,"column":4},"end":{"line":362,"column":64}},{"start":{},"end":{}}],"line":362},"55":{"loc":{"start":{"line":366,"column":4},"end":{"line":367,"column":60}},"type":"if","locations":[{"start":{"line":366,"column":4},"end":{"line":367,"column":60}},{"start":{},"end":{}}],"line":366},"56":{"loc":{"start":{"line":366,"column":8},"end":{"line":366,"column":76}},"type":"binary-expr","locations":[{"start":{"line":366,"column":8},"end":{"line":366,"column":39}},{"start":{"line":366,"column":43},"end":{"line":366,"column":76}}],"line":366},"57":{"loc":{"start":{"line":379,"column":35},"end":{"line":379,"column":96}},"type":"binary-expr","locations":[{"start":{"line":379,"column":35},"end":{"line":379,"column":63}},{"start":{"line":379,"column":67},"end":{"line":379,"column":96}}],"line":379},"58":{"loc":{"start":{"line":380,"column":32},"end":{"line":380,"column":90}},"type":"binary-expr","locations":[{"start":{"line":380,"column":32},"end":{"line":380,"column":57}},{"start":{"line":380,"column":61},"end":{"line":380,"column":90}}],"line":380},"59":{"loc":{"start":{"line":381,"column":38},"end":{"line":381,"column":102}},"type":"binary-expr","locations":[{"start":{"line":381,"column":38},"end":{"line":381,"column":69}},{"start":{"line":381,"column":73},"end":{"line":381,"column":102}}],"line":381},"60":{"loc":{"start":{"line":382,"column":32},"end":{"line":382,"column":87}},"type":"binary-expr","locations":[{"start":{"line":382,"column":32},"end":{"line":382,"column":57}},{"start":{"line":382,"column":61},"end":{"line":382,"column":87}}],"line":382},"61":{"loc":{"start":{"line":383,"column":31},"end":{"line":383,"column":88}},"type":"binary-expr","locations":[{"start":{"line":383,"column":31},"end":{"line":383,"column":55}},{"start":{"line":383,"column":59},"end":{"line":383,"column":88}}],"line":383},"62":{"loc":{"start":{"line":384,"column":30},"end":{"line":384,"column":86}},"type":"binary-expr","locations":[{"start":{"line":384,"column":30},"end":{"line":384,"column":53}},{"start":{"line":384,"column":57},"end":{"line":384,"column":86}}],"line":384},"63":{"loc":{"start":{"line":385,"column":32},"end":{"line":385,"column":90}},"type":"binary-expr","locations":[{"start":{"line":385,"column":32},"end":{"line":385,"column":57}},{"start":{"line":385,"column":61},"end":{"line":385,"column":90}}],"line":385},"64":{"loc":{"start":{"line":386,"column":29},"end":{"line":386,"column":87}},"type":"binary-expr","locations":[{"start":{"line":386,"column":29},"end":{"line":386,"column":51}},{"start":{"line":386,"column":55},"end":{"line":386,"column":87}}],"line":386},"65":{"loc":{"start":{"line":387,"column":29},"end":{"line":387,"column":84}},"type":"binary-expr","locations":[{"start":{"line":387,"column":29},"end":{"line":387,"column":51}},{"start":{"line":387,"column":55},"end":{"line":387,"column":84}}],"line":387},"66":{"loc":{"start":{"line":388,"column":26},"end":{"line":388,"column":80}},"type":"binary-expr","locations":[{"start":{"line":388,"column":26},"end":{"line":388,"column":45}},{"start":{"line":388,"column":49},"end":{"line":388,"column":80}}],"line":388},"67":{"loc":{"start":{"line":389,"column":38},"end":{"line":389,"column":102}},"type":"binary-expr","locations":[{"start":{"line":389,"column":38},"end":{"line":389,"column":69}},{"start":{"line":389,"column":73},"end":{"line":389,"column":102}}],"line":389},"68":{"loc":{"start":{"line":390,"column":34},"end":{"line":390,"column":94}},"type":"binary-expr","locations":[{"start":{"line":390,"column":34},"end":{"line":390,"column":61}},{"start":{"line":390,"column":65},"end":{"line":390,"column":94}}],"line":390},"69":{"loc":{"start":{"line":391,"column":31},"end":{"line":391,"column":85}},"type":"binary-expr","locations":[{"start":{"line":391,"column":31},"end":{"line":391,"column":55}},{"start":{"line":391,"column":59},"end":{"line":391,"column":85}}],"line":391},"70":{"loc":{"start":{"line":392,"column":30},"end":{"line":392,"column":86}},"type":"binary-expr","locations":[{"start":{"line":392,"column":30},"end":{"line":392,"column":53}},{"start":{"line":392,"column":57},"end":{"line":392,"column":86}}],"line":392},"71":{"loc":{"start":{"line":393,"column":33},"end":{"line":393,"column":92}},"type":"binary-expr","locations":[{"start":{"line":393,"column":33},"end":{"line":393,"column":59}},{"start":{"line":393,"column":63},"end":{"line":393,"column":92}}],"line":393},"72":{"loc":{"start":{"line":394,"column":35},"end":{"line":394,"column":96}},"type":"binary-expr","locations":[{"start":{"line":394,"column":35},"end":{"line":394,"column":63}},{"start":{"line":394,"column":67},"end":{"line":394,"column":96}}],"line":394},"73":{"loc":{"start":{"line":395,"column":35},"end":{"line":395,"column":93}},"type":"binary-expr","locations":[{"start":{"line":395,"column":35},"end":{"line":395,"column":63}},{"start":{"line":395,"column":67},"end":{"line":395,"column":93}}],"line":395},"74":{"loc":{"start":{"line":396,"column":34},"end":{"line":396,"column":94}},"type":"binary-expr","locations":[{"start":{"line":396,"column":34},"end":{"line":396,"column":61}},{"start":{"line":396,"column":65},"end":{"line":396,"column":94}}],"line":396},"75":{"loc":{"start":{"line":397,"column":37},"end":{"line":397,"column":100}},"type":"binary-expr","locations":[{"start":{"line":397,"column":37},"end":{"line":397,"column":67}},{"start":{"line":397,"column":71},"end":{"line":397,"column":100}}],"line":397},"76":{"loc":{"start":{"line":398,"column":39},"end":{"line":398,"column":104}},"type":"binary-expr","locations":[{"start":{"line":398,"column":39},"end":{"line":398,"column":71}},{"start":{"line":398,"column":75},"end":{"line":398,"column":104}}],"line":398},"77":{"loc":{"start":{"line":399,"column":30},"end":{"line":406,"column":5}},"type":"binary-expr","locations":[{"start":{"line":399,"column":30},"end":{"line":399,"column":53}},{"start":{"line":399,"column":57},"end":{"line":406,"column":5}}],"line":399}},"s":{"0":1,"1":1,"2":1,"3":0,"4":1,"5":0,"6":0,"7":1,"8":0,"9":0,"10":0,"11":0,"12":0,"13":0,"14":1,"15":0,"16":0,"17":0,"18":0,"19":0,"20":0,"21":0,"22":1,"23":0,"24":0,"25":0,"26":0,"27":0,"28":0,"29":0,"30":0,"31":0,"32":0,"33":0,"34":0,"35":0,"36":0,"37":0,"38":0,"39":0,"40":0,"41":0,"42":0,"43":0,"44":0,"45":0,"46":0,"47":0,"48":0,"49":0,"50":0,"51":0,"52":0,"53":0,"54":0,"55":0,"56":0,"57":0,"58":0,"59":0,"60":0,"61":0,"62":0,"63":1,"64":1,"65":1,"66":1,"67":1,"68":2,"69":1,"70":1,"71":1,"72":1,"73":1,"74":1,"75":1,"76":2,"77":2,"78":2,"79":4,"80":4,"81":0,"82":4,"83":4,"84":4,"85":4,"86":0,"87":4,"88":4,"89":3,"90":3,"91":3,"92":3,"93":3,"94":0,"95":0,"96":3,"97":3,"98":2,"99":2,"100":2,"101":2,"102":3,"103":3,"104":1,"105":1,"106":1,"107":2,"108":2,"109":0,"110":2,"111":3,"112":3,"113":3,"114":3,"115":3,"116":3,"117":1,"118":1,"119":0,"120":0,"121":0,"122":0,"123":0,"124":0,"125":0,"126":0,"127":0,"128":0,"129":0,"130":0,"131":0,"132":0,"133":0,"134":1,"135":0,"136":0,"137":0,"138":0,"139":0,"140":0,"141":0,"142":0,"143":0,"144":0,"145":0,"146":0,"147":0,"148":0,"149":0,"150":0,"151":1,"152":0,"153":0,"154":0,"155":0,"156":0,"157":0,"158":0,"159":0,"160":0,"161":0,"162":0,"163":0,"164":0,"165":0,"166":0,"167":0,"168":0,"169":1,"170":0,"171":0,"172":0,"173":0,"174":0,"175":0,"176":0,"177":0,"178":0,"179":0,"180":1,"181":0,"182":0,"183":0,"184":0,"185":0,"186":0,"187":0,"188":0,"189":0,"190":0,"191":0,"192":0,"193":0,"194":0,"195":0,"196":0,"197":0,"198":0,"199":0,"200":0,"201":0,"202":0,"203":0,"204":0,"205":1,"206":0,"207":0,"208":1,"209":0,"210":0,"211":0,"212":1,"213":0,"214":0,"215":0,"216":0,"217":0,"218":0,"219":0,"220":0,"221":0,"222":0,"223":0,"224":0,"225":0,"226":0,"227":0,"228":0,"229":0,"230":0,"231":0,"232":0,"233":0,"234":0,"235":0},"f":{"0":0,"1":0,"2":0,"3":0,"4":0,"5":0,"6":0,"7":0,"8":1,"9":2,"10":4,"11":3,"12":2,"13":3,"14":0,"15":0,"16":0,"17":0,"18":0,"19":0,"20":0,"21":0,"22":0,"23":0,"24":0,"25":0,"26":0,"27":0,"28":0,"29":0},"b":{"0":[0,0],"1":[0,0],"2":[0,0],"3":[0,0],"4":[0,0],"5":[0,0],"6":[0,0],"7":[0,0],"8":[0,0],"9":[0,0],"10":[0,0],"11":[0,0],"12":[0,0],"13":[0,0],"14":[0,0],"15":[0,0],"16":[0,0],"17":[2,0],"18":[0,0],"19":[0,4],"20":[4,0],"21":[4,4],"22":[4,2],"23":[0,4],"24":[4,0],"25":[2,2],"26":[3,1],"27":[4,2,2],"28":[0,3],"29":[2,0],"30":[0,2],"31":[3,3],"32":[0,3],"33":[3,0],"34":[0,0],"35":[0,0],"36":[0,0],"37":[0,0],"38":[0,0],"39":[0,0],"40":[0,0],"41":[0],"42":[0,0],"43":[0,0],"44":[0,0],"45":[0,0],"46":[0,0],"47":[0,0],"48":[0,0],"49":[0,0,0],"50":[0,0],"51":[0,0],"52":[0,0],"53":[0,0],"54":[0,0],"55":[0,0],"56":[0,0],"57":[0,0],"58":[0,0],"59":[0,0],"60":[0,0],"61":[0,0],"62":[0,0],"63":[0,0],"64":[0,0],"65":[0,0],"66":[0,0],"67":[0,0],"68":[0,0],"69":[0,0],"70":[0,0],"71":[0,0],"72":[0,0],"73":[0,0],"74":[0,0],"75":[0,0],"76":[0,0],"77":[0,0]},"inputSourceMap":null,"_coverageSchema":"1a1c01bbd47fc00a2c39e90264f33305004495a9","hash":"61aab76f0c2d25896f7450326da98082e5967ab0"}
,"C:\\Users\\behro\\repos\\timer\\ui.js": {"path":"C:\\Users\\behro\\repos\\timer\\ui.js","statementMap":{"0":{"start":{"line":5,"column":17},"end":{"line":5,"column":53}},"1":{"start":{"line":5,"column":26},"end":{"line":5,"column":53}},"2":{"start":{"line":6,"column":18},"end":{"line":6,"column":62}},"3":{"start":{"line":6,"column":27},"end":{"line":6,"column":62}},"4":{"start":{"line":8,"column":26},"end":{"line":23,"column":1}},"5":{"start":{"line":9,"column":12},"end":{"line":9,"column":32}},"6":{"start":{"line":10,"column":2},"end":{"line":10,"column":58}},"7":{"start":{"line":10,"column":46},"end":{"line":10,"column":58}},"8":{"start":{"line":11,"column":2},"end":{"line":11,"column":27}},"9":{"start":{"line":11,"column":15},"end":{"line":11,"column":27}},"10":{"start":{"line":12,"column":21},"end":{"line":12,"column":26}},"11":{"start":{"line":13,"column":21},"end":{"line":13,"column":44}},"12":{"start":{"line":14,"column":16},"end":{"line":14,"column":45}},"13":{"start":{"line":15,"column":18},"end":{"line":15,"column":54}},"14":{"start":{"line":16,"column":18},"end":{"line":16,"column":33}},"15":{"start":{"line":17,"column":16},"end":{"line":17,"column":18}},"16":{"start":{"line":18,"column":2},"end":{"line":18,"column":41}},"17":{"start":{"line":18,"column":17},"end":{"line":18,"column":41}},"18":{"start":{"line":19,"column":2},"end":{"line":19,"column":45}},"19":{"start":{"line":19,"column":19},"end":{"line":19,"column":45}},"20":{"start":{"line":20,"column":2},"end":{"line":20,"column":79}},"21":{"start":{"line":20,"column":53},"end":{"line":20,"column":79}},"22":{"start":{"line":21,"column":20},"end":{"line":21,"column":35}},"23":{"start":{"line":22,"column":2},"end":{"line":22,"column":50}},"24":{"start":{"line":26,"column":37},"end":{"line":39,"column":1}},"25":{"start":{"line":27,"column":2},"end":{"line":38,"column":14}},"26":{"start":{"line":28,"column":21},"end":{"line":28,"column":50}},"27":{"start":{"line":29,"column":4},"end":{"line":37,"column":6}},"28":{"start":{"line":41,"column":33},"end":{"line":47,"column":1}},"29":{"start":{"line":42,"column":21},"end":{"line":42,"column":33}},"30":{"start":{"line":43,"column":33},"end":{"line":43,"column":74}},"31":{"start":{"line":43,"column":56},"end":{"line":43,"column":70}},"32":{"start":{"line":44,"column":2},"end":{"line":46,"column":13}},"33":{"start":{"line":49,"column":27},"end":{"line":91,"column":1}},"34":{"start":{"line":50,"column":2},"end":{"line":50,"column":79}},"35":{"start":{"line":51,"column":2},"end":{"line":89,"column":3}},"36":{"start":{"line":52,"column":4},"end":{"line":52,"column":38}},"37":{"start":{"line":54,"column":4},"end":{"line":88,"column":16}},"38":{"start":{"line":57,"column":10},"end":{"line":57,"column":70}},"39":{"start":{"line":59,"column":10},"end":{"line":61,"column":67}},"40":{"start":{"line":62,"column":27},"end":{"line":62,"column":55}},"41":{"start":{"line":63,"column":26},"end":{"line":63,"column":79}},"42":{"start":{"line":64,"column":8},"end":{"line":86,"column":18}},"43":{"start":{"line":90,"column":2},"end":{"line":90,"column":36}},"44":{"start":{"line":93,"column":29},"end":{"line":184,"column":1}},"45":{"start":{"line":94,"column":22},"end":{"line":97,"column":3}},"46":{"start":{"line":95,"column":15},"end":{"line":95,"column":51}},"47":{"start":{"line":98,"column":2},"end":{"line":98,"column":82}},"48":{"start":{"line":99,"column":26},"end":{"line":99,"column":57}},"49":{"start":{"line":102,"column":2},"end":{"line":109,"column":3}},"50":{"start":{"line":103,"column":4},"end":{"line":103,"column":41}},"51":{"start":{"line":104,"column":18},"end":{"line":104,"column":47}},"52":{"start":{"line":105,"column":4},"end":{"line":105,"column":38}},"53":{"start":{"line":106,"column":4},"end":{"line":106,"column":78}},"54":{"start":{"line":107,"column":4},"end":{"line":107,"column":45}},"55":{"start":{"line":108,"column":4},"end":{"line":108,"column":11}},"56":{"start":{"line":112,"column":15},"end":{"line":112,"column":48}},"57":{"start":{"line":113,"column":24},"end":{"line":113,"column":107}},"58":{"start":{"line":115,"column":2},"end":{"line":179,"column":5}},"59":{"start":{"line":116,"column":17},"end":{"line":116,"column":32}},"60":{"start":{"line":117,"column":4},"end":{"line":117,"column":22}},"61":{"start":{"line":117,"column":15},"end":{"line":117,"column":22}},"62":{"start":{"line":118,"column":21},"end":{"line":118,"column":81}},"63":{"start":{"line":119,"column":22},"end":{"line":119,"column":47}},"64":{"start":{"line":120,"column":17},"end":{"line":120,"column":46}},"65":{"start":{"line":121,"column":4},"end":{"line":121,"column":69}},"66":{"start":{"line":122,"column":4},"end":{"line":122,"column":30}},"67":{"start":{"line":123,"column":4},"end":{"line":123,"column":64}},"68":{"start":{"line":123,"column":25},"end":{"line":123,"column":64}},"69":{"start":{"line":126,"column":4},"end":{"line":131,"column":5}},"70":{"start":{"line":127,"column":35},"end":{"line":127,"column":96}},"71":{"start":{"line":128,"column":6},"end":{"line":130,"column":7}},"72":{"start":{"line":129,"column":8},"end":{"line":129,"column":40}},"73":{"start":{"line":133,"column":17},"end":{"line":133,"column":47}},"74":{"start":{"line":134,"column":4},"end":{"line":134,"column":41}},"75":{"start":{"line":135,"column":4},"end":{"line":135,"column":31}},"76":{"start":{"line":136,"column":4},"end":{"line":136,"column":35}},"77":{"start":{"line":138,"column":18},"end":{"line":138,"column":47}},"78":{"start":{"line":139,"column":4},"end":{"line":139,"column":30}},"79":{"start":{"line":140,"column":4},"end":{"line":140,"column":35}},"80":{"start":{"line":142,"column":21},"end":{"line":142,"column":51}},"81":{"start":{"line":143,"column":4},"end":{"line":143,"column":36}},"82":{"start":{"line":144,"column":4},"end":{"line":144,"column":88}},"83":{"start":{"line":146,"column":20},"end":{"line":146,"column":49}},"84":{"start":{"line":147,"column":4},"end":{"line":147,"column":43}},"85":{"start":{"line":148,"column":4},"end":{"line":172,"column":5}},"86":{"start":{"line":149,"column":21},"end":{"line":149,"column":53}},"87":{"start":{"line":150,"column":6},"end":{"line":150,"column":36}},"88":{"start":{"line":151,"column":6},"end":{"line":151,"column":36}},"89":{"start":{"line":152,"column":6},"end":{"line":152,"column":35}},"90":{"start":{"line":153,"column":6},"end":{"line":153,"column":66}},"91":{"start":{"line":154,"column":24},"end":{"line":154,"column":56}},"92":{"start":{"line":155,"column":6},"end":{"line":155,"column":39}},"93":{"start":{"line":156,"column":6},"end":{"line":156,"column":42}},"94":{"start":{"line":157,"column":6},"end":{"line":157,"column":41}},"95":{"start":{"line":158,"column":6},"end":{"line":158,"column":71}},"96":{"start":{"line":159,"column":24},"end":{"line":159,"column":56}},"97":{"start":{"line":160,"column":6},"end":{"line":160,"column":41}},"98":{"start":{"line":161,"column":6},"end":{"line":161,"column":42}},"99":{"start":{"line":162,"column":6},"end":{"line":162,"column":63}},"100":{"start":{"line":163,"column":6},"end":{"line":163,"column":34}},"101":{"start":{"line":164,"column":6},"end":{"line":164,"column":37}},"102":{"start":{"line":165,"column":6},"end":{"line":165,"column":37}},"103":{"start":{"line":167,"column":24},"end":{"line":167,"column":56}},"104":{"start":{"line":168,"column":6},"end":{"line":168,"column":41}},"105":{"start":{"line":169,"column":6},"end":{"line":169,"column":42}},"106":{"start":{"line":170,"column":6},"end":{"line":170,"column":63}},"107":{"start":{"line":171,"column":6},"end":{"line":171,"column":37}},"108":{"start":{"line":174,"column":4},"end":{"line":174,"column":27}},"109":{"start":{"line":175,"column":4},"end":{"line":175,"column":28}},"110":{"start":{"line":176,"column":4},"end":{"line":176,"column":31}},"111":{"start":{"line":177,"column":4},"end":{"line":177,"column":30}},"112":{"start":{"line":178,"column":4},"end":{"line":178,"column":27}},"113":{"start":{"line":182,"column":2},"end":{"line":182,"column":39}},"114":{"start":{"line":183,"column":2},"end":{"line":183,"column":42}},"115":{"start":{"line":186,"column":33},"end":{"line":200,"column":1}},"116":{"start":{"line":187,"column":2},"end":{"line":190,"column":5}},"117":{"start":{"line":188,"column":4},"end":{"line":188,"column":33}},"118":{"start":{"line":189,"column":4},"end":{"line":189,"column":43}},"119":{"start":{"line":191,"column":17},"end":{"line":191,"column":53}},"120":{"start":{"line":192,"column":2},"end":{"line":199,"column":3}},"121":{"start":{"line":193,"column":4},"end":{"line":193,"column":35}},"122":{"start":{"line":194,"column":4},"end":{"line":198,"column":8}},"123":{"start":{"line":204,"column":31},"end":{"line":216,"column":1}},"124":{"start":{"line":205,"column":2},"end":{"line":205,"column":52}},"125":{"start":{"line":206,"column":2},"end":{"line":206,"column":31}},"126":{"start":{"line":207,"column":2},"end":{"line":207,"column":42}},"127":{"start":{"line":208,"column":2},"end":{"line":208,"column":41}},"128":{"start":{"line":209,"column":2},"end":{"line":209,"column":42}},"129":{"start":{"line":210,"column":2},"end":{"line":210,"column":37}},"130":{"start":{"line":211,"column":2},"end":{"line":211,"column":38}},"131":{"start":{"line":212,"column":2},"end":{"line":212,"column":40}},"132":{"start":{"line":213,"column":2},"end":{"line":213,"column":72}},"133":{"start":{"line":214,"column":2},"end":{"line":214,"column":47}},"134":{"start":{"line":215,"column":2},"end":{"line":215,"column":28}},"135":{"start":{"line":218,"column":34},"end":{"line":229,"column":1}},"136":{"start":{"line":219,"column":2},"end":{"line":219,"column":61}},"137":{"start":{"line":220,"column":2},"end":{"line":220,"column":39}},"138":{"start":{"line":221,"column":2},"end":{"line":221,"column":56}},"139":{"start":{"line":222,"column":2},"end":{"line":222,"column":70}},"140":{"start":{"line":223,"column":2},"end":{"line":223,"column":58}},"141":{"start":{"line":224,"column":2},"end":{"line":224,"column":57}},"142":{"start":{"line":225,"column":2},"end":{"line":225,"column":59}},"143":{"start":{"line":226,"column":2},"end":{"line":226,"column":63}},"144":{"start":{"line":227,"column":2},"end":{"line":227,"column":76}},"145":{"start":{"line":228,"column":2},"end":{"line":228,"column":55}},"146":{"start":{"line":231,"column":34},"end":{"line":252,"column":1}},"147":{"start":{"line":232,"column":2},"end":{"line":232,"column":48}},"148":{"start":{"line":233,"column":2},"end":{"line":233,"column":61}},"149":{"start":{"line":234,"column":2},"end":{"line":234,"column":47}},"150":{"start":{"line":235,"column":2},"end":{"line":235,"column":46}},"151":{"start":{"line":236,"column":2},"end":{"line":236,"column":45}},"152":{"start":{"line":237,"column":2},"end":{"line":237,"column":47}},"153":{"start":{"line":238,"column":2},"end":{"line":238,"column":46}},"154":{"start":{"line":239,"column":2},"end":{"line":239,"column":45}},"155":{"start":{"line":240,"column":2},"end":{"line":240,"column":48}},"156":{"start":{"line":241,"column":2},"end":{"line":241,"column":50}},"157":{"start":{"line":242,"column":2},"end":{"line":242,"column":50}},"158":{"start":{"line":243,"column":2},"end":{"line":243,"column":49}},"159":{"start":{"line":244,"column":2},"end":{"line":244,"column":52}},"160":{"start":{"line":245,"column":2},"end":{"line":245,"column":54}},"161":{"start":{"line":246,"column":2},"end":{"line":246,"column":58}},"162":{"start":{"line":247,"column":2},"end":{"line":247,"column":61}},"163":{"start":{"line":248,"column":2},"end":{"line":248,"column":60}},"164":{"start":{"line":249,"column":2},"end":{"line":249,"column":62}},"165":{"start":{"line":250,"column":2},"end":{"line":250,"column":57}},"166":{"start":{"line":251,"column":2},"end":{"line":251,"column":58}},"167":{"start":{"line":254,"column":35},"end":{"line":273,"column":1}},"168":{"start":{"line":255,"column":20},"end":{"line":255,"column":41}},"169":{"start":{"line":256,"column":24},"end":{"line":256,"column":73}},"170":{"start":{"line":257,"column":2},"end":{"line":272,"column":3}},"171":{"start":{"line":258,"column":26},"end":{"line":258,"column":59}},"172":{"start":{"line":259,"column":24},"end":{"line":259,"column":61}},"173":{"start":{"line":260,"column":4},"end":{"line":271,"column":5}},"174":{"start":{"line":264,"column":21},"end":{"line":264,"column":66}},"175":{"start":{"line":266,"column":8},"end":{"line":266,"column":76}},"176":{"start":{"line":267,"column":6},"end":{"line":270,"column":9}},"177":{"start":{"line":275,"column":34},"end":{"line":335,"column":1}},"178":{"start":{"line":276,"column":2},"end":{"line":276,"column":51}},"179":{"start":{"line":276,"column":44},"end":{"line":276,"column":51}},"180":{"start":{"line":279,"column":4},"end":{"line":279,"column":76}},"181":{"start":{"line":280,"column":2},"end":{"line":280,"column":34}},"182":{"start":{"line":280,"column":27},"end":{"line":280,"column":34}},"183":{"start":{"line":283,"column":4},"end":{"line":283,"column":22}},"184":{"start":{"line":284,"column":18},"end":{"line":284,"column":64}},"185":{"start":{"line":286,"column":4},"end":{"line":288,"column":9}},"186":{"start":{"line":290,"column":4},"end":{"line":290,"column":77}},"187":{"start":{"line":292,"column":2},"end":{"line":292,"column":82}},"188":{"start":{"line":293,"column":2},"end":{"line":293,"column":60}},"189":{"start":{"line":294,"column":2},"end":{"line":294,"column":86}},"190":{"start":{"line":295,"column":2},"end":{"line":295,"column":60}},"191":{"start":{"line":296,"column":2},"end":{"line":296,"column":59}},"192":{"start":{"line":298,"column":29},"end":{"line":298,"column":65}},"193":{"start":{"line":299,"column":23},"end":{"line":299,"column":74}},"194":{"start":{"line":301,"column":4},"end":{"line":303,"column":26}},"195":{"start":{"line":304,"column":25},"end":{"line":304,"column":57}},"196":{"start":{"line":305,"column":27},"end":{"line":305,"column":62}},"197":{"start":{"line":307,"column":4},"end":{"line":309,"column":9}},"198":{"start":{"line":311,"column":2},"end":{"line":311,"column":58}},"199":{"start":{"line":312,"column":2},"end":{"line":312,"column":57}},"200":{"start":{"line":313,"column":2},"end":{"line":313,"column":70}},"201":{"start":{"line":314,"column":2},"end":{"line":314,"column":80}},"202":{"start":{"line":315,"column":26},"end":{"line":315,"column":66}},"203":{"start":{"line":316,"column":2},"end":{"line":316,"column":157}},"204":{"start":{"line":318,"column":31},"end":{"line":318,"column":70}},"205":{"start":{"line":320,"column":4},"end":{"line":322,"column":21}},"206":{"start":{"line":323,"column":31},"end":{"line":323,"column":72}},"207":{"start":{"line":325,"column":4},"end":{"line":327,"column":9}},"208":{"start":{"line":329,"column":2},"end":{"line":329,"column":66}},"209":{"start":{"line":330,"column":2},"end":{"line":330,"column":65}},"210":{"start":{"line":331,"column":2},"end":{"line":331,"column":78}},"211":{"start":{"line":332,"column":2},"end":{"line":334,"column":6}},"212":{"start":{"line":337,"column":37},"end":{"line":357,"column":1}},"213":{"start":{"line":345,"column":2},"end":{"line":345,"column":42}},"214":{"start":{"line":346,"column":2},"end":{"line":346,"column":40}},"215":{"start":{"line":347,"column":2},"end":{"line":347,"column":36}},"216":{"start":{"line":348,"column":2},"end":{"line":354,"column":3}},"217":{"start":{"line":349,"column":4},"end":{"line":349,"column":51}},"218":{"start":{"line":350,"column":4},"end":{"line":350,"column":48}},"219":{"start":{"line":352,"column":4},"end":{"line":352,"column":59}},"220":{"start":{"line":353,"column":4},"end":{"line":353,"column":53}},"221":{"start":{"line":355,"column":2},"end":{"line":355,"column":47}},"222":{"start":{"line":356,"column":2},"end":{"line":356,"column":46}},"223":{"start":{"line":359,"column":37},"end":{"line":364,"column":1}},"224":{"start":{"line":360,"column":2},"end":{"line":360,"column":49}},"225":{"start":{"line":361,"column":2},"end":{"line":363,"column":10}},"226":{"start":{"line":362,"column":4},"end":{"line":362,"column":49}},"227":{"start":{"line":366,"column":31},"end":{"line":385,"column":1}},"228":{"start":{"line":367,"column":17},"end":{"line":367,"column":33}},"229":{"start":{"line":368,"column":2},"end":{"line":380,"column":5}},"230":{"start":{"line":369,"column":33},"end":{"line":369,"column":70}},"231":{"start":{"line":370,"column":24},"end":{"line":370,"column":60}},"232":{"start":{"line":371,"column":4},"end":{"line":379,"column":5}},"233":{"start":{"line":372,"column":6},"end":{"line":372,"column":39}},"234":{"start":{"line":373,"column":6},"end":{"line":373,"column":74}},"235":{"start":{"line":373,"column":23},"end":{"line":373,"column":74}},"236":{"start":{"line":374,"column":6},"end":{"line":374,"column":48}},"237":{"start":{"line":375,"column":11},"end":{"line":379,"column":5}},"238":{"start":{"line":376,"column":6},"end":{"line":376,"column":42}},"239":{"start":{"line":377,"column":6},"end":{"line":377,"column":73}},"240":{"start":{"line":377,"column":23},"end":{"line":377,"column":73}},"241":{"start":{"line":378,"column":6},"end":{"line":378,"column":49}},"242":{"start":{"line":381,"column":2},"end":{"line":384,"column":4}},"243":{"start":{"line":387,"column":34},"end":{"line":411,"column":1}},"244":{"start":{"line":388,"column":16},"end":{"line":388,"column":39}},"245":{"start":{"line":389,"column":15},"end":{"line":389,"column":28}},"246":{"start":{"line":390,"column":15},"end":{"line":390,"column":59}},"247":{"start":{"line":391,"column":2},"end":{"line":391,"column":47}},"248":{"start":{"line":392,"column":2},"end":{"line":392,"column":45}},"249":{"start":{"line":394,"column":2},"end":{"line":410,"column":3}},"250":{"start":{"line":395,"column":4},"end":{"line":404,"column":5}},"251":{"start":{"line":396,"column":6},"end":{"line":396,"column":42}},"252":{"start":{"line":397,"column":26},"end":{"line":397,"column":62}},"253":{"start":{"line":398,"column":6},"end":{"line":398,"column":73}},"254":{"start":{"line":398,"column":23},"end":{"line":398,"column":73}},"255":{"start":{"line":399,"column":6},"end":{"line":399,"column":49}},"256":{"start":{"line":400,"column":6},"end":{"line":403,"column":8}},"257":{"start":{"line":405,"column":4},"end":{"line":405,"column":50}},"258":{"start":{"line":406,"column":4},"end":{"line":406,"column":56}},"259":{"start":{"line":408,"column":4},"end":{"line":408,"column":48}},"260":{"start":{"line":409,"column":4},"end":{"line":409,"column":51}},"261":{"start":{"line":413,"column":26},"end":{"line":416,"column":1}},"262":{"start":{"line":414,"column":2},"end":{"line":414,"column":45}},"263":{"start":{"line":415,"column":2},"end":{"line":415,"column":39}},"264":{"start":{"line":418,"column":33},"end":{"line":448,"column":1}},"265":{"start":{"line":419,"column":16},"end":{"line":419,"column":48}},"266":{"start":{"line":420,"column":22},"end":{"line":420,"column":65}},"267":{"start":{"line":421,"column":20},"end":{"line":421,"column":69}},"268":{"start":{"line":424,"column":23},"end":{"line":424,"column":52}},"269":{"start":{"line":424,"column":29},"end":{"line":424,"column":52}},"270":{"start":{"line":426,"column":17},"end":{"line":432,"column":3}},"271":{"start":{"line":427,"column":14},"end":{"line":427,"column":44}},"272":{"start":{"line":428,"column":16},"end":{"line":428,"column":44}},"273":{"start":{"line":429,"column":16},"end":{"line":429,"column":51}},"274":{"start":{"line":430,"column":4},"end":{"line":430,"column":51}},"275":{"start":{"line":431,"column":4},"end":{"line":431,"column":22}},"276":{"start":{"line":434,"column":2},"end":{"line":437,"column":5}},"277":{"start":{"line":435,"column":4},"end":{"line":435,"column":51}},"278":{"start":{"line":436,"column":4},"end":{"line":436,"column":86}},"279":{"start":{"line":436,"column":33},"end":{"line":436,"column":79}},"280":{"start":{"line":439,"column":2},"end":{"line":442,"column":5}},"281":{"start":{"line":440,"column":4},"end":{"line":440,"column":49}},"282":{"start":{"line":441,"column":4},"end":{"line":441,"column":84}},"283":{"start":{"line":441,"column":33},"end":{"line":441,"column":77}},"284":{"start":{"line":444,"column":2},"end":{"line":444,"column":56}},"285":{"start":{"line":445,"column":2},"end":{"line":445,"column":59}},"286":{"start":{"line":446,"column":2},"end":{"line":446,"column":54}},"287":{"start":{"line":447,"column":2},"end":{"line":447,"column":57}}},"fnMap":{"0":{"name":"(anonymous_0)","decl":{"start":{"line":5,"column":17},"end":{"line":5,"column":18}},"loc":{"start":{"line":5,"column":26},"end":{"line":5,"column":53}},"line":5},"1":{"name":"(anonymous_1)","decl":{"start":{"line":6,"column":18},"end":{"line":6,"column":19}},"loc":{"start":{"line":6,"column":27},"end":{"line":6,"column":62}},"line":6},"2":{"name":"(anonymous_2)","decl":{"start":{"line":8,"column":26},"end":{"line":8,"column":27}},"loc":{"start":{"line":8,"column":44},"end":{"line":23,"column":1}},"line":8},"3":{"name":"(anonymous_3)","decl":{"start":{"line":26,"column":37},"end":{"line":26,"column":38}},"loc":{"start":{"line":26,"column":70},"end":{"line":39,"column":1}},"line":26},"4":{"name":"(anonymous_4)","decl":{"start":{"line":27,"column":50},"end":{"line":27,"column":51}},"loc":{"start":{"line":27,"column":59},"end":{"line":38,"column":3}},"line":27},"5":{"name":"(anonymous_5)","decl":{"start":{"line":41,"column":33},"end":{"line":41,"column":34}},"loc":{"start":{"line":41,"column":53},"end":{"line":47,"column":1}},"line":41},"6":{"name":"(anonymous_6)","decl":{"start":{"line":43,"column":46},"end":{"line":43,"column":47}},"loc":{"start":{"line":43,"column":56},"end":{"line":43,"column":70}},"line":43},"7":{"name":"(anonymous_7)","decl":{"start":{"line":49,"column":27},"end":{"line":49,"column":28}},"loc":{"start":{"line":49,"column":58},"end":{"line":91,"column":1}},"line":49},"8":{"name":"(anonymous_8)","decl":{"start":{"line":55,"column":11},"end":{"line":55,"column":12}},"loc":{"start":{"line":55,"column":21},"end":{"line":87,"column":7}},"line":55},"9":{"name":"(anonymous_9)","decl":{"start":{"line":93,"column":29},"end":{"line":93,"column":30}},"loc":{"start":{"line":93,"column":62},"end":{"line":184,"column":1}},"line":93},"10":{"name":"(anonymous_10)","decl":{"start":{"line":95,"column":4},"end":{"line":95,"column":5}},"loc":{"start":{"line":95,"column":15},"end":{"line":95,"column":51}},"line":95},"11":{"name":"(anonymous_11)","decl":{"start":{"line":115,"column":24},"end":{"line":115,"column":25}},"loc":{"start":{"line":115,"column":32},"end":{"line":179,"column":3}},"line":115},"12":{"name":"(anonymous_12)","decl":{"start":{"line":186,"column":33},"end":{"line":186,"column":34}},"loc":{"start":{"line":186,"column":48},"end":{"line":200,"column":1}},"line":186},"13":{"name":"(anonymous_13)","decl":{"start":{"line":187,"column":29},"end":{"line":187,"column":30}},"loc":{"start":{"line":187,"column":36},"end":{"line":190,"column":3}},"line":187},"14":{"name":"(anonymous_14)","decl":{"start":{"line":204,"column":31},"end":{"line":204,"column":32}},"loc":{"start":{"line":204,"column":44},"end":{"line":216,"column":1}},"line":204},"15":{"name":"(anonymous_15)","decl":{"start":{"line":218,"column":34},"end":{"line":218,"column":35}},"loc":{"start":{"line":218,"column":53},"end":{"line":229,"column":1}},"line":218},"16":{"name":"(anonymous_16)","decl":{"start":{"line":231,"column":34},"end":{"line":231,"column":35}},"loc":{"start":{"line":231,"column":49},"end":{"line":252,"column":1}},"line":231},"17":{"name":"(anonymous_17)","decl":{"start":{"line":254,"column":35},"end":{"line":254,"column":36}},"loc":{"start":{"line":254,"column":52},"end":{"line":273,"column":1}},"line":254},"18":{"name":"(anonymous_18)","decl":{"start":{"line":275,"column":34},"end":{"line":275,"column":35}},"loc":{"start":{"line":275,"column":56},"end":{"line":335,"column":1}},"line":275},"19":{"name":"(anonymous_19)","decl":{"start":{"line":337,"column":37},"end":{"line":337,"column":38}},"loc":{"start":{"line":344,"column":5},"end":{"line":357,"column":1}},"line":344},"20":{"name":"(anonymous_20)","decl":{"start":{"line":359,"column":37},"end":{"line":359,"column":38}},"loc":{"start":{"line":359,"column":51},"end":{"line":364,"column":1}},"line":359},"21":{"name":"(anonymous_21)","decl":{"start":{"line":361,"column":13},"end":{"line":361,"column":14}},"loc":{"start":{"line":361,"column":19},"end":{"line":363,"column":3}},"line":361},"22":{"name":"(anonymous_22)","decl":{"start":{"line":366,"column":31},"end":{"line":366,"column":32}},"loc":{"start":{"line":366,"column":52},"end":{"line":385,"column":1}},"line":366},"23":{"name":"(anonymous_23)","decl":{"start":{"line":368,"column":17},"end":{"line":368,"column":18}},"loc":{"start":{"line":368,"column":28},"end":{"line":380,"column":3}},"line":368},"24":{"name":"(anonymous_24)","decl":{"start":{"line":387,"column":34},"end":{"line":387,"column":35}},"loc":{"start":{"line":387,"column":56},"end":{"line":411,"column":1}},"line":387},"25":{"name":"(anonymous_25)","decl":{"start":{"line":413,"column":26},"end":{"line":413,"column":27}},"loc":{"start":{"line":413,"column":37},"end":{"line":416,"column":1}},"line":413},"26":{"name":"(anonymous_26)","decl":{"start":{"line":418,"column":33},"end":{"line":418,"column":34}},"loc":{"start":{"line":418,"column":48},"end":{"line":448,"column":1}},"line":418},"27":{"name":"(anonymous_27)","decl":{"start":{"line":424,"column":23},"end":{"line":424,"column":24}},"loc":{"start":{"line":424,"column":29},"end":{"line":424,"column":52}},"line":424},"28":{"name":"(anonymous_28)","decl":{"start":{"line":426,"column":17},"end":{"line":426,"column":18}},"loc":{"start":{"line":426,"column":27},"end":{"line":432,"column":3}},"line":426},"29":{"name":"(anonymous_29)","decl":{"start":{"line":434,"column":44},"end":{"line":434,"column":45}},"loc":{"start":{"line":434,"column":50},"end":{"line":437,"column":3}},"line":434},"30":{"name":"(anonymous_30)","decl":{"start":{"line":436,"column":27},"end":{"line":436,"column":28}},"loc":{"start":{"line":436,"column":33},"end":{"line":436,"column":79}},"line":436},"31":{"name":"(anonymous_31)","decl":{"start":{"line":439,"column":42},"end":{"line":439,"column":43}},"loc":{"start":{"line":439,"column":48},"end":{"line":442,"column":3}},"line":439},"32":{"name":"(anonymous_32)","decl":{"start":{"line":441,"column":27},"end":{"line":441,"column":28}},"loc":{"start":{"line":441,"column":33},"end":{"line":441,"column":77}},"line":441}},"branchMap":{"0":{"loc":{"start":{"line":10,"column":2},"end":{"line":10,"column":58}},"type":"if","locations":[{"start":{"line":10,"column":2},"end":{"line":10,"column":58}},{"start":{},"end":{}}],"line":10},"1":{"loc":{"start":{"line":10,"column":6},"end":{"line":10,"column":44}},"type":"binary-expr","locations":[{"start":{"line":10,"column":6},"end":{"line":10,"column":25}},{"start":{"line":10,"column":29},"end":{"line":10,"column":44}}],"line":10},"2":{"loc":{"start":{"line":11,"column":2},"end":{"line":11,"column":27}},"type":"if","locations":[{"start":{"line":11,"column":2},"end":{"line":11,"column":27}},{"start":{},"end":{}}],"line":11},"3":{"loc":{"start":{"line":18,"column":2},"end":{"line":18,"column":41}},"type":"if","locations":[{"start":{"line":18,"column":2},"end":{"line":18,"column":41}},{"start":{},"end":{}}],"line":18},"4":{"loc":{"start":{"line":19,"column":2},"end":{"line":19,"column":45}},"type":"if","locations":[{"start":{"line":19,"column":2},"end":{"line":19,"column":45}},{"start":{},"end":{}}],"line":19},"5":{"loc":{"start":{"line":20,"column":2},"end":{"line":20,"column":79}},"type":"if","locations":[{"start":{"line":20,"column":2},"end":{"line":20,"column":79}},{"start":{},"end":{}}],"line":20},"6":{"loc":{"start":{"line":20,"column":6},"end":{"line":20,"column":51}},"type":"binary-expr","locations":[{"start":{"line":20,"column":6},"end":{"line":20,"column":17}},{"start":{"line":20,"column":22},"end":{"line":20,"column":33}},{"start":{"line":20,"column":37},"end":{"line":20,"column":50}}],"line":20},"7":{"loc":{"start":{"line":22,"column":9},"end":{"line":22,"column":49}},"type":"cond-expr","locations":[{"start":{"line":22,"column":22},"end":{"line":22,"column":37}},{"start":{"line":22,"column":40},"end":{"line":22,"column":49}}],"line":22},"8":{"loc":{"start":{"line":30,"column":36},"end":{"line":30,"column":60}},"type":"cond-expr","locations":[{"start":{"line":30,"column":47},"end":{"line":30,"column":55}},{"start":{"line":30,"column":58},"end":{"line":30,"column":60}}],"line":30},"9":{"loc":{"start":{"line":32,"column":31},"end":{"line":32,"column":67}},"type":"cond-expr","locations":[{"start":{"line":32,"column":42},"end":{"line":32,"column":51}},{"start":{"line":32,"column":54},"end":{"line":32,"column":67}}],"line":32},"10":{"loc":{"start":{"line":50,"column":41},"end":{"line":50,"column":78}},"type":"cond-expr","locations":[{"start":{"line":50,"column":62},"end":{"line":50,"column":69}},{"start":{"line":50,"column":72},"end":{"line":50,"column":78}}],"line":50},"11":{"loc":{"start":{"line":51,"column":2},"end":{"line":89,"column":3}},"type":"if","locations":[{"start":{"line":51,"column":2},"end":{"line":89,"column":3}},{"start":{"line":53,"column":9},"end":{"line":89,"column":3}}],"line":51},"12":{"loc":{"start":{"line":57,"column":10},"end":{"line":57,"column":70}},"type":"binary-expr","locations":[{"start":{"line":57,"column":10},"end":{"line":57,"column":42}},{"start":{"line":57,"column":46},"end":{"line":57,"column":70}}],"line":57},"13":{"loc":{"start":{"line":59,"column":10},"end":{"line":61,"column":67}},"type":"cond-expr","locations":[{"start":{"line":60,"column":14},"end":{"line":60,"column":22}},{"start":{"line":61,"column":14},"end":{"line":61,"column":67}}],"line":59},"14":{"loc":{"start":{"line":62,"column":30},"end":{"line":62,"column":52}},"type":"binary-expr","locations":[{"start":{"line":62,"column":30},"end":{"line":62,"column":47}},{"start":{"line":62,"column":51},"end":{"line":62,"column":52}}],"line":62},"15":{"loc":{"start":{"line":63,"column":26},"end":{"line":63,"column":79}},"type":"cond-expr","locations":[{"start":{"line":63,"column":54},"end":{"line":63,"column":57}},{"start":{"line":63,"column":60},"end":{"line":63,"column":79}}],"line":63},"16":{"loc":{"start":{"line":69,"column":47},"end":{"line":69,"column":69}},"type":"binary-expr","locations":[{"start":{"line":69,"column":47},"end":{"line":69,"column":63}},{"start":{"line":69,"column":67},"end":{"line":69,"column":69}}],"line":69},"17":{"loc":{"start":{"line":95,"column":20},"end":{"line":95,"column":50}},"type":"binary-expr","locations":[{"start":{"line":95,"column":20},"end":{"line":95,"column":45}},{"start":{"line":95,"column":49},"end":{"line":95,"column":50}}],"line":95},"18":{"loc":{"start":{"line":102,"column":2},"end":{"line":109,"column":3}},"type":"if","locations":[{"start":{"line":102,"column":2},"end":{"line":109,"column":3}},{"start":{},"end":{}}],"line":102},"19":{"loc":{"start":{"line":117,"column":4},"end":{"line":117,"column":22}},"type":"if","locations":[{"start":{"line":117,"column":4},"end":{"line":117,"column":22}},{"start":{},"end":{}}],"line":117},"20":{"loc":{"start":{"line":118,"column":21},"end":{"line":118,"column":81}},"type":"binary-expr","locations":[{"start":{"line":118,"column":21},"end":{"line":118,"column":53}},{"start":{"line":118,"column":57},"end":{"line":118,"column":81}}],"line":118},"21":{"loc":{"start":{"line":121,"column":40},"end":{"line":121,"column":67}},"type":"cond-expr","locations":[{"start":{"line":121,"column":52},"end":{"line":121,"column":62}},{"start":{"line":121,"column":65},"end":{"line":121,"column":67}}],"line":121},"22":{"loc":{"start":{"line":123,"column":4},"end":{"line":123,"column":64}},"type":"if","locations":[{"start":{"line":123,"column":4},"end":{"line":123,"column":64}},{"start":{},"end":{}}],"line":123},"23":{"loc":{"start":{"line":126,"column":4},"end":{"line":131,"column":5}},"type":"if","locations":[{"start":{"line":126,"column":4},"end":{"line":131,"column":5}},{"start":{},"end":{}}],"line":126},"24":{"loc":{"start":{"line":127,"column":35},"end":{"line":127,"column":96}},"type":"binary-expr","locations":[{"start":{"line":127,"column":35},"end":{"line":127,"column":91}},{"start":{"line":127,"column":95},"end":{"line":127,"column":96}}],"line":127},"25":{"loc":{"start":{"line":128,"column":6},"end":{"line":130,"column":7}},"type":"if","locations":[{"start":{"line":128,"column":6},"end":{"line":130,"column":7}},{"start":{},"end":{}}],"line":128},"26":{"loc":{"start":{"line":128,"column":10},"end":{"line":128,"column":80}},"type":"binary-expr","locations":[{"start":{"line":128,"column":10},"end":{"line":128,"column":33}},{"start":{"line":128,"column":37},"end":{"line":128,"column":80}}],"line":128},"27":{"loc":{"start":{"line":148,"column":4},"end":{"line":172,"column":5}},"type":"if","locations":[{"start":{"line":148,"column":4},"end":{"line":172,"column":5}},{"start":{"line":166,"column":11},"end":{"line":172,"column":5}}],"line":148},"28":{"loc":{"start":{"line":192,"column":2},"end":{"line":199,"column":3}},"type":"if","locations":[{"start":{"line":192,"column":2},"end":{"line":199,"column":3}},{"start":{},"end":{}}],"line":192},"29":{"loc":{"start":{"line":197,"column":8},"end":{"line":197,"column":67}},"type":"cond-expr","locations":[{"start":{"line":197,"column":36},"end":{"line":197,"column":49}},{"start":{"line":197,"column":52},"end":{"line":197,"column":67}}],"line":197},"30":{"loc":{"start":{"line":224,"column":35},"end":{"line":224,"column":56}},"type":"binary-expr","locations":[{"start":{"line":224,"column":35},"end":{"line":224,"column":51}},{"start":{"line":224,"column":55},"end":{"line":224,"column":56}}],"line":224},"31":{"loc":{"start":{"line":225,"column":36},"end":{"line":225,"column":58}},"type":"binary-expr","locations":[{"start":{"line":225,"column":36},"end":{"line":225,"column":53}},{"start":{"line":225,"column":57},"end":{"line":225,"column":58}}],"line":225},"32":{"loc":{"start":{"line":226,"column":38},"end":{"line":226,"column":62}},"type":"binary-expr","locations":[{"start":{"line":226,"column":38},"end":{"line":226,"column":57}},{"start":{"line":226,"column":61},"end":{"line":226,"column":62}}],"line":226},"33":{"loc":{"start":{"line":257,"column":2},"end":{"line":272,"column":3}},"type":"if","locations":[{"start":{"line":257,"column":2},"end":{"line":272,"column":3}},{"start":{},"end":{}}],"line":257},"34":{"loc":{"start":{"line":257,"column":6},"end":{"line":257,"column":32}},"type":"binary-expr","locations":[{"start":{"line":257,"column":6},"end":{"line":257,"column":19}},{"start":{"line":257,"column":23},"end":{"line":257,"column":32}}],"line":257},"35":{"loc":{"start":{"line":260,"column":4},"end":{"line":271,"column":5}},"type":"if","locations":[{"start":{"line":260,"column":4},"end":{"line":271,"column":5}},{"start":{},"end":{}}],"line":260},"36":{"loc":{"start":{"line":261,"column":6},"end":{"line":262,"column":47}},"type":"binary-expr","locations":[{"start":{"line":261,"column":6},"end":{"line":261,"column":41}},{"start":{"line":262,"column":6},"end":{"line":262,"column":47}}],"line":261},"37":{"loc":{"start":{"line":276,"column":2},"end":{"line":276,"column":51}},"type":"if","locations":[{"start":{"line":276,"column":2},"end":{"line":276,"column":51}},{"start":{},"end":{}}],"line":276},"38":{"loc":{"start":{"line":280,"column":2},"end":{"line":280,"column":34}},"type":"if","locations":[{"start":{"line":280,"column":2},"end":{"line":280,"column":34}},{"start":{},"end":{}}],"line":280},"39":{"loc":{"start":{"line":286,"column":4},"end":{"line":288,"column":9}},"type":"cond-expr","locations":[{"start":{"line":287,"column":8},"end":{"line":287,"column":56}},{"start":{"line":288,"column":8},"end":{"line":288,"column":9}}],"line":286},"40":{"loc":{"start":{"line":290,"column":5},"end":{"line":290,"column":66}},"type":"binary-expr","locations":[{"start":{"line":290,"column":5},"end":{"line":290,"column":61}},{"start":{"line":290,"column":65},"end":{"line":290,"column":66}}],"line":290},"41":{"loc":{"start":{"line":301,"column":5},"end":{"line":303,"column":10}},"type":"binary-expr","locations":[{"start":{"line":301,"column":5},"end":{"line":303,"column":5}},{"start":{"line":303,"column":9},"end":{"line":303,"column":10}}],"line":301},"42":{"loc":{"start":{"line":307,"column":4},"end":{"line":309,"column":9}},"type":"cond-expr","locations":[{"start":{"line":308,"column":8},"end":{"line":308,"column":63}},{"start":{"line":309,"column":8},"end":{"line":309,"column":9}}],"line":307},"43":{"loc":{"start":{"line":320,"column":5},"end":{"line":322,"column":10}},"type":"binary-expr","locations":[{"start":{"line":320,"column":5},"end":{"line":322,"column":5}},{"start":{"line":322,"column":9},"end":{"line":322,"column":10}}],"line":320},"44":{"loc":{"start":{"line":325,"column":4},"end":{"line":327,"column":9}},"type":"cond-expr","locations":[{"start":{"line":326,"column":8},"end":{"line":326,"column":69}},{"start":{"line":327,"column":8},"end":{"line":327,"column":9}}],"line":325},"45":{"loc":{"start":{"line":343,"column":2},"end":{"line":343,"column":18}},"type":"default-arg","locations":[{"start":{"line":343,"column":9},"end":{"line":343,"column":18}}],"line":343},"46":{"loc":{"start":{"line":348,"column":2},"end":{"line":354,"column":3}},"type":"if","locations":[{"start":{"line":348,"column":2},"end":{"line":354,"column":3}},{"start":{"line":351,"column":9},"end":{"line":354,"column":3}}],"line":348},"47":{"loc":{"start":{"line":371,"column":4},"end":{"line":379,"column":5}},"type":"if","locations":[{"start":{"line":371,"column":4},"end":{"line":379,"column":5}},{"start":{"line":375,"column":11},"end":{"line":379,"column":5}}],"line":371},"48":{"loc":{"start":{"line":371,"column":8},"end":{"line":371,"column":41}},"type":"binary-expr","locations":[{"start":{"line":371,"column":8},"end":{"line":371,"column":16}},{"start":{"line":371,"column":20},"end":{"line":371,"column":41}}],"line":371},"49":{"loc":{"start":{"line":373,"column":6},"end":{"line":373,"column":74}},"type":"if","locations":[{"start":{"line":373,"column":6},"end":{"line":373,"column":74}},{"start":{},"end":{}}],"line":373},"50":{"loc":{"start":{"line":375,"column":11},"end":{"line":379,"column":5}},"type":"if","locations":[{"start":{"line":375,"column":11},"end":{"line":379,"column":5}},{"start":{},"end":{}}],"line":375},"51":{"loc":{"start":{"line":375,"column":15},"end":{"line":375,"column":48}},"type":"binary-expr","locations":[{"start":{"line":375,"column":15},"end":{"line":375,"column":24}},{"start":{"line":375,"column":28},"end":{"line":375,"column":48}}],"line":375},"52":{"loc":{"start":{"line":377,"column":6},"end":{"line":377,"column":73}},"type":"if","locations":[{"start":{"line":377,"column":6},"end":{"line":377,"column":73}},{"start":{},"end":{}}],"line":377},"53":{"loc":{"start":{"line":394,"column":2},"end":{"line":410,"column":3}},"type":"if","locations":[{"start":{"line":394,"column":2},"end":{"line":410,"column":3}},{"start":{"line":407,"column":9},"end":{"line":410,"column":3}}],"line":394},"54":{"loc":{"start":{"line":395,"column":4},"end":{"line":404,"column":5}},"type":"if","locations":[{"start":{"line":395,"column":4},"end":{"line":404,"column":5}},{"start":{},"end":{}}],"line":395},"55":{"loc":{"start":{"line":398,"column":6},"end":{"line":398,"column":73}},"type":"if","locations":[{"start":{"line":398,"column":6},"end":{"line":398,"column":73}},{"start":{},"end":{}}],"line":398},"56":{"loc":{"start":{"line":427,"column":14},"end":{"line":427,"column":44}},"type":"binary-expr","locations":[{"start":{"line":427,"column":14},"end":{"line":427,"column":39}},{"start":{"line":427,"column":43},"end":{"line":427,"column":44}}],"line":427},"57":{"loc":{"start":{"line":428,"column":16},"end":{"line":428,"column":44}},"type":"binary-expr","locations":[{"start":{"line":428,"column":16},"end":{"line":428,"column":39}},{"start":{"line":428,"column":43},"end":{"line":428,"column":44}}],"line":428},"58":{"loc":{"start":{"line":429,"column":16},"end":{"line":429,"column":51}},"type":"binary-expr","locations":[{"start":{"line":429,"column":16},"end":{"line":429,"column":39}},{"start":{"line":429,"column":43},"end":{"line":429,"column":51}}],"line":429}},"s":{"0":2,"1":0,"2":2,"3":0,"4":2,"5":10,"6":10,"7":2,"8":8,"9":2,"10":6,"11":6,"12":6,"13":6,"14":6,"15":6,"16":6,"17":3,"18":6,"19":3,"20":6,"21":5,"22":6,"23":6,"24":2,"25":0,"26":0,"27":0,"28":2,"29":0,"30":0,"31":0,"32":0,"33":2,"34":0,"35":0,"36":0,"37":0,"38":0,"39":0,"40":0,"41":0,"42":0,"43":0,"44":2,"45":0,"46":0,"47":0,"48":0,"49":0,"50":0,"51":0,"52":0,"53":0,"54":0,"55":0,"56":0,"57":0,"58":0,"59":0,"60":0,"61":0,"62":0,"63":0,"64":0,"65":0,"66":0,"67":0,"68":0,"69":0,"70":0,"71":0,"72":0,"73":0,"74":0,"75":0,"76":0,"77":0,"78":0,"79":0,"80":0,"81":0,"82":0,"83":0,"84":0,"85":0,"86":0,"87":0,"88":0,"89":0,"90":0,"91":0,"92":0,"93":0,"94":0,"95":0,"96":0,"97":0,"98":0,"99":0,"100":0,"101":0,"102":0,"103":0,"104":0,"105":0,"106":0,"107":0,"108":0,"109":0,"110":0,"111":0,"112":0,"113":0,"114":0,"115":2,"116":0,"117":0,"118":0,"119":0,"120":0,"121":0,"122":0,"123":2,"124":0,"125":0,"126":0,"127":0,"128":0,"129":0,"130":0,"131":0,"132":0,"133":0,"134":0,"135":2,"136":0,"137":0,"138":0,"139":0,"140":0,"141":0,"142":0,"143":0,"144":0,"145":0,"146":2,"147":0,"148":0,"149":0,"150":0,"151":0,"152":0,"153":0,"154":0,"155":0,"156":0,"157":0,"158":0,"159":0,"160":0,"161":0,"162":0,"163":0,"164":0,"165":0,"166":0,"167":2,"168":0,"169":0,"170":0,"171":0,"172":0,"173":0,"174":0,"175":0,"176":0,"177":2,"178":0,"179":0,"180":0,"181":0,"182":0,"183":0,"184":0,"185":0,"186":0,"187":0,"188":0,"189":0,"190":0,"191":0,"192":0,"193":0,"194":0,"195":0,"196":0,"197":0,"198":0,"199":0,"200":0,"201":0,"202":0,"203":0,"204":0,"205":0,"206":0,"207":0,"208":0,"209":0,"210":0,"211":0,"212":2,"213":0,"214":0,"215":0,"216":0,"217":0,"218":0,"219":0,"220":0,"221":0,"222":0,"223":2,"224":0,"225":0,"226":0,"227":2,"228":0,"229":0,"230":0,"231":0,"232":0,"233":0,"234":0,"235":0,"236":0,"237":0,"238":0,"239":0,"240":0,"241":0,"242":0,"243":2,"244":0,"245":0,"246":0,"247":0,"248":0,"249":0,"250":0,"251":0,"252":0,"253":0,"254":0,"255":0,"256":0,"257":0,"258":0,"259":0,"260":0,"261":2,"262":0,"263":0,"264":2,"265":0,"266":0,"267":0,"268":0,"269":0,"270":0,"271":0,"272":0,"273":0,"274":0,"275":0,"276":0,"277":0,"278":0,"279":0,"280":0,"281":0,"282":0,"283":0,"284":0,"285":0,"286":0,"287":0},"f":{"0":0,"1":0,"2":10,"3":0,"4":0,"5":0,"6":0,"7":0,"8":0,"9":0,"10":0,"11":0,"12":0,"13":0,"14":0,"15":0,"16":0,"17":0,"18":0,"19":0,"20":0,"21":0,"22":0,"23":0,"24":0,"25":0,"26":0,"27":0,"28":0,"29":0,"30":0,"31":0,"32":0},"b":{"0":[2,8],"1":[10,8],"2":[2,6],"3":[3,3],"4":[3,3],"5":[5,1],"6":[6,1,0],"7":[2,4],"8":[0,0],"9":[0,0],"10":[0,0],"11":[0,0],"12":[0,0],"13":[0,0],"14":[0,0],"15":[0,0],"16":[0,0],"17":[0,0],"18":[0,0],"19":[0,0],"20":[0,0],"21":[0,0],"22":[0,0],"23":[0,0],"24":[0,0],"25":[0,0],"26":[0,0],"27":[0,0],"28":[0,0],"29":[0,0],"30":[0,0],"31":[0,0],"32":[0,0],"33":[0,0],"34":[0,0],"35":[0,0],"36":[0,0],"37":[0,0],"38":[0,0],"39":[0,0],"40":[0,0],"41":[0,0],"42":[0,0],"43":[0,0],"44":[0,0],"45":[0],"46":[0,0],"47":[0,0],"48":[0,0],"49":[0,0],"50":[0,0],"51":[0,0],"52":[0,0],"53":[0,0],"54":[0,0],"55":[0,0],"56":[0,0],"57":[0,0],"58":[0,0]},"inputSourceMap":null,"_coverageSchema":"1a1c01bbd47fc00a2c39e90264f33305004495a9","hash":"f1c3bc854a45298d19879fe55ecc8d77e5629cf6"}
}
