TN:
SF:constants.js
FN:16,(anonymous_0)
FNF:1
FNH:1
FNDA:20,(anonymous_0)
DA:3,2
DA:16,20
DA:18,2
DA:19,2
LF:4
LH:4
BRF:0
BRH:0
end_of_record
TN:
SF:runner.js
FN:14,(anonymous_0)
FN:19,(anonymous_1)
FN:36,(anonymous_2)
FN:38,(anonymous_3)
FN:45,(anonymous_4)
FN:63,(anonymous_5)
FN:126,(anonymous_6)
FN:130,(anonymous_7)
FN:134,(anonymous_8)
FN:144,(anonymous_9)
FN:184,(anonymous_10)
FN:192,(anonymous_11)
FN:195,(anonymous_12)
FN:227,(anonymous_13)
FN:229,(anonymous_14)
FN:247,(anonymous_15)
FN:251,(anonymous_16)
FN:277,(anonymous_17)
FN:283,(anonymous_18)
FN:294,(anonymous_19)
FN:309,(anonymous_20)
FN:312,(anonymous_21)
FN:328,(anonymous_22)
FN:347,(anonymous_23)
FN:357,(anonymous_24)
FN:371,(anonymous_25)
FN:375,(anonymous_26)
FN:380,isSessionActive
FN:384,(anonymous_28)
FNF:29
FNH:6
FNDA:0,(anonymous_0)
FNDA:0,(anonymous_1)
FNDA:0,(anonymous_2)
FNDA:0,(anonymous_3)
FNDA:0,(anonymous_4)
FNDA:0,(anonymous_5)
FNDA:0,(anonymous_6)
FNDA:1,(anonymous_7)
FNDA:2,(anonymous_8)
FNDA:4,(anonymous_9)
FNDA:3,(anonymous_10)
FNDA:2,(anonymous_11)
FNDA:3,(anonymous_12)
FNDA:0,(anonymous_13)
FNDA:0,(anonymous_14)
FNDA:0,(anonymous_15)
FNDA:0,(anonymous_16)
FNDA:0,(anonymous_17)
FNDA:0,(anonymous_18)
FNDA:0,(anonymous_19)
FNDA:0,(anonymous_20)
FNDA:0,(anonymous_21)
FNDA:0,(anonymous_22)
FNDA:0,(anonymous_23)
FNDA:0,(anonymous_24)
FNDA:0,(anonymous_25)
FNDA:0,(anonymous_26)
FNDA:0,isSessionActive
FNDA:0,(anonymous_28)
DA:10,1
DA:11,1
DA:12,1
DA:14,1
DA:15,0
DA:16,0
DA:19,1
DA:20,0
DA:22,0
DA:25,0
DA:27,0
DA:28,0
DA:33,0
DA:36,1
DA:37,0
DA:38,0
DA:39,0
DA:40,0
DA:41,0
DA:45,1
DA:47,0
DA:48,0
DA:49,0
DA:50,0
DA:51,0
DA:53,0
DA:55,0
DA:56,0
DA:61,0
DA:62,0
DA:63,0
DA:64,0
DA:65,0
DA:67,0
DA:69,0
DA:78,0
DA:79,0
DA:80,0
DA:83,0
DA:85,0
DA:86,0
DA:87,0
DA:88,0
DA:89,0
DA:90,0
DA:91,0
DA:93,0
DA:95,0
DA:97,0
DA:99,0
DA:100,0
DA:102,0
DA:103,0
DA:104,0
DA:105,0
DA:108,0
DA:114,0
DA:121,0
DA:122,0
DA:126,0
DA:127,0
DA:130,1
DA:131,1
DA:132,1
DA:133,1
DA:134,2
DA:135,1
DA:136,1
DA:137,1
DA:138,1
DA:139,1
DA:141,1
DA:142,2
DA:143,2
DA:144,2
DA:145,4
DA:146,4
DA:147,4
DA:148,4
DA:149,4
DA:151,4
DA:152,0
DA:155,4
DA:156,4
DA:157,3
DA:158,3
DA:159,3
DA:160,3
DA:161,3
DA:162,0
DA:166,0
DA:172,3
DA:178,3
DA:181,2
DA:182,2
DA:183,2
DA:184,2
DA:185,3
DA:186,3
DA:190,1
DA:191,1
DA:192,1
DA:193,2
DA:194,2
DA:195,2
DA:196,3
DA:197,3
DA:199,3
DA:203,3
DA:210,3
DA:211,3
DA:215,1
DA:227,1
DA:228,0
DA:229,0
DA:230,0
DA:231,0
DA:233,0
DA:234,0
DA:236,0
DA:243,0
DA:244,0
DA:245,0
DA:246,0
DA:247,0
DA:248,0
DA:251,1
DA:252,0
DA:253,0
DA:254,0
DA:255,0
DA:257,0
DA:259,0
DA:260,0
DA:261,0
DA:263,0
DA:264,0
DA:266,0
DA:270,0
DA:271,0
DA:272,0
DA:274,0
DA:277,1
DA:278,0
DA:279,0
DA:280,0
DA:281,0
DA:282,0
DA:283,0
DA:285,0
DA:286,0
DA:288,0
DA:295,0
DA:296,0
DA:301,0
DA:302,0
DA:304,0
DA:305,0
DA:309,0
DA:312,1
DA:313,0
DA:314,0
DA:315,0
DA:316,0
DA:317,0
DA:318,0
DA:322,0
DA:323,0
DA:324,0
DA:325,0
DA:328,1
DA:329,0
DA:333,0
DA:336,0
DA:338,0
DA:340,0
DA:341,0
DA:342,0
DA:344,0
DA:346,0
DA:347,0
DA:350,0
DA:355,0
DA:356,0
DA:357,0
DA:361,0
DA:362,0
DA:363,0
DA:364,0
DA:365,0
DA:366,0
DA:367,0
DA:371,1
DA:372,0
DA:375,1
DA:376,0
DA:377,0
DA:381,0
DA:384,1
DA:385,0
DA:387,0
DA:388,0
DA:390,0
DA:391,0
DA:392,0
DA:393,0
DA:394,0
DA:395,0
DA:396,0
DA:397,0
DA:398,0
DA:399,0
DA:400,0
DA:401,0
DA:402,0
DA:403,0
DA:404,0
DA:405,0
DA:406,0
DA:407,0
DA:408,0
DA:409,0
DA:410,0
LF:223
LH:63
BRDA:20,0,0,0
BRDA:20,0,1,0
BRDA:27,1,0,0
BRDA:27,1,1,0
BRDA:37,2,0,0
BRDA:37,2,1,0
BRDA:41,3,0,0
BRDA:41,3,1,0
BRDA:50,4,0,0
BRDA:50,4,1,0
BRDA:56,5,0,0
BRDA:56,5,1,0
BRDA:57,6,0,0
BRDA:57,6,1,0
BRDA:61,7,0,0
BRDA:61,7,1,0
BRDA:64,8,0,0
BRDA:64,8,1,0
BRDA:80,9,0,0
BRDA:80,9,1,0
BRDA:83,10,0,0
BRDA:83,10,1,0
BRDA:95,11,0,0
BRDA:95,11,1,0
BRDA:97,12,0,0
BRDA:97,12,1,0
BRDA:109,13,0,0
BRDA:109,13,1,0
BRDA:111,14,0,0
BRDA:111,14,1,0
BRDA:115,15,0,0
BRDA:115,15,1,0
BRDA:117,16,0,0
BRDA:117,16,1,0
BRDA:143,17,0,2
BRDA:143,17,1,0
BRDA:143,18,0,0
BRDA:143,18,1,0
BRDA:146,19,0,0
BRDA:146,19,1,4
BRDA:147,20,0,4
BRDA:147,20,1,0
BRDA:148,21,0,4
BRDA:148,21,1,4
BRDA:149,22,0,4
BRDA:149,22,1,2
BRDA:151,23,0,0
BRDA:151,23,1,4
BRDA:151,24,0,4
BRDA:151,24,1,0
BRDA:155,25,0,2
BRDA:155,25,1,2
BRDA:156,26,0,3
BRDA:156,26,1,1
BRDA:156,27,0,4
BRDA:156,27,1,2
BRDA:156,27,2,2
BRDA:161,28,0,0
BRDA:161,28,1,3
BRDA:181,29,0,2
BRDA:181,29,1,0
BRDA:194,30,0,0
BRDA:194,30,1,2
BRDA:197,31,0,3
BRDA:197,31,1,3
BRDA:199,32,0,0
BRDA:199,32,1,3
BRDA:201,33,0,3
BRDA:201,33,1,0
BRDA:228,34,0,0
BRDA:228,34,1,0
BRDA:231,35,0,0
BRDA:231,35,1,0
BRDA:252,36,0,0
BRDA:252,36,1,0
BRDA:259,37,0,0
BRDA:259,37,1,0
BRDA:263,38,0,0
BRDA:263,38,1,0
BRDA:264,39,0,0
BRDA:264,39,1,0
BRDA:266,40,0,0
BRDA:266,40,1,0
BRDA:277,41,0,0
BRDA:285,42,0,0
BRDA:285,42,1,0
BRDA:286,43,0,0
BRDA:286,43,1,0
BRDA:292,44,0,0
BRDA:292,44,1,0
BRDA:329,45,0,0
BRDA:329,45,1,0
BRDA:330,46,0,0
BRDA:330,46,1,0
BRDA:340,47,0,0
BRDA:340,47,1,0
BRDA:344,48,0,0
BRDA:344,48,1,0
BRDA:351,49,0,0
BRDA:351,49,1,0
BRDA:351,49,2,0
BRDA:361,50,0,0
BRDA:361,50,1,0
BRDA:363,51,0,0
BRDA:363,51,1,0
BRDA:365,52,0,0
BRDA:365,52,1,0
BRDA:366,53,0,0
BRDA:366,53,1,0
BRDA:372,54,0,0
BRDA:372,54,1,0
BRDA:376,55,0,0
BRDA:376,55,1,0
BRDA:376,56,0,0
BRDA:376,56,1,0
BRDA:390,57,0,0
BRDA:390,57,1,0
BRDA:391,58,0,0
BRDA:391,58,1,0
BRDA:392,59,0,0
BRDA:392,59,1,0
BRDA:393,60,0,0
BRDA:393,60,1,0
BRDA:394,61,0,0
BRDA:394,61,1,0
BRDA:395,62,0,0
BRDA:395,62,1,0
BRDA:396,63,0,0
BRDA:396,63,1,0
BRDA:397,64,0,0
BRDA:397,64,1,0
BRDA:398,65,0,0
BRDA:398,65,1,0
BRDA:399,66,0,0
BRDA:399,66,1,0
BRDA:400,67,0,0
BRDA:400,67,1,0
BRDA:401,68,0,0
BRDA:401,68,1,0
BRDA:402,69,0,0
BRDA:402,69,1,0
BRDA:403,70,0,0
BRDA:403,70,1,0
BRDA:404,71,0,0
BRDA:404,71,1,0
BRDA:405,72,0,0
BRDA:405,72,1,0
BRDA:406,73,0,0
BRDA:406,73,1,0
BRDA:407,74,0,0
BRDA:407,74,1,0
BRDA:408,75,0,0
BRDA:408,75,1,0
BRDA:409,76,0,0
BRDA:409,76,1,0
BRDA:410,77,0,0
BRDA:410,77,1,0
BRF:157
BRH:23
end_of_record
TN:
SF:ui.js
FN:6,(anonymous_0)
FN:7,(anonymous_1)
FN:9,(anonymous_2)
FN:27,(anonymous_3)
FN:31,(anonymous_4)
FN:49,(anonymous_5)
FN:51,(anonymous_6)
FN:63,(anonymous_7)
FN:70,(anonymous_8)
FN:158,(anonymous_9)
FN:160,(anonymous_10)
FN:180,(anonymous_11)
FN:250,(anonymous_12)
FN:251,(anonymous_13)
FN:268,(anonymous_14)
FN:282,(anonymous_15)
FN:295,(anonymous_16)
FN:318,(anonymous_17)
FN:339,(anonymous_18)
FN:401,(anonymous_19)
FN:436,(anonymous_20)
FN:441,(anonymous_21)
FN:443,(anonymous_22)
FN:448,(anonymous_23)
FN:450,(anonymous_24)
FN:469,(anonymous_25)
FN:495,(anonymous_26)
FN:500,(anonymous_27)
FN:506,(anonymous_28)
FN:508,(anonymous_29)
FN:516,(anonymous_30)
FN:518,(anonymous_31)
FN:521,(anonymous_32)
FN:523,(anonymous_33)
FN:533,(anonymous_34)
FN:557,(anonymous_35)
FN:559,(anonymous_36)
FNF:37
FNH:1
FNDA:0,(anonymous_0)
FNDA:0,(anonymous_1)
FNDA:10,(anonymous_2)
FNDA:0,(anonymous_3)
FNDA:0,(anonymous_4)
FNDA:0,(anonymous_5)
FNDA:0,(anonymous_6)
FNDA:0,(anonymous_7)
FNDA:0,(anonymous_8)
FNDA:0,(anonymous_9)
FNDA:0,(anonymous_10)
FNDA:0,(anonymous_11)
FNDA:0,(anonymous_12)
FNDA:0,(anonymous_13)
FNDA:0,(anonymous_14)
FNDA:0,(anonymous_15)
FNDA:0,(anonymous_16)
FNDA:0,(anonymous_17)
FNDA:0,(anonymous_18)
FNDA:0,(anonymous_19)
FNDA:0,(anonymous_20)
FNDA:0,(anonymous_21)
FNDA:0,(anonymous_22)
FNDA:0,(anonymous_23)
FNDA:0,(anonymous_24)
FNDA:0,(anonymous_25)
FNDA:0,(anonymous_26)
FNDA:0,(anonymous_27)
FNDA:0,(anonymous_28)
FNDA:0,(anonymous_29)
FNDA:0,(anonymous_30)
FNDA:0,(anonymous_31)
FNDA:0,(anonymous_32)
FNDA:0,(anonymous_33)
FNDA:0,(anonymous_34)
FNDA:0,(anonymous_35)
FNDA:0,(anonymous_36)
DA:6,2
DA:7,2
DA:9,2
DA:10,10
DA:11,10
DA:12,8
DA:13,6
DA:14,6
DA:15,6
DA:16,6
DA:17,6
DA:18,6
DA:19,6
DA:20,6
DA:21,6
DA:22,6
DA:23,6
DA:27,2
DA:29,0
DA:30,0
DA:31,0
DA:32,0
DA:33,0
DA:34,0
DA:35,0
DA:36,0
DA:38,0
DA:39,0
DA:40,0
DA:41,0
DA:42,0
DA:43,0
DA:44,0
DA:46,0
DA:49,2
DA:50,0
DA:51,0
DA:52,0
DA:53,0
DA:54,0
DA:55,0
DA:56,0
DA:57,0
DA:58,0
DA:59,0
DA:60,0
DA:63,2
DA:64,0
DA:66,0
DA:67,0
DA:68,0
DA:70,0
DA:71,0
DA:72,0
DA:73,0
DA:74,0
DA:76,0
DA:77,0
DA:78,0
DA:80,0
DA:81,0
DA:82,0
DA:83,0
DA:84,0
DA:85,0
DA:86,0
DA:87,0
DA:88,0
DA:89,0
DA:91,0
DA:92,0
DA:93,0
DA:94,0
DA:95,0
DA:96,0
DA:97,0
DA:98,0
DA:99,0
DA:101,0
DA:102,0
DA:103,0
DA:105,0
DA:106,0
DA:107,0
DA:109,0
DA:110,0
DA:111,0
DA:113,0
DA:114,0
DA:115,0
DA:117,0
DA:118,0
DA:119,0
DA:120,0
DA:121,0
DA:122,0
DA:123,0
DA:124,0
DA:125,0
DA:126,0
DA:127,0
DA:128,0
DA:129,0
DA:130,0
DA:131,0
DA:132,0
DA:133,0
DA:134,0
DA:135,0
DA:136,0
DA:137,0
DA:138,0
DA:140,0
DA:141,0
DA:142,0
DA:143,0
DA:144,0
DA:145,0
DA:146,0
DA:147,0
DA:149,0
DA:152,0
DA:153,0
DA:155,0
DA:158,2
DA:159,0
DA:160,0
DA:163,0
DA:164,0
DA:167,0
DA:168,0
DA:169,0
DA:170,0
DA:171,0
DA:172,0
DA:173,0
DA:177,0
DA:178,0
DA:180,0
DA:181,0
DA:182,0
DA:183,0
DA:184,0
DA:185,0
DA:186,0
DA:187,0
DA:188,0
DA:191,0
DA:192,0
DA:193,0
DA:194,0
DA:198,0
DA:199,0
DA:200,0
DA:202,0
DA:203,0
DA:204,0
DA:206,0
DA:207,0
DA:208,0
DA:210,0
DA:211,0
DA:212,0
DA:213,0
DA:214,0
DA:215,0
DA:216,0
DA:217,0
DA:218,0
DA:219,0
DA:220,0
DA:221,0
DA:222,0
DA:223,0
DA:224,0
DA:225,0
DA:226,0
DA:227,0
DA:228,0
DA:229,0
DA:231,0
DA:232,0
DA:233,0
DA:234,0
DA:235,0
DA:238,0
DA:239,0
DA:240,0
DA:241,0
DA:242,0
DA:246,0
DA:247,0
DA:250,2
DA:251,0
DA:252,0
DA:253,0
DA:255,0
DA:256,0
DA:257,0
DA:258,0
DA:268,2
DA:269,0
DA:270,0
DA:271,0
DA:272,0
DA:273,0
DA:274,0
DA:275,0
DA:276,0
DA:277,0
DA:278,0
DA:279,0
DA:282,2
DA:283,0
DA:284,0
DA:285,0
DA:286,0
DA:287,0
DA:288,0
DA:289,0
DA:290,0
DA:291,0
DA:292,0
DA:295,2
DA:296,0
DA:297,0
DA:298,0
DA:299,0
DA:300,0
DA:301,0
DA:302,0
DA:303,0
DA:304,0
DA:305,0
DA:306,0
DA:307,0
DA:308,0
DA:309,0
DA:310,0
DA:311,0
DA:312,0
DA:313,0
DA:314,0
DA:315,0
DA:318,2
DA:319,0
DA:320,0
DA:321,0
DA:322,0
DA:323,0
DA:324,0
DA:328,0
DA:330,0
DA:331,0
DA:339,2
DA:340,0
DA:343,0
DA:344,0
DA:347,0
DA:348,0
DA:350,0
DA:354,0
DA:356,0
DA:357,0
DA:358,0
DA:359,0
DA:360,0
DA:362,0
DA:363,0
DA:365,0
DA:368,0
DA:369,0
DA:371,0
DA:375,0
DA:376,0
DA:377,0
DA:378,0
DA:379,0
DA:380,0
DA:382,0
DA:384,0
DA:387,0
DA:389,0
DA:393,0
DA:394,0
DA:395,0
DA:396,0
DA:401,2
DA:411,0
DA:412,0
DA:413,0
DA:414,0
DA:415,0
DA:423,0
DA:424,0
DA:425,0
DA:426,0
DA:427,0
DA:428,0
DA:430,0
DA:431,0
DA:433,0
DA:435,0
DA:436,0
DA:437,0
DA:441,2
DA:442,0
DA:443,0
DA:444,0
DA:448,2
DA:449,0
DA:450,0
DA:451,0
DA:452,0
DA:453,0
DA:454,0
DA:455,0
DA:456,0
DA:457,0
DA:458,0
DA:459,0
DA:460,0
DA:463,0
DA:469,2
DA:470,0
DA:471,0
DA:472,0
DA:473,0
DA:474,0
DA:476,0
DA:477,0
DA:478,0
DA:479,0
DA:480,0
DA:481,0
DA:482,0
DA:487,0
DA:488,0
DA:490,0
DA:491,0
DA:495,2
DA:496,0
DA:497,0
DA:500,2
DA:501,0
DA:502,0
DA:503,0
DA:506,0
DA:508,0
DA:509,0
DA:510,0
DA:511,0
DA:512,0
DA:513,0
DA:516,0
DA:517,0
DA:518,0
DA:521,0
DA:522,0
DA:523,0
DA:526,0
DA:527,0
DA:528,0
DA:529,0
DA:533,2
DA:535,0
DA:536,0
DA:537,0
DA:545,0
DA:547,0
DA:548,0
DA:551,0
DA:552,0
DA:553,0
DA:554,0
DA:555,0
DA:556,0
DA:557,0
DA:558,0
DA:559,0
DA:560,0
DA:563,0
LF:382
LH:34
BRDA:11,0,0,2
BRDA:11,0,1,8
BRDA:11,1,0,10
BRDA:11,1,1,8
BRDA:12,2,0,2
BRDA:12,2,1,6
BRDA:19,3,0,3
BRDA:19,3,1,3
BRDA:20,4,0,3
BRDA:20,4,1,3
BRDA:21,5,0,5
BRDA:21,5,1,1
BRDA:21,6,0,6
BRDA:21,6,1,1
BRDA:21,6,2,0
BRDA:23,7,0,2
BRDA:23,7,1,4
BRDA:34,8,0,0
BRDA:34,8,1,0
BRDA:36,9,0,0
BRDA:36,9,1,0
BRDA:64,10,0,0
BRDA:64,10,1,0
BRDA:67,11,0,0
BRDA:67,11,1,0
BRDA:71,12,0,0
BRDA:71,12,1,0
BRDA:87,13,0,0
BRDA:87,13,1,0
BRDA:107,14,0,0
BRDA:107,14,1,0
BRDA:111,15,0,0
BRDA:111,15,1,0
BRDA:115,16,0,0
BRDA:115,16,1,0
BRDA:160,17,0,0
BRDA:160,17,1,0
BRDA:167,18,0,0
BRDA:167,18,1,0
BRDA:182,19,0,0
BRDA:182,19,1,0
BRDA:183,20,0,0
BRDA:183,20,1,0
BRDA:186,21,0,0
BRDA:186,21,1,0
BRDA:188,22,0,0
BRDA:188,22,1,0
BRDA:191,23,0,0
BRDA:191,23,1,0
BRDA:192,24,0,0
BRDA:192,24,1,0
BRDA:193,25,0,0
BRDA:193,25,1,0
BRDA:193,26,0,0
BRDA:193,26,1,0
BRDA:212,27,0,0
BRDA:212,27,1,0
BRDA:256,28,0,0
BRDA:256,28,1,0
BRDA:261,29,0,0
BRDA:261,29,1,0
BRDA:288,30,0,0
BRDA:288,30,1,0
BRDA:289,31,0,0
BRDA:289,31,1,0
BRDA:290,32,0,0
BRDA:290,32,1,0
BRDA:321,33,0,0
BRDA:321,33,1,0
BRDA:321,34,0,0
BRDA:321,34,1,0
BRDA:324,35,0,0
BRDA:324,35,1,0
BRDA:325,36,0,0
BRDA:325,36,1,0
BRDA:340,37,0,0
BRDA:340,37,1,0
BRDA:344,38,0,0
BRDA:344,38,1,0
BRDA:350,39,0,0
BRDA:350,39,1,0
BRDA:354,40,0,0
BRDA:354,40,1,0
BRDA:365,41,0,0
BRDA:365,41,1,0
BRDA:371,42,0,0
BRDA:371,42,1,0
BRDA:384,43,0,0
BRDA:384,43,1,0
BRDA:389,44,0,0
BRDA:389,44,1,0
BRDA:407,45,0,0
BRDA:412,46,0,0
BRDA:412,46,1,0
BRDA:412,47,0,0
BRDA:412,47,1,0
BRDA:414,48,0,0
BRDA:414,48,1,0
BRDA:426,49,0,0
BRDA:426,49,1,0
BRDA:437,50,0,0
BRDA:437,50,1,0
BRDA:453,51,0,0
BRDA:453,51,1,0
BRDA:453,52,0,0
BRDA:453,52,1,0
BRDA:455,53,0,0
BRDA:455,53,1,0
BRDA:457,54,0,0
BRDA:457,54,1,0
BRDA:457,55,0,0
BRDA:457,55,1,0
BRDA:459,56,0,0
BRDA:459,56,1,0
BRDA:476,57,0,0
BRDA:476,57,1,0
BRDA:477,58,0,0
BRDA:477,58,1,0
BRDA:480,59,0,0
BRDA:480,59,1,0
BRDA:509,60,0,0
BRDA:509,60,1,0
BRDA:510,61,0,0
BRDA:510,61,1,0
BRDA:511,62,0,0
BRDA:511,62,1,0
BRDA:536,63,0,0
BRDA:536,63,1,0
BRDA:536,64,0,0
BRDA:536,64,1,0
BRDA:545,65,0,0
BRDA:545,65,1,0
BRDA:545,66,0,0
BRDA:545,66,1,0
BRDA:547,67,0,0
BRDA:547,67,1,0
BRDA:547,67,2,0
BRDA:551,68,0,0
BRDA:551,68,1,0
BRDA:551,69,0,0
BRDA:551,69,1,0
BRDA:552,70,0,0
BRDA:552,70,1,0
BRDA:552,71,0,0
BRDA:552,71,1,0
BRDA:553,72,0,0
BRDA:553,72,1,0
BRDA:554,73,0,0
BRDA:554,73,1,0
BRDA:563,74,0,0
BRDA:563,74,1,0
BRF:151
BRH:16
end_of_record
TN:
SF:utils.js
FN:2,(anonymous_0)
FN:5,(anonymous_1)
FN:14,(anonymous_2)
FN:14,(anonymous_3)
FN:22,(anonymous_4)
FNF:5
FNH:0
FNDA:0,(anonymous_0)
FNDA:0,(anonymous_1)
FNDA:0,(anonymous_2)
FNDA:0,(anonymous_3)
FNDA:0,(anonymous_4)
DA:2,2
DA:5,2
DA:6,0
DA:7,0
DA:9,0
DA:14,2
DA:22,2
DA:23,0
DA:24,0
DA:26,0
DA:27,0
LF:11
LH:4
BRDA:5,0,0,0
BRDA:26,1,0,0
BRDA:26,1,1,0
BRF:3
BRH:0
end_of_record
