TN:
SF:constants.js
FN:16,(anonymous_0)
FNF:1
FNH:1
FNDA:20,(anonymous_0)
DA:3,2
DA:16,20
DA:18,2
DA:19,2
LF:4
LH:4
BRF:0
BRH:0
end_of_record
TN:
SF:runner.js
FN:13,(anonymous_0)
FN:18,(anonymous_1)
FN:35,(anonymous_2)
FN:37,(anonymous_3)
FN:44,(anonymous_4)
FN:62,(anonymous_5)
FN:125,(anonymous_6)
FN:129,(anonymous_7)
FN:133,(anonymous_8)
FN:143,(anonymous_9)
FN:183,(anonymous_10)
FN:191,(anonymous_11)
FN:194,(anonymous_12)
FN:226,(anonymous_13)
FN:228,(anonymous_14)
FN:246,(anonymous_15)
FN:250,(anonymous_16)
FN:276,(anonymous_17)
FN:282,(anonymous_18)
FN:293,(anonymous_19)
FN:308,(anonymous_20)
FN:311,(anonymous_21)
FN:327,(anonymous_22)
FN:346,(anonymous_23)
FN:356,(anonymous_24)
FN:370,(anonymous_25)
FN:374,(anonymous_26)
FN:379,isSessionActive
FN:383,(anonymous_28)
FNF:29
FNH:6
FNDA:0,(anonymous_0)
FNDA:0,(anonymous_1)
FNDA:0,(anonymous_2)
FNDA:0,(anonymous_3)
FNDA:0,(anonymous_4)
FNDA:0,(anonymous_5)
FNDA:0,(anonymous_6)
FNDA:1,(anonymous_7)
FNDA:2,(anonymous_8)
FNDA:4,(anonymous_9)
FNDA:3,(anonymous_10)
FNDA:2,(anonymous_11)
FNDA:3,(anonymous_12)
FNDA:0,(anonymous_13)
FNDA:0,(anonymous_14)
FNDA:0,(anonymous_15)
FNDA:0,(anonymous_16)
FNDA:0,(anonymous_17)
FNDA:0,(anonymous_18)
FNDA:0,(anonymous_19)
FNDA:0,(anonymous_20)
FNDA:0,(anonymous_21)
FNDA:0,(anonymous_22)
FNDA:0,(anonymous_23)
FNDA:0,(anonymous_24)
FNDA:0,(anonymous_25)
FNDA:0,(anonymous_26)
FNDA:0,isSessionActive
FNDA:0,(anonymous_28)
DA:10,1
DA:11,1
DA:13,1
DA:14,0
DA:15,0
DA:18,1
DA:19,0
DA:21,0
DA:24,0
DA:26,0
DA:27,0
DA:32,0
DA:35,1
DA:36,0
DA:37,0
DA:38,0
DA:39,0
DA:40,0
DA:44,1
DA:46,0
DA:47,0
DA:48,0
DA:49,0
DA:50,0
DA:52,0
DA:54,0
DA:55,0
DA:60,0
DA:61,0
DA:62,0
DA:63,0
DA:64,0
DA:66,0
DA:68,0
DA:77,0
DA:78,0
DA:79,0
DA:82,0
DA:84,0
DA:85,0
DA:86,0
DA:87,0
DA:88,0
DA:89,0
DA:90,0
DA:92,0
DA:94,0
DA:96,0
DA:98,0
DA:99,0
DA:101,0
DA:102,0
DA:103,0
DA:104,0
DA:107,0
DA:113,0
DA:120,0
DA:121,0
DA:125,0
DA:126,0
DA:129,1
DA:130,1
DA:131,1
DA:132,1
DA:133,2
DA:134,1
DA:135,1
DA:136,1
DA:137,1
DA:138,1
DA:140,1
DA:141,2
DA:142,2
DA:143,2
DA:144,4
DA:145,4
DA:146,4
DA:147,4
DA:148,4
DA:150,4
DA:151,0
DA:154,4
DA:155,4
DA:156,3
DA:157,3
DA:158,3
DA:159,3
DA:160,3
DA:161,0
DA:165,0
DA:171,3
DA:177,3
DA:180,2
DA:181,2
DA:182,2
DA:183,2
DA:184,3
DA:185,3
DA:189,1
DA:190,1
DA:191,1
DA:192,2
DA:193,2
DA:194,2
DA:195,3
DA:196,3
DA:198,3
DA:202,3
DA:209,3
DA:210,3
DA:214,1
DA:226,1
DA:227,0
DA:228,0
DA:229,0
DA:230,0
DA:232,0
DA:233,0
DA:235,0
DA:242,0
DA:243,0
DA:244,0
DA:245,0
DA:246,0
DA:247,0
DA:250,1
DA:251,0
DA:252,0
DA:253,0
DA:254,0
DA:256,0
DA:258,0
DA:259,0
DA:260,0
DA:262,0
DA:263,0
DA:265,0
DA:269,0
DA:270,0
DA:271,0
DA:273,0
DA:276,1
DA:277,0
DA:278,0
DA:279,0
DA:280,0
DA:281,0
DA:282,0
DA:284,0
DA:285,0
DA:287,0
DA:294,0
DA:295,0
DA:300,0
DA:301,0
DA:303,0
DA:304,0
DA:308,0
DA:311,1
DA:312,0
DA:313,0
DA:314,0
DA:315,0
DA:316,0
DA:317,0
DA:321,0
DA:322,0
DA:323,0
DA:324,0
DA:327,1
DA:328,0
DA:332,0
DA:335,0
DA:337,0
DA:339,0
DA:340,0
DA:341,0
DA:343,0
DA:345,0
DA:346,0
DA:349,0
DA:354,0
DA:355,0
DA:356,0
DA:360,0
DA:361,0
DA:362,0
DA:363,0
DA:364,0
DA:365,0
DA:366,0
DA:370,1
DA:371,0
DA:374,1
DA:375,0
DA:376,0
DA:380,0
DA:383,1
DA:384,0
DA:386,0
DA:388,0
DA:389,0
DA:390,0
DA:391,0
DA:392,0
DA:393,0
DA:394,0
DA:395,0
DA:396,0
DA:397,0
DA:398,0
DA:399,0
DA:400,0
DA:401,0
DA:402,0
DA:403,0
DA:404,0
DA:405,0
DA:406,0
DA:407,0
DA:408,0
LF:221
LH:62
BRDA:19,0,0,0
BRDA:19,0,1,0
BRDA:26,1,0,0
BRDA:26,1,1,0
BRDA:36,2,0,0
BRDA:36,2,1,0
BRDA:40,3,0,0
BRDA:40,3,1,0
BRDA:49,4,0,0
BRDA:49,4,1,0
BRDA:55,5,0,0
BRDA:55,5,1,0
BRDA:56,6,0,0
BRDA:56,6,1,0
BRDA:60,7,0,0
BRDA:60,7,1,0
BRDA:63,8,0,0
BRDA:63,8,1,0
BRDA:79,9,0,0
BRDA:79,9,1,0
BRDA:82,10,0,0
BRDA:82,10,1,0
BRDA:94,11,0,0
BRDA:94,11,1,0
BRDA:96,12,0,0
BRDA:96,12,1,0
BRDA:108,13,0,0
BRDA:108,13,1,0
BRDA:110,14,0,0
BRDA:110,14,1,0
BRDA:114,15,0,0
BRDA:114,15,1,0
BRDA:116,16,0,0
BRDA:116,16,1,0
BRDA:142,17,0,2
BRDA:142,17,1,0
BRDA:142,18,0,0
BRDA:142,18,1,0
BRDA:145,19,0,0
BRDA:145,19,1,4
BRDA:146,20,0,4
BRDA:146,20,1,0
BRDA:147,21,0,4
BRDA:147,21,1,4
BRDA:148,22,0,4
BRDA:148,22,1,2
BRDA:150,23,0,0
BRDA:150,23,1,4
BRDA:150,24,0,4
BRDA:150,24,1,0
BRDA:154,25,0,2
BRDA:154,25,1,2
BRDA:155,26,0,3
BRDA:155,26,1,1
BRDA:155,27,0,4
BRDA:155,27,1,2
BRDA:155,27,2,2
BRDA:160,28,0,0
BRDA:160,28,1,3
BRDA:180,29,0,2
BRDA:180,29,1,0
BRDA:193,30,0,0
BRDA:193,30,1,2
BRDA:196,31,0,3
BRDA:196,31,1,3
BRDA:198,32,0,0
BRDA:198,32,1,3
BRDA:200,33,0,3
BRDA:200,33,1,0
BRDA:227,34,0,0
BRDA:227,34,1,0
BRDA:230,35,0,0
BRDA:230,35,1,0
BRDA:251,36,0,0
BRDA:251,36,1,0
BRDA:258,37,0,0
BRDA:258,37,1,0
BRDA:262,38,0,0
BRDA:262,38,1,0
BRDA:263,39,0,0
BRDA:263,39,1,0
BRDA:265,40,0,0
BRDA:265,40,1,0
BRDA:276,41,0,0
BRDA:284,42,0,0
BRDA:284,42,1,0
BRDA:285,43,0,0
BRDA:285,43,1,0
BRDA:291,44,0,0
BRDA:291,44,1,0
BRDA:328,45,0,0
BRDA:328,45,1,0
BRDA:329,46,0,0
BRDA:329,46,1,0
BRDA:339,47,0,0
BRDA:339,47,1,0
BRDA:343,48,0,0
BRDA:343,48,1,0
BRDA:350,49,0,0
BRDA:350,49,1,0
BRDA:350,49,2,0
BRDA:360,50,0,0
BRDA:360,50,1,0
BRDA:362,51,0,0
BRDA:362,51,1,0
BRDA:364,52,0,0
BRDA:364,52,1,0
BRDA:365,53,0,0
BRDA:365,53,1,0
BRDA:371,54,0,0
BRDA:371,54,1,0
BRDA:375,55,0,0
BRDA:375,55,1,0
BRDA:375,56,0,0
BRDA:375,56,1,0
BRDA:388,57,0,0
BRDA:388,57,1,0
BRDA:389,58,0,0
BRDA:389,58,1,0
BRDA:390,59,0,0
BRDA:390,59,1,0
BRDA:391,60,0,0
BRDA:391,60,1,0
BRDA:392,61,0,0
BRDA:392,61,1,0
BRDA:393,62,0,0
BRDA:393,62,1,0
BRDA:394,63,0,0
BRDA:394,63,1,0
BRDA:395,64,0,0
BRDA:395,64,1,0
BRDA:396,65,0,0
BRDA:396,65,1,0
BRDA:397,66,0,0
BRDA:397,66,1,0
BRDA:398,67,0,0
BRDA:398,67,1,0
BRDA:399,68,0,0
BRDA:399,68,1,0
BRDA:400,69,0,0
BRDA:400,69,1,0
BRDA:401,70,0,0
BRDA:401,70,1,0
BRDA:402,71,0,0
BRDA:402,71,1,0
BRDA:403,72,0,0
BRDA:403,72,1,0
BRDA:404,73,0,0
BRDA:404,73,1,0
BRDA:405,74,0,0
BRDA:405,74,1,0
BRDA:406,75,0,0
BRDA:406,75,1,0
BRDA:407,76,0,0
BRDA:407,76,1,0
BRDA:408,77,0,0
BRDA:408,77,1,0
BRF:157
BRH:23
end_of_record
TN:
SF:ui.js
FN:6,(anonymous_0)
FN:7,(anonymous_1)
FN:9,(anonymous_2)
FN:27,(anonymous_3)
FN:31,(anonymous_4)
FN:49,(anonymous_5)
FN:51,(anonymous_6)
FN:63,(anonymous_7)
FN:70,(anonymous_8)
FN:158,(anonymous_9)
FN:160,(anonymous_10)
FN:180,(anonymous_11)
FN:250,(anonymous_12)
FN:251,(anonymous_13)
FN:268,(anonymous_14)
FN:282,(anonymous_15)
FN:295,(anonymous_16)
FN:318,(anonymous_17)
FN:339,(anonymous_18)
FN:401,(anonymous_19)
FN:423,(anonymous_20)
FN:425,(anonymous_21)
FN:430,(anonymous_22)
FN:432,(anonymous_23)
FN:451,(anonymous_24)
FN:477,(anonymous_25)
FN:482,(anonymous_26)
FN:488,(anonymous_27)
FN:490,(anonymous_28)
FN:498,(anonymous_29)
FN:500,(anonymous_30)
FN:503,(anonymous_31)
FN:505,(anonymous_32)
FN:515,(anonymous_33)
FN:539,(anonymous_34)
FN:541,(anonymous_35)
FNF:36
FNH:1
FNDA:0,(anonymous_0)
FNDA:0,(anonymous_1)
FNDA:10,(anonymous_2)
FNDA:0,(anonymous_3)
FNDA:0,(anonymous_4)
FNDA:0,(anonymous_5)
FNDA:0,(anonymous_6)
FNDA:0,(anonymous_7)
FNDA:0,(anonymous_8)
FNDA:0,(anonymous_9)
FNDA:0,(anonymous_10)
FNDA:0,(anonymous_11)
FNDA:0,(anonymous_12)
FNDA:0,(anonymous_13)
FNDA:0,(anonymous_14)
FNDA:0,(anonymous_15)
FNDA:0,(anonymous_16)
FNDA:0,(anonymous_17)
FNDA:0,(anonymous_18)
FNDA:0,(anonymous_19)
FNDA:0,(anonymous_20)
FNDA:0,(anonymous_21)
FNDA:0,(anonymous_22)
FNDA:0,(anonymous_23)
FNDA:0,(anonymous_24)
FNDA:0,(anonymous_25)
FNDA:0,(anonymous_26)
FNDA:0,(anonymous_27)
FNDA:0,(anonymous_28)
FNDA:0,(anonymous_29)
FNDA:0,(anonymous_30)
FNDA:0,(anonymous_31)
FNDA:0,(anonymous_32)
FNDA:0,(anonymous_33)
FNDA:0,(anonymous_34)
FNDA:0,(anonymous_35)
DA:6,2
DA:7,2
DA:9,2
DA:10,10
DA:11,10
DA:12,8
DA:13,6
DA:14,6
DA:15,6
DA:16,6
DA:17,6
DA:18,6
DA:19,6
DA:20,6
DA:21,6
DA:22,6
DA:23,6
DA:27,2
DA:29,0
DA:30,0
DA:31,0
DA:32,0
DA:33,0
DA:34,0
DA:35,0
DA:36,0
DA:38,0
DA:39,0
DA:40,0
DA:41,0
DA:42,0
DA:43,0
DA:44,0
DA:46,0
DA:49,2
DA:50,0
DA:51,0
DA:52,0
DA:53,0
DA:54,0
DA:55,0
DA:56,0
DA:57,0
DA:58,0
DA:59,0
DA:60,0
DA:63,2
DA:64,0
DA:66,0
DA:67,0
DA:68,0
DA:70,0
DA:71,0
DA:72,0
DA:73,0
DA:74,0
DA:76,0
DA:77,0
DA:78,0
DA:80,0
DA:81,0
DA:82,0
DA:83,0
DA:84,0
DA:85,0
DA:86,0
DA:87,0
DA:88,0
DA:89,0
DA:91,0
DA:92,0
DA:93,0
DA:94,0
DA:95,0
DA:96,0
DA:97,0
DA:98,0
DA:99,0
DA:101,0
DA:102,0
DA:103,0
DA:105,0
DA:106,0
DA:107,0
DA:109,0
DA:110,0
DA:111,0
DA:113,0
DA:114,0
DA:115,0
DA:117,0
DA:118,0
DA:119,0
DA:120,0
DA:121,0
DA:122,0
DA:123,0
DA:124,0
DA:125,0
DA:126,0
DA:127,0
DA:128,0
DA:129,0
DA:130,0
DA:131,0
DA:132,0
DA:133,0
DA:134,0
DA:135,0
DA:136,0
DA:137,0
DA:138,0
DA:140,0
DA:141,0
DA:142,0
DA:143,0
DA:144,0
DA:145,0
DA:146,0
DA:147,0
DA:149,0
DA:152,0
DA:153,0
DA:155,0
DA:158,2
DA:159,0
DA:160,0
DA:163,0
DA:164,0
DA:167,0
DA:168,0
DA:169,0
DA:170,0
DA:171,0
DA:172,0
DA:173,0
DA:177,0
DA:178,0
DA:180,0
DA:181,0
DA:182,0
DA:183,0
DA:184,0
DA:185,0
DA:186,0
DA:187,0
DA:188,0
DA:191,0
DA:192,0
DA:193,0
DA:194,0
DA:198,0
DA:199,0
DA:200,0
DA:202,0
DA:203,0
DA:204,0
DA:206,0
DA:207,0
DA:208,0
DA:210,0
DA:211,0
DA:212,0
DA:213,0
DA:214,0
DA:215,0
DA:216,0
DA:217,0
DA:218,0
DA:219,0
DA:220,0
DA:221,0
DA:222,0
DA:223,0
DA:224,0
DA:225,0
DA:226,0
DA:227,0
DA:228,0
DA:229,0
DA:231,0
DA:232,0
DA:233,0
DA:234,0
DA:235,0
DA:238,0
DA:239,0
DA:240,0
DA:241,0
DA:242,0
DA:246,0
DA:247,0
DA:250,2
DA:251,0
DA:252,0
DA:253,0
DA:255,0
DA:256,0
DA:257,0
DA:258,0
DA:268,2
DA:269,0
DA:270,0
DA:271,0
DA:272,0
DA:273,0
DA:274,0
DA:275,0
DA:276,0
DA:277,0
DA:278,0
DA:279,0
DA:282,2
DA:283,0
DA:284,0
DA:285,0
DA:286,0
DA:287,0
DA:288,0
DA:289,0
DA:290,0
DA:291,0
DA:292,0
DA:295,2
DA:296,0
DA:297,0
DA:298,0
DA:299,0
DA:300,0
DA:301,0
DA:302,0
DA:303,0
DA:304,0
DA:305,0
DA:306,0
DA:307,0
DA:308,0
DA:309,0
DA:310,0
DA:311,0
DA:312,0
DA:313,0
DA:314,0
DA:315,0
DA:318,2
DA:319,0
DA:320,0
DA:321,0
DA:322,0
DA:323,0
DA:324,0
DA:328,0
DA:330,0
DA:331,0
DA:339,2
DA:340,0
DA:343,0
DA:344,0
DA:347,0
DA:348,0
DA:350,0
DA:354,0
DA:356,0
DA:357,0
DA:358,0
DA:359,0
DA:360,0
DA:362,0
DA:363,0
DA:365,0
DA:368,0
DA:369,0
DA:371,0
DA:375,0
DA:376,0
DA:377,0
DA:378,0
DA:379,0
DA:380,0
DA:382,0
DA:384,0
DA:387,0
DA:389,0
DA:393,0
DA:394,0
DA:395,0
DA:396,0
DA:401,2
DA:409,0
DA:410,0
DA:411,0
DA:412,0
DA:413,0
DA:414,0
DA:416,0
DA:417,0
DA:419,0
DA:420,0
DA:423,2
DA:424,0
DA:425,0
DA:426,0
DA:430,2
DA:431,0
DA:432,0
DA:433,0
DA:434,0
DA:435,0
DA:436,0
DA:437,0
DA:438,0
DA:439,0
DA:440,0
DA:441,0
DA:442,0
DA:445,0
DA:451,2
DA:452,0
DA:453,0
DA:454,0
DA:455,0
DA:456,0
DA:458,0
DA:459,0
DA:460,0
DA:461,0
DA:462,0
DA:463,0
DA:464,0
DA:469,0
DA:470,0
DA:472,0
DA:473,0
DA:477,2
DA:478,0
DA:479,0
DA:482,2
DA:483,0
DA:484,0
DA:485,0
DA:488,0
DA:490,0
DA:491,0
DA:492,0
DA:493,0
DA:494,0
DA:495,0
DA:498,0
DA:499,0
DA:500,0
DA:503,0
DA:504,0
DA:505,0
DA:508,0
DA:509,0
DA:510,0
DA:511,0
DA:515,2
DA:517,0
DA:518,0
DA:519,0
DA:527,0
DA:529,0
DA:530,0
DA:533,0
DA:534,0
DA:535,0
DA:536,0
DA:537,0
DA:538,0
DA:539,0
DA:540,0
DA:541,0
DA:542,0
DA:545,0
LF:375
LH:34
BRDA:11,0,0,2
BRDA:11,0,1,8
BRDA:11,1,0,10
BRDA:11,1,1,8
BRDA:12,2,0,2
BRDA:12,2,1,6
BRDA:19,3,0,3
BRDA:19,3,1,3
BRDA:20,4,0,3
BRDA:20,4,1,3
BRDA:21,5,0,5
BRDA:21,5,1,1
BRDA:21,6,0,6
BRDA:21,6,1,1
BRDA:21,6,2,0
BRDA:23,7,0,2
BRDA:23,7,1,4
BRDA:34,8,0,0
BRDA:34,8,1,0
BRDA:36,9,0,0
BRDA:36,9,1,0
BRDA:64,10,0,0
BRDA:64,10,1,0
BRDA:67,11,0,0
BRDA:67,11,1,0
BRDA:71,12,0,0
BRDA:71,12,1,0
BRDA:87,13,0,0
BRDA:87,13,1,0
BRDA:107,14,0,0
BRDA:107,14,1,0
BRDA:111,15,0,0
BRDA:111,15,1,0
BRDA:115,16,0,0
BRDA:115,16,1,0
BRDA:160,17,0,0
BRDA:160,17,1,0
BRDA:167,18,0,0
BRDA:167,18,1,0
BRDA:182,19,0,0
BRDA:182,19,1,0
BRDA:183,20,0,0
BRDA:183,20,1,0
BRDA:186,21,0,0
BRDA:186,21,1,0
BRDA:188,22,0,0
BRDA:188,22,1,0
BRDA:191,23,0,0
BRDA:191,23,1,0
BRDA:192,24,0,0
BRDA:192,24,1,0
BRDA:193,25,0,0
BRDA:193,25,1,0
BRDA:193,26,0,0
BRDA:193,26,1,0
BRDA:212,27,0,0
BRDA:212,27,1,0
BRDA:256,28,0,0
BRDA:256,28,1,0
BRDA:261,29,0,0
BRDA:261,29,1,0
BRDA:288,30,0,0
BRDA:288,30,1,0
BRDA:289,31,0,0
BRDA:289,31,1,0
BRDA:290,32,0,0
BRDA:290,32,1,0
BRDA:321,33,0,0
BRDA:321,33,1,0
BRDA:321,34,0,0
BRDA:321,34,1,0
BRDA:324,35,0,0
BRDA:324,35,1,0
BRDA:325,36,0,0
BRDA:325,36,1,0
BRDA:340,37,0,0
BRDA:340,37,1,0
BRDA:344,38,0,0
BRDA:344,38,1,0
BRDA:350,39,0,0
BRDA:350,39,1,0
BRDA:354,40,0,0
BRDA:354,40,1,0
BRDA:365,41,0,0
BRDA:365,41,1,0
BRDA:371,42,0,0
BRDA:371,42,1,0
BRDA:384,43,0,0
BRDA:384,43,1,0
BRDA:389,44,0,0
BRDA:389,44,1,0
BRDA:407,45,0,0
BRDA:412,46,0,0
BRDA:412,46,1,0
BRDA:435,47,0,0
BRDA:435,47,1,0
BRDA:435,48,0,0
BRDA:435,48,1,0
BRDA:437,49,0,0
BRDA:437,49,1,0
BRDA:439,50,0,0
BRDA:439,50,1,0
BRDA:439,51,0,0
BRDA:439,51,1,0
BRDA:441,52,0,0
BRDA:441,52,1,0
BRDA:458,53,0,0
BRDA:458,53,1,0
BRDA:459,54,0,0
BRDA:459,54,1,0
BRDA:462,55,0,0
BRDA:462,55,1,0
BRDA:491,56,0,0
BRDA:491,56,1,0
BRDA:492,57,0,0
BRDA:492,57,1,0
BRDA:493,58,0,0
BRDA:493,58,1,0
BRDA:518,59,0,0
BRDA:518,59,1,0
BRDA:518,60,0,0
BRDA:518,60,1,0
BRDA:527,61,0,0
BRDA:527,61,1,0
BRDA:527,62,0,0
BRDA:527,62,1,0
BRDA:529,63,0,0
BRDA:529,63,1,0
BRDA:529,63,2,0
BRDA:533,64,0,0
BRDA:533,64,1,0
BRDA:533,65,0,0
BRDA:533,65,1,0
BRDA:534,66,0,0
BRDA:534,66,1,0
BRDA:534,67,0,0
BRDA:534,67,1,0
BRDA:535,68,0,0
BRDA:535,68,1,0
BRDA:536,69,0,0
BRDA:536,69,1,0
BRDA:545,70,0,0
BRDA:545,70,1,0
BRF:143
BRH:16
end_of_record
TN:
SF:utils.js
FN:2,(anonymous_0)
FN:5,(anonymous_1)
FN:14,(anonymous_2)
FN:14,(anonymous_3)
FN:22,(anonymous_4)
FNF:5
FNH:0
FNDA:0,(anonymous_0)
FNDA:0,(anonymous_1)
FNDA:0,(anonymous_2)
FNDA:0,(anonymous_3)
FNDA:0,(anonymous_4)
DA:2,2
DA:5,2
DA:6,0
DA:7,0
DA:9,0
DA:14,2
DA:22,2
DA:23,0
DA:24,0
DA:25,0
LF:10
LH:4
BRDA:5,0,0,0
BRF:1
BRH:0
end_of_record
